2024-05-01 13:07:59 0 [Note] Starting MariaDB 10.4.32-MariaDB source revision c4143f909528e3fab0677a28631d10389354c491 as process 16580
2024-05-01 13:07:59 0 [Note] InnoDB: Mutexes and rw_locks use Windows interlocked functions
2024-05-01 13:07:59 0 [Note] InnoDB: Uses event mutexes
2024-05-01 13:07:59 0 [Note] InnoDB: Compressed tables use zlib 1.3
2024-05-01 13:07:59 0 [Note] InnoDB: Number of pools: 1
2024-05-01 13:07:59 0 [Note] InnoDB: Using SSE2 crc32 instructions
2024-05-01 13:07:59 0 [Note] InnoDB: Initializing buffer pool, total size = 16M, instances = 1, chunk size = 16M
2024-05-01 13:07:59 0 [Note] InnoDB: Completed initialization of buffer pool
2024-05-01 13:07:59 0 [Note] InnoDB: Starting crash recovery from checkpoint LSN=300288
2024-05-01 13:08:00 0 [Note] InnoDB: 128 out of 128 rollback segments are active.
2024-05-01 13:08:00 0 [Note] InnoDB: Removed temporary tablespace data file: "ibtmp1"
2024-05-01 13:08:00 0 [Note] InnoDB: Creating shared tablespace for temporary tables
2024-05-01 13:08:00 0 [Note] InnoDB: Setting file 'C:\Users\kotha\Desktop\SE\Xamp\mysql\data\ibtmp1' size to 12 MB. Physically writing the file full; Please wait ...
2024-05-01 13:08:00 0 [Note] InnoDB: File 'C:\Users\kotha\Desktop\SE\Xamp\mysql\data\ibtmp1' size is now 12 MB.
2024-05-01 13:08:00 0 [Note] InnoDB: Waiting for purge to start
2024-05-01 13:08:00 0 [Note] InnoDB: 10.4.32 started; log sequence number 300297; transaction id 170
2024-05-01 13:08:00 0 [Note] InnoDB: Loading buffer pool(s) from C:\Users\kotha\Desktop\SE\Xamp\mysql\data\ib_buffer_pool
2024-05-01 13:08:00 0 [Note] Plugin 'FEEDBACK' is disabled.
2024-05-01 13:08:00 0 [Note] Server socket created on IP: '::'.
2024-05-01 13:08:00 0 [ERROR] Can't start server: Bind on TCP/IP port. Got error: 10048: Only one usage of each socket address (protocol/network address/port) is normally permitted.

2024-05-01 13:08:00 0 [ERROR] Do you already have another mysqld server running on port: 3306 ?
2024-05-01 13:08:00 0 [ERROR] Aborting
2024-05-01 13:09:33 0 [Note] Starting MariaDB 10.4.32-MariaDB source revision c4143f909528e3fab0677a28631d10389354c491 as process 4884
2024-05-01 13:09:33 0 [Note] InnoDB: Mutexes and rw_locks use Windows interlocked functions
2024-05-01 13:09:33 0 [Note] InnoDB: Uses event mutexes
2024-05-01 13:09:33 0 [Note] InnoDB: Compressed tables use zlib 1.3
2024-05-01 13:09:33 0 [Note] InnoDB: Number of pools: 1
2024-05-01 13:09:33 0 [Note] InnoDB: Using SSE2 crc32 instructions
2024-05-01 13:09:33 0 [Note] InnoDB: Initializing buffer pool, total size = 16M, instances = 1, chunk size = 16M
2024-05-01 13:09:33 0 [Note] InnoDB: Completed initialization of buffer pool
2024-05-01 13:09:33 0 [Note] InnoDB: 128 out of 128 rollback segments are active.
2024-05-01 13:09:33 0 [Note] InnoDB: Creating shared tablespace for temporary tables
2024-05-01 13:09:33 0 [Note] InnoDB: Setting file 'C:\Users\kotha\Desktop\SE\Xamp\mysql\data\ibtmp1' size to 12 MB. Physically writing the file full; Please wait ...
2024-05-01 13:09:33 0 [Note] InnoDB: File 'C:\Users\kotha\Desktop\SE\Xamp\mysql\data\ibtmp1' size is now 12 MB.
2024-05-01 13:09:33 0 [Note] InnoDB: Waiting for purge to start
2024-05-01 13:09:33 0 [Note] InnoDB: 10.4.32 started; log sequence number 300306; transaction id 170
2024-05-01 13:09:33 0 [Note] Plugin 'FEEDBACK' is disabled.
2024-05-01 13:09:33 0 [Note] InnoDB: Loading buffer pool(s) from C:\Users\kotha\Desktop\SE\Xamp\mysql\data\ib_buffer_pool
2024-05-01 13:09:33 0 [Note] Server socket created on IP: '::'.
2024-05-01 16:08:46 0 [Note] Starting MariaDB 10.4.32-MariaDB source revision c4143f909528e3fab0677a28631d10389354c491 as process 18112
2024-05-01 16:08:46 0 [Note] InnoDB: Mutexes and rw_locks use Windows interlocked functions
2024-05-01 16:08:46 0 [Note] InnoDB: Uses event mutexes
2024-05-01 16:08:46 0 [Note] InnoDB: Compressed tables use zlib 1.3
2024-05-01 16:08:46 0 [Note] InnoDB: Number of pools: 1
2024-05-01 16:08:46 0 [Note] InnoDB: Using SSE2 crc32 instructions
2024-05-01 16:08:46 0 [Note] InnoDB: Initializing buffer pool, total size = 16M, instances = 1, chunk size = 16M
2024-05-01 16:08:46 0 [Note] InnoDB: Completed initialization of buffer pool
2024-05-01 16:08:46 0 [Note] InnoDB: Starting crash recovery from checkpoint LSN=320960
2024-05-01 16:08:46 0 [Note] InnoDB: 128 out of 128 rollback segments are active.
2024-05-01 16:08:46 0 [Note] InnoDB: Removed temporary tablespace data file: "ibtmp1"
2024-05-01 16:08:46 0 [Note] InnoDB: Creating shared tablespace for temporary tables
2024-05-01 16:08:46 0 [Note] InnoDB: Setting file 'C:\Users\kotha\Desktop\SE\Xamp\mysql\data\ibtmp1' size to 12 MB. Physically writing the file full; Please wait ...
2024-05-01 16:08:46 0 [Note] InnoDB: File 'C:\Users\kotha\Desktop\SE\Xamp\mysql\data\ibtmp1' size is now 12 MB.
2024-05-01 16:08:46 0 [Note] InnoDB: Waiting for purge to start
2024-05-01 16:08:46 0 [Note] InnoDB: 10.4.32 started; log sequence number 320969; transaction id 241
2024-05-01 16:08:46 0 [Note] InnoDB: Loading buffer pool(s) from C:\Users\kotha\Desktop\SE\Xamp\mysql\data\ib_buffer_pool
2024-05-01 16:08:46 0 [Note] Plugin 'FEEDBACK' is disabled.
2024-05-01 16:08:46 0 [Note] Server socket created on IP: '::'.
2024-05-01 20:54:01 0 [Note] Starting MariaDB 10.4.32-MariaDB source revision c4143f909528e3fab0677a28631d10389354c491 as process 18812
2024-05-01 20:54:01 0 [Note] mysqld.exe: Aria engine: starting recovery
recovered pages: 0% 100% (0.0 seconds); tables to flush: 1 0
 (0.0 seconds); 
2024-05-01 20:54:01 0 [Note] mysqld.exe: Aria engine: recovery done
2024-05-01 20:54:01 0 [Note] InnoDB: Mutexes and rw_locks use Windows interlocked functions
2024-05-01 20:54:01 0 [Note] InnoDB: Uses event mutexes
2024-05-01 20:54:01 0 [Note] InnoDB: Compressed tables use zlib 1.3
2024-05-01 20:54:01 0 [Note] InnoDB: Number of pools: 1
2024-05-01 20:54:01 0 [Note] InnoDB: Using SSE2 crc32 instructions
2024-05-01 20:54:01 0 [Note] InnoDB: Initializing buffer pool, total size = 16M, instances = 1, chunk size = 16M
2024-05-01 20:54:01 0 [Note] InnoDB: Completed initialization of buffer pool
2024-05-01 20:54:01 0 [Note] InnoDB: Starting crash recovery from checkpoint LSN=328294
2024-05-01 20:54:01 0 [Note] InnoDB: 128 out of 128 rollback segments are active.
2024-05-01 20:54:01 0 [Note] InnoDB: Removed temporary tablespace data file: "ibtmp1"
2024-05-01 20:54:01 0 [Note] InnoDB: Creating shared tablespace for temporary tables
2024-05-01 20:54:01 0 [Note] InnoDB: Setting file 'C:\Users\kotha\Desktop\SE\Xamp\mysql\data\ibtmp1' size to 12 MB. Physically writing the file full; Please wait ...
2024-05-01 20:54:01 0 [Note] InnoDB: File 'C:\Users\kotha\Desktop\SE\Xamp\mysql\data\ibtmp1' size is now 12 MB.
2024-05-01 20:54:01 0 [Note] InnoDB: Waiting for purge to start
2024-05-01 20:54:01 0 [Note] InnoDB: 10.4.32 started; log sequence number 328303; transaction id 304
2024-05-01 20:54:01 0 [Note] InnoDB: Loading buffer pool(s) from C:\Users\kotha\Desktop\SE\Xamp\mysql\data\ib_buffer_pool
2024-05-01 20:54:01 0 [Note] Plugin 'FEEDBACK' is disabled.
2024-05-01 20:54:01 0 [Note] Server socket created on IP: '::'.
2024-05-02  4:43:06 0 [Note] Starting MariaDB 10.4.32-MariaDB source revision c4143f909528e3fab0677a28631d10389354c491 as process 23168
2024-05-02  4:43:06 0 [Note] Starting MariaDB 10.4.32-MariaDB source revision c4143f909528e3fab0677a28631d10389354c491 as process 10416
2024-05-02  4:43:06 0 [Note] InnoDB: Mutexes and rw_locks use Windows interlocked functions
2024-05-02  4:43:06 0 [Note] InnoDB: Uses event mutexes
2024-05-02  4:43:06 0 [Note] InnoDB: Compressed tables use zlib 1.3
2024-05-02  4:43:06 0 [Note] InnoDB: Number of pools: 1
2024-05-02  4:43:06 0 [Note] InnoDB: Using SSE2 crc32 instructions
2024-05-02  4:43:06 0 [Note] InnoDB: Initializing buffer pool, total size = 16M, instances = 1, chunk size = 16M
2024-05-02  4:43:06 0 [Note] InnoDB: Completed initialization of buffer pool
2024-05-02  4:43:06 0 [ERROR] InnoDB: The innodb_system data file 'ibdata1' must be writable
2024-05-02  4:43:06 0 [ERROR] InnoDB: The innodb_system data file 'ibdata1' must be writable
2024-05-02  4:43:06 0 [ERROR] Plugin 'InnoDB' registration as a STORAGE ENGINE failed.
2024-05-02  4:43:06 0 [Note] Plugin 'FEEDBACK' is disabled.
2024-05-02  4:43:06 0 [Note] InnoDB: Starting crash recovery from checkpoint LSN=329252
2024-05-02  4:43:06 0 [ERROR] Unknown/unsupported storage engine: InnoDB
2024-05-02  4:43:06 0 [ERROR] Aborting
2024-05-02  4:43:06 0 [Note] Starting MariaDB 10.4.32-MariaDB source revision c4143f909528e3fab0677a28631d10389354c491 as process 16408
2024-05-02  4:43:06 0 [ERROR] InnoDB: The innodb_system data file 'ibdata1' must be writable
2024-05-02  4:43:06 0 [ERROR] InnoDB: The innodb_system data file 'ibdata1' must be writable
2024-05-02  4:43:06 0 [ERROR] Plugin 'InnoDB' registration as a STORAGE ENGINE failed.
2024-05-02  4:43:06 0 [Note] Plugin 'FEEDBACK' is disabled.
2024-05-02  4:43:06 0 [ERROR] Unknown/unsupported storage engine: InnoDB
2024-05-02  4:43:06 0 [ERROR] Aborting
2024-05-02  4:43:06 0 [Note] InnoDB: Starting final batch to recover 1 pages from redo log.
2024-05-02  4:43:06 0 [Note] InnoDB: 128 out of 128 rollback segments are active.
2024-05-02  4:43:06 0 [Note] InnoDB: Removed temporary tablespace data file: "ibtmp1"
2024-05-02  4:43:06 0 [Note] InnoDB: Creating shared tablespace for temporary tables
2024-05-02  4:43:06 0 [Note] InnoDB: Setting file 'C:\Users\kotha\Desktop\SE\Xamp\mysql\data\ibtmp1' size to 12 MB. Physically writing the file full; Please wait ...
2024-05-02  4:43:06 0 [Note] InnoDB: File 'C:\Users\kotha\Desktop\SE\Xamp\mysql\data\ibtmp1' size is now 12 MB.
2024-05-02  4:43:06 0 [Note] InnoDB: Waiting for purge to start
2024-05-02  4:43:07 0 [Note] InnoDB: 10.4.32 started; log sequence number 329299; transaction id 331
2024-05-02  4:43:07 0 [Note] InnoDB: Loading buffer pool(s) from C:\Users\kotha\Desktop\SE\Xamp\mysql\data\ib_buffer_pool
2024-05-02  4:43:07 0 [Note] Plugin 'FEEDBACK' is disabled.
2024-05-02  4:43:07 0 [Note] Server socket created on IP: '::'.
2024-05-02  4:43:12 0 [Note] Starting MariaDB 10.4.32-MariaDB source revision c4143f909528e3fab0677a28631d10389354c491 as process 13220
2024-05-02  4:43:12 0 [Note] InnoDB: Mutexes and rw_locks use Windows interlocked functions
2024-05-02  4:43:12 0 [Note] InnoDB: Uses event mutexes
2024-05-02  4:43:12 0 [Note] InnoDB: Compressed tables use zlib 1.3
2024-05-02  4:43:12 0 [Note] InnoDB: Number of pools: 1
2024-05-02  4:43:12 0 [Note] InnoDB: Using SSE2 crc32 instructions
2024-05-02  4:43:12 0 [Note] InnoDB: Initializing buffer pool, total size = 16M, instances = 1, chunk size = 16M
2024-05-02  4:43:12 0 [Note] InnoDB: Completed initialization of buffer pool
2024-05-02  4:43:12 0 [Note] InnoDB: 128 out of 128 rollback segments are active.
2024-05-02  4:43:12 0 [Note] InnoDB: Creating shared tablespace for temporary tables
2024-05-02  4:43:12 0 [Note] InnoDB: Setting file 'C:\Users\kotha\Desktop\SE\Xamp\mysql\data\ibtmp1' size to 12 MB. Physically writing the file full; Please wait ...
2024-05-02  4:43:12 0 [Note] InnoDB: File 'C:\Users\kotha\Desktop\SE\Xamp\mysql\data\ibtmp1' size is now 12 MB.
2024-05-02  4:43:12 0 [Note] InnoDB: Waiting for purge to start
2024-05-02  4:43:12 0 [Note] InnoDB: 10.4.32 started; log sequence number 329393; transaction id 331
2024-05-02  4:43:12 0 [Note] InnoDB: Loading buffer pool(s) from C:\Users\kotha\Desktop\SE\Xamp\mysql\data\ib_buffer_pool
2024-05-02  4:43:12 0 [Note] Plugin 'FEEDBACK' is disabled.
2024-05-02  4:43:12 0 [Note] Server socket created on IP: '::'.
2024-05-02  4:43:38 0 [Note] Starting MariaDB 10.4.32-MariaDB source revision c4143f909528e3fab0677a28631d10389354c491 as process 15012
2024-05-02  4:43:38 0 [Note] InnoDB: Mutexes and rw_locks use Windows interlocked functions
2024-05-02  4:43:38 0 [Note] InnoDB: Uses event mutexes
2024-05-02  4:43:38 0 [Note] InnoDB: Compressed tables use zlib 1.3
2024-05-02  4:43:38 0 [Note] InnoDB: Number of pools: 1
2024-05-02  4:43:38 0 [Note] InnoDB: Using SSE2 crc32 instructions
2024-05-02  4:43:38 0 [Note] InnoDB: Initializing buffer pool, total size = 16M, instances = 1, chunk size = 16M
2024-05-02  4:43:38 0 [Note] InnoDB: Completed initialization of buffer pool
2024-05-02  4:43:38 0 [Note] InnoDB: 128 out of 128 rollback segments are active.
2024-05-02  4:43:38 0 [Note] InnoDB: Creating shared tablespace for temporary tables
2024-05-02  4:43:38 0 [Note] InnoDB: Setting file 'C:\Users\kotha\Desktop\SE\Xamp\mysql\data\ibtmp1' size to 12 MB. Physically writing the file full; Please wait ...
2024-05-02  4:43:38 0 [Note] InnoDB: File 'C:\Users\kotha\Desktop\SE\Xamp\mysql\data\ibtmp1' size is now 12 MB.
2024-05-02  4:43:38 0 [Note] InnoDB: Waiting for purge to start
2024-05-02  4:43:38 0 [Note] InnoDB: 10.4.32 started; log sequence number 329402; transaction id 331
2024-05-02  4:43:38 0 [Note] InnoDB: Loading buffer pool(s) from C:\Users\kotha\Desktop\SE\Xamp\mysql\data\ib_buffer_pool
2024-05-02  4:43:38 0 [Note] Plugin 'FEEDBACK' is disabled.
2024-05-02  4:43:38 0 [Note] Server socket created on IP: '::'.
2024-05-02  4:43:42 0 [Note] Starting MariaDB 10.4.32-MariaDB source revision c4143f909528e3fab0677a28631d10389354c491 as process 26056
2024-05-02  4:43:42 0 [Note] InnoDB: Mutexes and rw_locks use Windows interlocked functions
2024-05-02  4:43:42 0 [Note] InnoDB: Uses event mutexes
2024-05-02  4:43:42 0 [Note] InnoDB: Compressed tables use zlib 1.3
2024-05-02  4:43:42 0 [Note] InnoDB: Number of pools: 1
2024-05-02  4:43:42 0 [Note] InnoDB: Using SSE2 crc32 instructions
2024-05-02  4:43:42 0 [Note] InnoDB: Initializing buffer pool, total size = 16M, instances = 1, chunk size = 16M
2024-05-02  4:43:42 0 [Note] InnoDB: Completed initialization of buffer pool
2024-05-02  4:43:42 0 [Note] InnoDB: 128 out of 128 rollback segments are active.
2024-05-02  4:43:42 0 [Note] InnoDB: Creating shared tablespace for temporary tables
2024-05-02  4:43:42 0 [Note] InnoDB: Setting file 'C:\Users\kotha\Desktop\SE\Xamp\mysql\data\ibtmp1' size to 12 MB. Physically writing the file full; Please wait ...
2024-05-02  4:43:42 0 [Note] InnoDB: File 'C:\Users\kotha\Desktop\SE\Xamp\mysql\data\ibtmp1' size is now 12 MB.
2024-05-02  4:43:42 0 [Note] InnoDB: Waiting for purge to start
2024-05-02  4:43:42 0 [Note] InnoDB: 10.4.32 started; log sequence number 329411; transaction id 331
2024-05-02  4:43:42 0 [Note] InnoDB: Loading buffer pool(s) from C:\Users\kotha\Desktop\SE\Xamp\mysql\data\ib_buffer_pool
2024-05-02  4:43:42 0 [Note] Plugin 'FEEDBACK' is disabled.
2024-05-02  4:43:42 0 [Note] Server socket created on IP: '::'.
2024-05-02  4:43:50 0 [Note] Starting MariaDB 10.4.32-MariaDB source revision c4143f909528e3fab0677a28631d10389354c491 as process 3040
2024-05-02  4:43:50 0 [Note] InnoDB: Mutexes and rw_locks use Windows interlocked functions
2024-05-02  4:43:50 0 [Note] InnoDB: Uses event mutexes
2024-05-02  4:43:50 0 [Note] InnoDB: Compressed tables use zlib 1.3
2024-05-02  4:43:50 0 [Note] InnoDB: Number of pools: 1
2024-05-02  4:43:50 0 [Note] InnoDB: Using SSE2 crc32 instructions
2024-05-02  4:43:50 0 [Note] InnoDB: Initializing buffer pool, total size = 16M, instances = 1, chunk size = 16M
2024-05-02  4:43:50 0 [Note] InnoDB: Completed initialization of buffer pool
2024-05-02  4:43:50 0 [Note] InnoDB: 128 out of 128 rollback segments are active.
2024-05-02  4:43:50 0 [Note] InnoDB: Creating shared tablespace for temporary tables
2024-05-02  4:43:50 0 [Note] InnoDB: Setting file 'C:\Users\kotha\Desktop\SE\Xamp\mysql\data\ibtmp1' size to 12 MB. Physically writing the file full; Please wait ...
2024-05-02  4:43:50 0 [Note] InnoDB: File 'C:\Users\kotha\Desktop\SE\Xamp\mysql\data\ibtmp1' size is now 12 MB.
2024-05-02  4:43:50 0 [Note] InnoDB: Waiting for purge to start
2024-05-02  4:43:50 0 [Note] InnoDB: 10.4.32 started; log sequence number 329420; transaction id 331
2024-05-02  4:43:50 0 [Note] Plugin 'FEEDBACK' is disabled.
2024-05-02  4:43:50 0 [Note] InnoDB: Loading buffer pool(s) from C:\Users\kotha\Desktop\SE\Xamp\mysql\data\ib_buffer_pool
2024-05-02  4:43:50 0 [Note] Server socket created on IP: '::'.
2024-05-02  4:44:45 0 [Note] Starting MariaDB 10.4.32-MariaDB source revision c4143f909528e3fab0677a28631d10389354c491 as process 25284
2024-05-02  4:44:45 0 [Note] InnoDB: Mutexes and rw_locks use Windows interlocked functions
2024-05-02  4:44:45 0 [Note] InnoDB: Uses event mutexes
2024-05-02  4:44:45 0 [Note] InnoDB: Compressed tables use zlib 1.3
2024-05-02  4:44:45 0 [Note] InnoDB: Number of pools: 1
2024-05-02  4:44:45 0 [Note] InnoDB: Using SSE2 crc32 instructions
2024-05-02  4:44:45 0 [Note] InnoDB: Initializing buffer pool, total size = 16M, instances = 1, chunk size = 16M
2024-05-02  4:44:45 0 [Note] InnoDB: Completed initialization of buffer pool
2024-05-02  4:44:45 0 [Note] InnoDB: 128 out of 128 rollback segments are active.
2024-05-02  4:44:45 0 [Note] InnoDB: Creating shared tablespace for temporary tables
2024-05-02  4:44:45 0 [Note] InnoDB: Setting file 'C:\Users\kotha\Desktop\SE\Xamp\mysql\data\ibtmp1' size to 12 MB. Physically writing the file full; Please wait ...
2024-05-02  4:44:45 0 [Note] InnoDB: File 'C:\Users\kotha\Desktop\SE\Xamp\mysql\data\ibtmp1' size is now 12 MB.
2024-05-02  4:44:45 0 [Note] InnoDB: Waiting for purge to start
2024-05-02  4:44:45 0 [Note] InnoDB: 10.4.32 started; log sequence number 329429; transaction id 331
2024-05-02  4:44:45 0 [Note] Plugin 'FEEDBACK' is disabled.
2024-05-02  4:44:45 0 [Note] InnoDB: Loading buffer pool(s) from C:\Users\kotha\Desktop\SE\Xamp\mysql\data\ib_buffer_pool
2024-05-02  4:44:45 0 [Note] Server socket created on IP: '::'.
2024-05-02  4:47:47 0 [Note] Starting MariaDB 10.4.32-MariaDB source revision c4143f909528e3fab0677a28631d10389354c491 as process 26392
2024-05-02  4:47:47 0 [Note] InnoDB: Mutexes and rw_locks use Windows interlocked functions
2024-05-02  4:47:47 0 [Note] InnoDB: Uses event mutexes
2024-05-02  4:47:47 0 [Note] InnoDB: Compressed tables use zlib 1.3
2024-05-02  4:47:47 0 [Note] InnoDB: Number of pools: 1
2024-05-02  4:47:47 0 [Note] InnoDB: Using SSE2 crc32 instructions
2024-05-02  4:47:47 0 [Note] InnoDB: Initializing buffer pool, total size = 16M, instances = 1, chunk size = 16M
2024-05-02  4:47:47 0 [Note] InnoDB: Completed initialization of buffer pool
2024-05-02  4:47:47 0 [Note] InnoDB: 128 out of 128 rollback segments are active.
2024-05-02  4:47:47 0 [Note] InnoDB: Creating shared tablespace for temporary tables
2024-05-02  4:47:47 0 [Note] InnoDB: Setting file 'C:\Users\kotha\Desktop\SE\Xamp\mysql\data\ibtmp1' size to 12 MB. Physically writing the file full; Please wait ...
2024-05-02  4:47:47 0 [Note] InnoDB: File 'C:\Users\kotha\Desktop\SE\Xamp\mysql\data\ibtmp1' size is now 12 MB.
2024-05-02  4:47:47 0 [Note] InnoDB: Waiting for purge to start
2024-05-02  4:47:47 0 [Note] InnoDB: 10.4.32 started; log sequence number 329438; transaction id 331
2024-05-02  4:47:47 0 [Note] InnoDB: Loading buffer pool(s) from C:\Users\kotha\Desktop\SE\Xamp\mysql\data\ib_buffer_pool
2024-05-02  4:47:47 0 [Note] Plugin 'FEEDBACK' is disabled.
2024-05-02  4:47:47 0 [Note] Server socket created on IP: '::'.
2024-05-02  4:48:22 0 [Note] Starting MariaDB 10.4.32-MariaDB source revision c4143f909528e3fab0677a28631d10389354c491 as process 16876
2024-05-02  4:48:22 0 [Note] InnoDB: Mutexes and rw_locks use Windows interlocked functions
2024-05-02  4:48:22 0 [Note] InnoDB: Uses event mutexes
2024-05-02  4:48:22 0 [Note] InnoDB: Compressed tables use zlib 1.3
2024-05-02  4:48:22 0 [Note] InnoDB: Number of pools: 1
2024-05-02  4:48:22 0 [Note] InnoDB: Using SSE2 crc32 instructions
2024-05-02  4:48:22 0 [Note] InnoDB: Initializing buffer pool, total size = 16M, instances = 1, chunk size = 16M
2024-05-02  4:48:22 0 [Note] InnoDB: Completed initialization of buffer pool
2024-05-02  4:48:22 0 [Note] InnoDB: 128 out of 128 rollback segments are active.
2024-05-02  4:48:22 0 [Note] InnoDB: Creating shared tablespace for temporary tables
2024-05-02  4:48:22 0 [Note] InnoDB: Setting file 'C:\Users\kotha\Desktop\SE\Xamp\mysql\data\ibtmp1' size to 12 MB. Physically writing the file full; Please wait ...
2024-05-02  4:48:22 0 [Note] InnoDB: File 'C:\Users\kotha\Desktop\SE\Xamp\mysql\data\ibtmp1' size is now 12 MB.
2024-05-02  4:48:22 0 [Note] InnoDB: Waiting for purge to start
2024-05-02  4:48:22 0 [Note] InnoDB: 10.4.32 started; log sequence number 329447; transaction id 331
2024-05-02  4:48:22 0 [Note] InnoDB: Loading buffer pool(s) from C:\Users\kotha\Desktop\SE\Xamp\mysql\data\ib_buffer_pool
2024-05-02  4:48:22 0 [Note] Plugin 'FEEDBACK' is disabled.
2024-05-02  4:48:22 0 [Note] Server socket created on IP: '::'.
2024-05-02  4:48:25 0 [Note] Starting MariaDB 10.4.32-MariaDB source revision c4143f909528e3fab0677a28631d10389354c491 as process 24540
2024-05-02  4:48:25 0 [Note] InnoDB: Mutexes and rw_locks use Windows interlocked functions
2024-05-02  4:48:25 0 [Note] InnoDB: Uses event mutexes
2024-05-02  4:48:25 0 [Note] InnoDB: Compressed tables use zlib 1.3
2024-05-02  4:48:25 0 [Note] InnoDB: Number of pools: 1
2024-05-02  4:48:25 0 [Note] InnoDB: Using SSE2 crc32 instructions
2024-05-02  4:48:25 0 [Note] InnoDB: Initializing buffer pool, total size = 16M, instances = 1, chunk size = 16M
2024-05-02  4:48:25 0 [Note] InnoDB: Completed initialization of buffer pool
2024-05-02  4:48:25 0 [Note] InnoDB: 128 out of 128 rollback segments are active.
2024-05-02  4:48:25 0 [Note] InnoDB: Creating shared tablespace for temporary tables
2024-05-02  4:48:25 0 [Note] InnoDB: Setting file 'C:\Users\kotha\Desktop\SE\Xamp\mysql\data\ibtmp1' size to 12 MB. Physically writing the file full; Please wait ...
2024-05-02  4:48:25 0 [Note] InnoDB: File 'C:\Users\kotha\Desktop\SE\Xamp\mysql\data\ibtmp1' size is now 12 MB.
2024-05-02  4:48:25 0 [Note] InnoDB: Waiting for purge to start
2024-05-02  4:48:25 0 [Note] InnoDB: 10.4.32 started; log sequence number 329456; transaction id 331
2024-05-02  4:48:25 0 [Note] InnoDB: Loading buffer pool(s) from C:\Users\kotha\Desktop\SE\Xamp\mysql\data\ib_buffer_pool
2024-05-02  4:48:25 0 [Note] Plugin 'FEEDBACK' is disabled.
2024-05-02  4:48:25 0 [Note] Server socket created on IP: '::'.
2024-05-02  4:58:30 0 [Note] Starting MariaDB 10.4.32-MariaDB source revision c4143f909528e3fab0677a28631d10389354c491 as process 19400
2024-05-02  4:58:30 0 [Note] InnoDB: Mutexes and rw_locks use Windows interlocked functions
2024-05-02  4:58:30 0 [Note] InnoDB: Uses event mutexes
2024-05-02  4:58:30 0 [Note] InnoDB: Compressed tables use zlib 1.3
2024-05-02  4:58:30 0 [Note] InnoDB: Number of pools: 1
2024-05-02  4:58:30 0 [Note] InnoDB: Using SSE2 crc32 instructions
2024-05-02  4:58:30 0 [Note] InnoDB: Initializing buffer pool, total size = 16M, instances = 1, chunk size = 16M
2024-05-02  4:58:30 0 [Note] InnoDB: Completed initialization of buffer pool
2024-05-02  4:58:31 0 [Note] InnoDB: 128 out of 128 rollback segments are active.
2024-05-02  4:58:31 0 [Note] InnoDB: Creating shared tablespace for temporary tables
2024-05-02  4:58:31 0 [Note] InnoDB: Setting file 'C:\Users\kotha\Desktop\SE\Xamp\mysql\data\ibtmp1' size to 12 MB. Physically writing the file full; Please wait ...
2024-05-02  4:58:31 0 [Note] InnoDB: File 'C:\Users\kotha\Desktop\SE\Xamp\mysql\data\ibtmp1' size is now 12 MB.
2024-05-02  4:58:31 0 [Note] InnoDB: Waiting for purge to start
2024-05-02  4:58:31 0 [Note] InnoDB: 10.4.32 started; log sequence number 329465; transaction id 331
2024-05-02  4:58:31 0 [Note] InnoDB: Loading buffer pool(s) from C:\Users\kotha\Desktop\SE\Xamp\mysql\data\ib_buffer_pool
2024-05-02  4:58:31 0 [Note] Plugin 'FEEDBACK' is disabled.
2024-05-02  4:58:31 0 [Note] Server socket created on IP: '::'.
2024-05-02  4:58:33 0 [Note] Starting MariaDB 10.4.32-MariaDB source revision c4143f909528e3fab0677a28631d10389354c491 as process 10380
2024-05-02  4:58:33 0 [Note] InnoDB: Mutexes and rw_locks use Windows interlocked functions
2024-05-02  4:58:33 0 [Note] InnoDB: Uses event mutexes
2024-05-02  4:58:33 0 [Note] InnoDB: Compressed tables use zlib 1.3
2024-05-02  4:58:33 0 [Note] InnoDB: Number of pools: 1
2024-05-02  4:58:33 0 [Note] InnoDB: Using SSE2 crc32 instructions
2024-05-02  4:58:33 0 [Note] InnoDB: Initializing buffer pool, total size = 16M, instances = 1, chunk size = 16M
2024-05-02  4:58:33 0 [Note] InnoDB: Completed initialization of buffer pool
2024-05-02  4:58:34 0 [Note] InnoDB: 128 out of 128 rollback segments are active.
2024-05-02  4:58:34 0 [Note] InnoDB: Creating shared tablespace for temporary tables
2024-05-02  4:58:34 0 [Note] InnoDB: Setting file 'C:\Users\kotha\Desktop\SE\Xamp\mysql\data\ibtmp1' size to 12 MB. Physically writing the file full; Please wait ...
2024-05-02  4:58:34 0 [Note] InnoDB: File 'C:\Users\kotha\Desktop\SE\Xamp\mysql\data\ibtmp1' size is now 12 MB.
2024-05-02  4:58:34 0 [Note] InnoDB: Waiting for purge to start
2024-05-02  4:58:34 0 [Note] InnoDB: 10.4.32 started; log sequence number 329474; transaction id 331
2024-05-02  4:58:34 0 [Note] InnoDB: Loading buffer pool(s) from C:\Users\kotha\Desktop\SE\Xamp\mysql\data\ib_buffer_pool
2024-05-02  4:58:34 0 [Note] Plugin 'FEEDBACK' is disabled.
2024-05-02  4:58:34 0 [Note] Server socket created on IP: '::'.
2024-05-02  4:59:30 0 [Note] Starting MariaDB 10.4.32-MariaDB source revision c4143f909528e3fab0677a28631d10389354c491 as process 21004
2024-05-02  4:59:30 0 [Note] InnoDB: Mutexes and rw_locks use Windows interlocked functions
2024-05-02  4:59:30 0 [Note] InnoDB: Uses event mutexes
2024-05-02  4:59:30 0 [Note] InnoDB: Compressed tables use zlib 1.3
2024-05-02  4:59:30 0 [Note] InnoDB: Number of pools: 1
2024-05-02  4:59:30 0 [Note] InnoDB: Using SSE2 crc32 instructions
2024-05-02  4:59:30 0 [Note] InnoDB: Initializing buffer pool, total size = 16M, instances = 1, chunk size = 16M
2024-05-02  4:59:30 0 [Note] InnoDB: Completed initialization of buffer pool
2024-05-02  4:59:30 0 [Note] InnoDB: 128 out of 128 rollback segments are active.
2024-05-02  4:59:30 0 [Note] InnoDB: Creating shared tablespace for temporary tables
2024-05-02  4:59:30 0 [Note] InnoDB: Setting file 'C:\Users\kotha\Desktop\SE\Xamp\mysql\data\ibtmp1' size to 12 MB. Physically writing the file full; Please wait ...
2024-05-02  4:59:30 0 [Note] InnoDB: File 'C:\Users\kotha\Desktop\SE\Xamp\mysql\data\ibtmp1' size is now 12 MB.
2024-05-02  4:59:30 0 [Note] InnoDB: Waiting for purge to start
2024-05-02  4:59:30 0 [Note] Starting MariaDB 10.4.32-MariaDB source revision c4143f909528e3fab0677a28631d10389354c491 as process 2308
2024-05-02  4:59:30 0 [ERROR] InnoDB: The innodb_system data file 'ibdata1' must be writable
2024-05-02  4:59:30 0 [ERROR] InnoDB: The innodb_system data file 'ibdata1' must be writable
2024-05-02  4:59:30 0 [ERROR] Plugin 'InnoDB' registration as a STORAGE ENGINE failed.
2024-05-02  4:59:30 0 [Note] Plugin 'FEEDBACK' is disabled.
2024-05-02  4:59:30 0 [ERROR] Unknown/unsupported storage engine: InnoDB
2024-05-02  4:59:30 0 [ERROR] Aborting
2024-05-02  4:59:30 0 [Note] InnoDB: 10.4.32 started; log sequence number 329483; transaction id 331
2024-05-02  4:59:30 0 [Note] InnoDB: Loading buffer pool(s) from C:\Users\kotha\Desktop\SE\Xamp\mysql\data\ib_buffer_pool
2024-05-02  4:59:30 0 [Note] Plugin 'FEEDBACK' is disabled.
2024-05-02  4:59:30 0 [Note] Server socket created on IP: '::'.
2024-05-02  5:10:08 0 [Note] Starting MariaDB 10.4.32-MariaDB source revision c4143f909528e3fab0677a28631d10389354c491 as process 12296
2024-05-02  5:10:08 0 [Note] InnoDB: Mutexes and rw_locks use Windows interlocked functions
2024-05-02  5:10:08 0 [Note] InnoDB: Uses event mutexes
2024-05-02  5:10:08 0 [Note] InnoDB: Compressed tables use zlib 1.3
2024-05-02  5:10:08 0 [Note] InnoDB: Number of pools: 1
2024-05-02  5:10:08 0 [Note] InnoDB: Using SSE2 crc32 instructions
2024-05-02  5:10:08 0 [Note] InnoDB: Initializing buffer pool, total size = 16M, instances = 1, chunk size = 16M
2024-05-02  5:10:08 0 [Note] InnoDB: Completed initialization of buffer pool
2024-05-02  5:10:08 0 [Note] InnoDB: 128 out of 128 rollback segments are active.
2024-05-02  5:10:08 0 [Note] InnoDB: Creating shared tablespace for temporary tables
2024-05-02  5:10:08 0 [Note] InnoDB: Setting file 'C:\Users\kotha\Desktop\SE\Xamp\mysql\data\ibtmp1' size to 12 MB. Physically writing the file full; Please wait ...
2024-05-02  5:10:08 0 [Note] InnoDB: File 'C:\Users\kotha\Desktop\SE\Xamp\mysql\data\ibtmp1' size is now 12 MB.
2024-05-02  5:10:08 0 [Note] InnoDB: Waiting for purge to start
2024-05-02  5:10:08 0 [Note] InnoDB: 10.4.32 started; log sequence number 329492; transaction id 331
2024-05-02  5:10:08 0 [Note] Plugin 'FEEDBACK' is disabled.
2024-05-02  5:10:08 0 [Note] InnoDB: Loading buffer pool(s) from C:\Users\kotha\Desktop\SE\Xamp\mysql\data\ib_buffer_pool
2024-05-02  5:10:08 0 [Note] Server socket created on IP: '::'.
2024-05-02  5:10:10 0 [Note] Starting MariaDB 10.4.32-MariaDB source revision c4143f909528e3fab0677a28631d10389354c491 as process 8992
2024-05-02  5:10:10 0 [Note] InnoDB: Mutexes and rw_locks use Windows interlocked functions
2024-05-02  5:10:10 0 [Note] InnoDB: Uses event mutexes
2024-05-02  5:10:10 0 [Note] InnoDB: Compressed tables use zlib 1.3
2024-05-02  5:10:10 0 [Note] InnoDB: Number of pools: 1
2024-05-02  5:10:10 0 [Note] InnoDB: Using SSE2 crc32 instructions
2024-05-02  5:10:10 0 [Note] InnoDB: Initializing buffer pool, total size = 16M, instances = 1, chunk size = 16M
2024-05-02  5:10:10 0 [Note] InnoDB: Completed initialization of buffer pool
2024-05-02  5:10:10 0 [Note] InnoDB: 128 out of 128 rollback segments are active.
2024-05-02  5:10:10 0 [Note] InnoDB: Creating shared tablespace for temporary tables
2024-05-02  5:10:10 0 [Note] InnoDB: Setting file 'C:\Users\kotha\Desktop\SE\Xamp\mysql\data\ibtmp1' size to 12 MB. Physically writing the file full; Please wait ...
2024-05-02  5:10:10 0 [Note] InnoDB: File 'C:\Users\kotha\Desktop\SE\Xamp\mysql\data\ibtmp1' size is now 12 MB.
2024-05-02  5:10:10 0 [Note] InnoDB: Waiting for purge to start
2024-05-02  5:10:10 0 [Note] InnoDB: 10.4.32 started; log sequence number 329501; transaction id 331
2024-05-02  5:10:10 0 [Note] InnoDB: Loading buffer pool(s) from C:\Users\kotha\Desktop\SE\Xamp\mysql\data\ib_buffer_pool
2024-05-02  5:10:10 0 [Note] Plugin 'FEEDBACK' is disabled.
2024-05-02  5:10:10 0 [Note] Server socket created on IP: '::'.
2024-05-02  5:10:13 0 [Note] Starting MariaDB 10.4.32-MariaDB source revision c4143f909528e3fab0677a28631d10389354c491 as process 20276
2024-05-02  5:10:13 0 [Note] InnoDB: Mutexes and rw_locks use Windows interlocked functions
2024-05-02  5:10:13 0 [Note] InnoDB: Uses event mutexes
2024-05-02  5:10:13 0 [Note] InnoDB: Compressed tables use zlib 1.3
2024-05-02  5:10:13 0 [Note] InnoDB: Number of pools: 1
2024-05-02  5:10:13 0 [Note] InnoDB: Using SSE2 crc32 instructions
2024-05-02  5:10:13 0 [Note] InnoDB: Initializing buffer pool, total size = 16M, instances = 1, chunk size = 16M
2024-05-02  5:10:13 0 [Note] InnoDB: Completed initialization of buffer pool
2024-05-02  5:10:13 0 [Note] InnoDB: 128 out of 128 rollback segments are active.
2024-05-02  5:10:13 0 [Note] InnoDB: Creating shared tablespace for temporary tables
2024-05-02  5:10:13 0 [Note] InnoDB: Setting file 'C:\Users\kotha\Desktop\SE\Xamp\mysql\data\ibtmp1' size to 12 MB. Physically writing the file full; Please wait ...
2024-05-02  5:10:13 0 [Note] InnoDB: File 'C:\Users\kotha\Desktop\SE\Xamp\mysql\data\ibtmp1' size is now 12 MB.
2024-05-02  5:10:13 0 [Note] InnoDB: Waiting for purge to start
2024-05-02  5:10:14 0 [Note] InnoDB: 10.4.32 started; log sequence number 329510; transaction id 331
2024-05-02  5:10:14 0 [Note] InnoDB: Loading buffer pool(s) from C:\Users\kotha\Desktop\SE\Xamp\mysql\data\ib_buffer_pool
2024-05-02  5:10:14 0 [Note] Plugin 'FEEDBACK' is disabled.
2024-05-02  5:10:14 0 [Note] Server socket created on IP: '::'.
2024-05-02  5:11:28 0 [Note] Starting MariaDB 10.4.32-MariaDB source revision c4143f909528e3fab0677a28631d10389354c491 as process 26520
2024-05-02  5:11:28 0 [Note] InnoDB: Mutexes and rw_locks use Windows interlocked functions
2024-05-02  5:11:28 0 [Note] InnoDB: Uses event mutexes
2024-05-02  5:11:28 0 [Note] InnoDB: Compressed tables use zlib 1.3
2024-05-02  5:11:28 0 [Note] InnoDB: Number of pools: 1
2024-05-02  5:11:28 0 [Note] InnoDB: Using SSE2 crc32 instructions
2024-05-02  5:11:28 0 [Note] InnoDB: Initializing buffer pool, total size = 16M, instances = 1, chunk size = 16M
2024-05-02  5:11:28 0 [Note] InnoDB: Completed initialization of buffer pool
2024-05-02  5:11:28 0 [Note] InnoDB: 128 out of 128 rollback segments are active.
2024-05-02  5:11:28 0 [Note] InnoDB: Creating shared tablespace for temporary tables
2024-05-02  5:11:28 0 [Note] InnoDB: Setting file 'C:\Users\kotha\Desktop\SE\Xamp\mysql\data\ibtmp1' size to 12 MB. Physically writing the file full; Please wait ...
2024-05-02  5:11:28 0 [Note] InnoDB: File 'C:\Users\kotha\Desktop\SE\Xamp\mysql\data\ibtmp1' size is now 12 MB.
2024-05-02  5:11:28 0 [Note] InnoDB: Waiting for purge to start
2024-05-02  5:11:28 0 [Note] InnoDB: 10.4.32 started; log sequence number 329519; transaction id 331
2024-05-02  5:11:28 0 [Note] Plugin 'FEEDBACK' is disabled.
2024-05-02  5:11:28 0 [Note] InnoDB: Loading buffer pool(s) from C:\Users\kotha\Desktop\SE\Xamp\mysql\data\ib_buffer_pool
2024-05-02  5:11:28 0 [Note] Server socket created on IP: '::'.
2024-05-02  5:11:33 0 [Note] Starting MariaDB 10.4.32-MariaDB source revision c4143f909528e3fab0677a28631d10389354c491 as process 26148
2024-05-02  5:11:33 0 [Note] InnoDB: Mutexes and rw_locks use Windows interlocked functions
2024-05-02  5:11:33 0 [Note] InnoDB: Uses event mutexes
2024-05-02  5:11:33 0 [Note] InnoDB: Compressed tables use zlib 1.3
2024-05-02  5:11:33 0 [Note] InnoDB: Number of pools: 1
2024-05-02  5:11:33 0 [Note] InnoDB: Using SSE2 crc32 instructions
2024-05-02  5:11:33 0 [Note] InnoDB: Initializing buffer pool, total size = 16M, instances = 1, chunk size = 16M
2024-05-02  5:11:33 0 [Note] InnoDB: Completed initialization of buffer pool
2024-05-02  5:11:33 0 [Note] InnoDB: 128 out of 128 rollback segments are active.
2024-05-02  5:11:33 0 [Note] InnoDB: Creating shared tablespace for temporary tables
2024-05-02  5:11:33 0 [Note] InnoDB: Setting file 'C:\Users\kotha\Desktop\SE\Xamp\mysql\data\ibtmp1' size to 12 MB. Physically writing the file full; Please wait ...
2024-05-02  5:11:33 0 [Note] InnoDB: File 'C:\Users\kotha\Desktop\SE\Xamp\mysql\data\ibtmp1' size is now 12 MB.
2024-05-02  5:11:33 0 [Note] InnoDB: Waiting for purge to start
2024-05-02  5:11:34 0 [Note] InnoDB: 10.4.32 started; log sequence number 329528; transaction id 331
2024-05-02  5:11:34 0 [Note] InnoDB: Loading buffer pool(s) from C:\Users\kotha\Desktop\SE\Xamp\mysql\data\ib_buffer_pool
2024-05-02  5:11:34 0 [Note] Plugin 'FEEDBACK' is disabled.
2024-05-02  5:11:34 0 [Note] Server socket created on IP: '::'.
2024-05-02  5:11:36 0 [Note] Starting MariaDB 10.4.32-MariaDB source revision c4143f909528e3fab0677a28631d10389354c491 as process 7480
2024-05-02  5:11:36 0 [Note] InnoDB: Mutexes and rw_locks use Windows interlocked functions
2024-05-02  5:11:36 0 [Note] InnoDB: Uses event mutexes
2024-05-02  5:11:36 0 [Note] InnoDB: Compressed tables use zlib 1.3
2024-05-02  5:11:36 0 [Note] InnoDB: Number of pools: 1
2024-05-02  5:11:36 0 [Note] InnoDB: Using SSE2 crc32 instructions
2024-05-02  5:11:36 0 [Note] InnoDB: Initializing buffer pool, total size = 16M, instances = 1, chunk size = 16M
2024-05-02  5:11:36 0 [Note] InnoDB: Completed initialization of buffer pool
2024-05-02  5:11:37 0 [Note] InnoDB: 128 out of 128 rollback segments are active.
2024-05-02  5:11:37 0 [Note] InnoDB: Creating shared tablespace for temporary tables
2024-05-02  5:11:37 0 [Note] InnoDB: Setting file 'C:\Users\kotha\Desktop\SE\Xamp\mysql\data\ibtmp1' size to 12 MB. Physically writing the file full; Please wait ...
2024-05-02  5:11:37 0 [Note] InnoDB: File 'C:\Users\kotha\Desktop\SE\Xamp\mysql\data\ibtmp1' size is now 12 MB.
2024-05-02  5:11:37 0 [Note] InnoDB: Waiting for purge to start
2024-05-02  5:11:37 0 [Note] InnoDB: 10.4.32 started; log sequence number 329537; transaction id 331
2024-05-02  5:11:37 0 [Note] InnoDB: Loading buffer pool(s) from C:\Users\kotha\Desktop\SE\Xamp\mysql\data\ib_buffer_pool
2024-05-02  5:11:37 0 [Note] Plugin 'FEEDBACK' is disabled.
2024-05-02  5:11:37 0 [Note] Server socket created on IP: '::'.
2024-05-02  5:11:55 0 [Note] Starting MariaDB 10.4.32-MariaDB source revision c4143f909528e3fab0677a28631d10389354c491 as process 2612
2024-05-02  5:11:55 0 [Note] InnoDB: Mutexes and rw_locks use Windows interlocked functions
2024-05-02  5:11:55 0 [Note] InnoDB: Uses event mutexes
2024-05-02  5:11:55 0 [Note] InnoDB: Compressed tables use zlib 1.3
2024-05-02  5:11:55 0 [Note] InnoDB: Number of pools: 1
2024-05-02  5:11:55 0 [Note] InnoDB: Using SSE2 crc32 instructions
2024-05-02  5:11:55 0 [Note] InnoDB: Initializing buffer pool, total size = 16M, instances = 1, chunk size = 16M
2024-05-02  5:11:55 0 [Note] InnoDB: Completed initialization of buffer pool
2024-05-02  5:11:55 0 [Note] InnoDB: 128 out of 128 rollback segments are active.
2024-05-02  5:11:55 0 [Note] InnoDB: Creating shared tablespace for temporary tables
2024-05-02  5:11:55 0 [Note] InnoDB: Setting file 'C:\Users\kotha\Desktop\SE\Xamp\mysql\data\ibtmp1' size to 12 MB. Physically writing the file full; Please wait ...
2024-05-02  5:11:55 0 [Note] InnoDB: File 'C:\Users\kotha\Desktop\SE\Xamp\mysql\data\ibtmp1' size is now 12 MB.
2024-05-02  5:11:55 0 [Note] InnoDB: Waiting for purge to start
2024-05-02  5:11:55 0 [Note] InnoDB: 10.4.32 started; log sequence number 329546; transaction id 331
2024-05-02  5:11:55 0 [Note] InnoDB: Loading buffer pool(s) from C:\Users\kotha\Desktop\SE\Xamp\mysql\data\ib_buffer_pool
2024-05-02  5:11:55 0 [Note] Plugin 'FEEDBACK' is disabled.
2024-05-02  5:11:55 0 [Note] Server socket created on IP: '::'.
2024-05-02  5:11:57 0 [Note] Starting MariaDB 10.4.32-MariaDB source revision c4143f909528e3fab0677a28631d10389354c491 as process 24636
2024-05-02  5:11:57 0 [Note] InnoDB: Mutexes and rw_locks use Windows interlocked functions
2024-05-02  5:11:57 0 [Note] InnoDB: Uses event mutexes
2024-05-02  5:11:57 0 [Note] InnoDB: Compressed tables use zlib 1.3
2024-05-02  5:11:57 0 [Note] InnoDB: Number of pools: 1
2024-05-02  5:11:57 0 [Note] InnoDB: Using SSE2 crc32 instructions
2024-05-02  5:11:57 0 [Note] InnoDB: Initializing buffer pool, total size = 16M, instances = 1, chunk size = 16M
2024-05-02  5:11:57 0 [Note] InnoDB: Completed initialization of buffer pool
2024-05-02  5:11:57 0 [Note] InnoDB: 128 out of 128 rollback segments are active.
2024-05-02  5:11:57 0 [Note] InnoDB: Creating shared tablespace for temporary tables
2024-05-02  5:11:57 0 [Note] InnoDB: Setting file 'C:\Users\kotha\Desktop\SE\Xamp\mysql\data\ibtmp1' size to 12 MB. Physically writing the file full; Please wait ...
2024-05-02  5:11:57 0 [Note] InnoDB: File 'C:\Users\kotha\Desktop\SE\Xamp\mysql\data\ibtmp1' size is now 12 MB.
2024-05-02  5:11:57 0 [Note] InnoDB: Waiting for purge to start
2024-05-02  5:11:57 0 [Note] InnoDB: 10.4.32 started; log sequence number 329555; transaction id 331
2024-05-02  5:11:57 0 [Note] InnoDB: Loading buffer pool(s) from C:\Users\kotha\Desktop\SE\Xamp\mysql\data\ib_buffer_pool
2024-05-02  5:11:57 0 [Note] Plugin 'FEEDBACK' is disabled.
2024-05-02  5:11:57 0 [Note] Server socket created on IP: '::'.
2024-05-02  5:12:00 0 [Note] Starting MariaDB 10.4.32-MariaDB source revision c4143f909528e3fab0677a28631d10389354c491 as process 12944
2024-05-02  5:12:00 0 [Note] InnoDB: Mutexes and rw_locks use Windows interlocked functions
2024-05-02  5:12:00 0 [Note] InnoDB: Uses event mutexes
2024-05-02  5:12:00 0 [Note] InnoDB: Compressed tables use zlib 1.3
2024-05-02  5:12:00 0 [Note] InnoDB: Number of pools: 1
2024-05-02  5:12:00 0 [Note] InnoDB: Using SSE2 crc32 instructions
2024-05-02  5:12:00 0 [Note] InnoDB: Initializing buffer pool, total size = 16M, instances = 1, chunk size = 16M
2024-05-02  5:12:00 0 [Note] InnoDB: Completed initialization of buffer pool
2024-05-02  5:12:00 0 [Note] InnoDB: 128 out of 128 rollback segments are active.
2024-05-02  5:12:00 0 [Note] InnoDB: Creating shared tablespace for temporary tables
2024-05-02  5:12:00 0 [Note] InnoDB: Setting file 'C:\Users\kotha\Desktop\SE\Xamp\mysql\data\ibtmp1' size to 12 MB. Physically writing the file full; Please wait ...
2024-05-02  5:12:00 0 [Note] InnoDB: File 'C:\Users\kotha\Desktop\SE\Xamp\mysql\data\ibtmp1' size is now 12 MB.
2024-05-02  5:12:00 0 [Note] InnoDB: Waiting for purge to start
2024-05-02  5:12:00 0 [Note] InnoDB: 10.4.32 started; log sequence number 329564; transaction id 331
2024-05-02  5:12:00 0 [Note] InnoDB: Loading buffer pool(s) from C:\Users\kotha\Desktop\SE\Xamp\mysql\data\ib_buffer_pool
2024-05-02  5:12:00 0 [Note] Plugin 'FEEDBACK' is disabled.
2024-05-02  5:12:00 0 [Note] Server socket created on IP: '::'.
2024-05-02  5:12:17 0 [Note] Starting MariaDB 10.4.32-MariaDB source revision c4143f909528e3fab0677a28631d10389354c491 as process 26932
2024-05-02  5:12:17 0 [Note] InnoDB: Mutexes and rw_locks use Windows interlocked functions
2024-05-02  5:12:17 0 [Note] InnoDB: Uses event mutexes
2024-05-02  5:12:17 0 [Note] InnoDB: Compressed tables use zlib 1.3
2024-05-02  5:12:17 0 [Note] InnoDB: Number of pools: 1
2024-05-02  5:12:17 0 [Note] InnoDB: Using SSE2 crc32 instructions
2024-05-02  5:12:17 0 [Note] InnoDB: Initializing buffer pool, total size = 16M, instances = 1, chunk size = 16M
2024-05-02  5:12:17 0 [Note] InnoDB: Completed initialization of buffer pool
2024-05-02  5:12:17 0 [Note] InnoDB: 128 out of 128 rollback segments are active.
2024-05-02  5:12:17 0 [Note] InnoDB: Creating shared tablespace for temporary tables
2024-05-02  5:12:17 0 [Note] InnoDB: Setting file 'C:\Users\kotha\Desktop\SE\Xamp\mysql\data\ibtmp1' size to 12 MB. Physically writing the file full; Please wait ...
2024-05-02  5:12:17 0 [Note] InnoDB: File 'C:\Users\kotha\Desktop\SE\Xamp\mysql\data\ibtmp1' size is now 12 MB.
2024-05-02  5:12:17 0 [Note] InnoDB: Waiting for purge to start
2024-05-02  5:12:17 0 [Note] InnoDB: 10.4.32 started; log sequence number 329573; transaction id 331
2024-05-02  5:12:17 0 [Note] InnoDB: Loading buffer pool(s) from C:\Users\kotha\Desktop\SE\Xamp\mysql\data\ib_buffer_pool
2024-05-02  5:12:17 0 [Note] Plugin 'FEEDBACK' is disabled.
2024-05-02  5:12:17 0 [Note] Server socket created on IP: '::'.
2024-05-02  5:14:07 0 [Note] Starting MariaDB 10.4.32-MariaDB source revision c4143f909528e3fab0677a28631d10389354c491 as process 27008
2024-05-02  5:14:07 0 [Note] InnoDB: Mutexes and rw_locks use Windows interlocked functions
2024-05-02  5:14:07 0 [Note] InnoDB: Uses event mutexes
2024-05-02  5:14:07 0 [Note] InnoDB: Compressed tables use zlib 1.3
2024-05-02  5:14:07 0 [Note] InnoDB: Number of pools: 1
2024-05-02  5:14:07 0 [Note] InnoDB: Using SSE2 crc32 instructions
2024-05-02  5:14:07 0 [Note] InnoDB: Initializing buffer pool, total size = 16M, instances = 1, chunk size = 16M
2024-05-02  5:14:07 0 [Note] InnoDB: Completed initialization of buffer pool
2024-05-02  5:14:07 0 [Note] InnoDB: 128 out of 128 rollback segments are active.
2024-05-02  5:14:07 0 [Note] InnoDB: Creating shared tablespace for temporary tables
2024-05-02  5:14:07 0 [Note] InnoDB: Setting file 'C:\Users\kotha\Desktop\SE\Xamp\mysql\data\ibtmp1' size to 12 MB. Physically writing the file full; Please wait ...
2024-05-02  5:14:07 0 [Note] InnoDB: File 'C:\Users\kotha\Desktop\SE\Xamp\mysql\data\ibtmp1' size is now 12 MB.
2024-05-02  5:14:07 0 [Note] InnoDB: Waiting for purge to start
2024-05-02  5:14:07 0 [Note] InnoDB: 10.4.32 started; log sequence number 329582; transaction id 331
2024-05-02  5:14:07 0 [Note] InnoDB: Loading buffer pool(s) from C:\Users\kotha\Desktop\SE\Xamp\mysql\data\ib_buffer_pool
2024-05-02  5:14:07 0 [Note] Plugin 'FEEDBACK' is disabled.
2024-05-02  5:14:07 0 [Note] Server socket created on IP: '::'.
2024-05-02  5:16:47 0 [Note] Starting MariaDB 10.4.32-MariaDB source revision c4143f909528e3fab0677a28631d10389354c491 as process 24404
2024-05-02  5:16:47 0 [Note] InnoDB: Mutexes and rw_locks use Windows interlocked functions
2024-05-02  5:16:47 0 [Note] InnoDB: Uses event mutexes
2024-05-02  5:16:47 0 [Note] InnoDB: Compressed tables use zlib 1.3
2024-05-02  5:16:47 0 [Note] InnoDB: Number of pools: 1
2024-05-02  5:16:47 0 [Note] InnoDB: Using SSE2 crc32 instructions
2024-05-02  5:16:47 0 [Note] InnoDB: Initializing buffer pool, total size = 16M, instances = 1, chunk size = 16M
2024-05-02  5:16:47 0 [Note] InnoDB: Completed initialization of buffer pool
2024-05-02  5:17:37 0 [Note] Starting MariaDB 10.4.32-MariaDB source revision c4143f909528e3fab0677a28631d10389354c491 as process 13088
2024-05-02  5:17:37 0 [Note] InnoDB: Mutexes and rw_locks use Windows interlocked functions
2024-05-02  5:17:37 0 [Note] InnoDB: Uses event mutexes
2024-05-02  5:17:37 0 [Note] InnoDB: Compressed tables use zlib 1.3
2024-05-02  5:17:37 0 [Note] InnoDB: Number of pools: 1
2024-05-02  5:17:37 0 [Note] InnoDB: Using SSE2 crc32 instructions
2024-05-02  5:17:37 0 [Note] InnoDB: Initializing buffer pool, total size = 16M, instances = 1, chunk size = 16M
2024-05-02  5:17:37 0 [Note] InnoDB: Completed initialization of buffer pool
2024-05-02  5:17:37 0 [Note] InnoDB: 128 out of 128 rollback segments are active.
2024-05-02  5:17:37 0 [Note] InnoDB: Creating shared tablespace for temporary tables
2024-05-02  5:17:37 0 [Note] InnoDB: Setting file 'C:\Users\kotha\Desktop\SE\Xamp\mysql\data\ibtmp1' size to 12 MB. Physically writing the file full; Please wait ...
2024-05-02  5:17:37 0 [Note] InnoDB: File 'C:\Users\kotha\Desktop\SE\Xamp\mysql\data\ibtmp1' size is now 12 MB.
2024-05-02  5:17:37 0 [Note] InnoDB: Waiting for purge to start
2024-05-02  5:17:37 0 [Note] InnoDB: 10.4.32 started; log sequence number 329591; transaction id 331
2024-05-02  5:17:37 0 [Note] InnoDB: Loading buffer pool(s) from C:\Users\kotha\Desktop\SE\Xamp\mysql\data\ib_buffer_pool
2024-05-02  5:17:37 0 [Note] Plugin 'FEEDBACK' is disabled.
2024-05-02  5:17:37 0 [Note] Server socket created on IP: '::'.
2024-05-02  5:20:04 0 [Note] Starting MariaDB 10.4.32-MariaDB source revision c4143f909528e3fab0677a28631d10389354c491 as process 15832
2024-05-02  5:20:04 0 [Note] InnoDB: Mutexes and rw_locks use Windows interlocked functions
2024-05-02  5:20:04 0 [Note] InnoDB: Uses event mutexes
2024-05-02  5:20:04 0 [Note] InnoDB: Compressed tables use zlib 1.3
2024-05-02  5:20:04 0 [Note] InnoDB: Number of pools: 1
2024-05-02  5:20:04 0 [Note] InnoDB: Using SSE2 crc32 instructions
2024-05-02  5:20:04 0 [Note] InnoDB: Initializing buffer pool, total size = 16M, instances = 1, chunk size = 16M
2024-05-02  5:20:04 0 [Note] InnoDB: Completed initialization of buffer pool
2024-05-02  5:20:04 0 [Note] InnoDB: 128 out of 128 rollback segments are active.
2024-05-02  5:20:04 0 [Note] InnoDB: Creating shared tablespace for temporary tables
2024-05-02  5:20:04 0 [Note] InnoDB: Setting file 'C:\Users\kotha\Desktop\SE\Xamp\mysql\data\ibtmp1' size to 12 MB. Physically writing the file full; Please wait ...
2024-05-02  5:20:04 0 [Note] InnoDB: File 'C:\Users\kotha\Desktop\SE\Xamp\mysql\data\ibtmp1' size is now 12 MB.
2024-05-02  5:20:04 0 [Note] InnoDB: Waiting for purge to start
2024-05-02  5:20:04 0 [Note] InnoDB: 10.4.32 started; log sequence number 329600; transaction id 331
2024-05-02  5:20:04 0 [Note] Plugin 'FEEDBACK' is disabled.
2024-05-02  5:20:04 0 [Note] InnoDB: Loading buffer pool(s) from C:\Users\kotha\Desktop\SE\Xamp\mysql\data\ib_buffer_pool
2024-05-02  5:20:04 0 [Note] Server socket created on IP: '::'.
2024-05-02  5:26:13 0 [Note] Starting MariaDB 10.4.32-MariaDB source revision c4143f909528e3fab0677a28631d10389354c491 as process 360
2024-05-02  5:26:13 0 [Note] InnoDB: Mutexes and rw_locks use Windows interlocked functions
2024-05-02  5:26:13 0 [Note] InnoDB: Uses event mutexes
2024-05-02  5:26:13 0 [Note] InnoDB: Compressed tables use zlib 1.3
2024-05-02  5:26:13 0 [Note] InnoDB: Number of pools: 1
2024-05-02  5:26:13 0 [Note] InnoDB: Using SSE2 crc32 instructions
2024-05-02  5:26:13 0 [Note] InnoDB: Initializing buffer pool, total size = 16M, instances = 1, chunk size = 16M
2024-05-02  5:26:13 0 [Note] InnoDB: Completed initialization of buffer pool
2024-05-02  5:26:13 0 [Note] InnoDB: 128 out of 128 rollback segments are active.
2024-05-02  5:26:13 0 [Note] InnoDB: Creating shared tablespace for temporary tables
2024-05-02  5:26:13 0 [Note] InnoDB: Setting file 'C:\Users\kotha\Desktop\SE\Xamp\mysql\data\ibtmp1' size to 12 MB. Physically writing the file full; Please wait ...
2024-05-02  5:26:13 0 [Note] InnoDB: File 'C:\Users\kotha\Desktop\SE\Xamp\mysql\data\ibtmp1' size is now 12 MB.
2024-05-02  5:26:13 0 [Note] InnoDB: Waiting for purge to start
2024-05-02  5:26:13 0 [Note] InnoDB: 10.4.32 started; log sequence number 329609; transaction id 331
2024-05-02  5:26:13 0 [Note] InnoDB: Loading buffer pool(s) from C:\Users\kotha\Desktop\SE\Xamp\mysql\data\ib_buffer_pool
2024-05-02  5:26:13 0 [Note] Plugin 'FEEDBACK' is disabled.
2024-05-02  5:26:13 0 [Note] Server socket created on IP: '::'.
2024-05-02  5:26:16 0 [Note] Starting MariaDB 10.4.32-MariaDB source revision c4143f909528e3fab0677a28631d10389354c491 as process 11584
2024-05-02  5:26:16 0 [Note] InnoDB: Mutexes and rw_locks use Windows interlocked functions
2024-05-02  5:26:16 0 [Note] InnoDB: Uses event mutexes
2024-05-02  5:26:16 0 [Note] InnoDB: Compressed tables use zlib 1.3
2024-05-02  5:26:16 0 [Note] InnoDB: Number of pools: 1
2024-05-02  5:26:16 0 [Note] InnoDB: Using SSE2 crc32 instructions
2024-05-02  5:26:16 0 [Note] InnoDB: Initializing buffer pool, total size = 16M, instances = 1, chunk size = 16M
2024-05-02  5:26:16 0 [Note] InnoDB: Completed initialization of buffer pool
2024-05-02  5:26:16 0 [Note] InnoDB: 128 out of 128 rollback segments are active.
2024-05-02  5:26:16 0 [Note] InnoDB: Creating shared tablespace for temporary tables
2024-05-02  5:26:16 0 [Note] InnoDB: Setting file 'C:\Users\kotha\Desktop\SE\Xamp\mysql\data\ibtmp1' size to 12 MB. Physically writing the file full; Please wait ...
2024-05-02  5:26:16 0 [Note] InnoDB: File 'C:\Users\kotha\Desktop\SE\Xamp\mysql\data\ibtmp1' size is now 12 MB.
2024-05-02  5:26:16 0 [Note] InnoDB: Waiting for purge to start
2024-05-02  5:26:16 0 [Note] InnoDB: 10.4.32 started; log sequence number 329618; transaction id 331
2024-05-02  5:26:16 0 [Note] InnoDB: Loading buffer pool(s) from C:\Users\kotha\Desktop\SE\Xamp\mysql\data\ib_buffer_pool
2024-05-02  5:26:16 0 [Note] Plugin 'FEEDBACK' is disabled.
2024-05-02  5:26:16 0 [Note] Server socket created on IP: '::'.
2024-05-02  5:26:48 0 [Note] Starting MariaDB 10.4.32-MariaDB source revision c4143f909528e3fab0677a28631d10389354c491 as process 21572
2024-05-02  5:26:48 0 [Note] InnoDB: Mutexes and rw_locks use Windows interlocked functions
2024-05-02  5:26:48 0 [Note] InnoDB: Uses event mutexes
2024-05-02  5:26:48 0 [Note] InnoDB: Compressed tables use zlib 1.3
2024-05-02  5:26:48 0 [Note] InnoDB: Number of pools: 1
2024-05-02  5:26:48 0 [Note] InnoDB: Using SSE2 crc32 instructions
2024-05-02  5:26:48 0 [Note] InnoDB: Initializing buffer pool, total size = 16M, instances = 1, chunk size = 16M
2024-05-02  5:26:48 0 [Note] InnoDB: Completed initialization of buffer pool
2024-05-02  5:26:48 0 [Note] InnoDB: 128 out of 128 rollback segments are active.
2024-05-02  5:26:48 0 [Note] InnoDB: Creating shared tablespace for temporary tables
2024-05-02  5:26:48 0 [Note] InnoDB: Setting file 'C:\Users\kotha\Desktop\SE\Xamp\mysql\data\ibtmp1' size to 12 MB. Physically writing the file full; Please wait ...
2024-05-02  5:26:48 0 [Note] InnoDB: File 'C:\Users\kotha\Desktop\SE\Xamp\mysql\data\ibtmp1' size is now 12 MB.
2024-05-02  5:26:48 0 [Note] InnoDB: Waiting for purge to start
2024-05-02  5:26:48 0 [Note] InnoDB: 10.4.32 started; log sequence number 329627; transaction id 331
2024-05-02  5:26:48 0 [Note] InnoDB: Loading buffer pool(s) from C:\Users\kotha\Desktop\SE\Xamp\mysql\data\ib_buffer_pool
2024-05-02  5:26:48 0 [Note] Plugin 'FEEDBACK' is disabled.
2024-05-02  5:26:48 0 [Note] Server socket created on IP: '::'.
2024-05-02  5:26:50 0 [Note] Starting MariaDB 10.4.32-MariaDB source revision c4143f909528e3fab0677a28631d10389354c491 as process 16200
2024-05-02  5:26:50 0 [Note] InnoDB: Mutexes and rw_locks use Windows interlocked functions
2024-05-02  5:26:50 0 [Note] InnoDB: Uses event mutexes
2024-05-02  5:26:50 0 [Note] InnoDB: Compressed tables use zlib 1.3
2024-05-02  5:26:50 0 [Note] InnoDB: Number of pools: 1
2024-05-02  5:26:50 0 [Note] InnoDB: Using SSE2 crc32 instructions
2024-05-02  5:26:50 0 [Note] InnoDB: Initializing buffer pool, total size = 16M, instances = 1, chunk size = 16M
2024-05-02  5:26:50 0 [Note] InnoDB: Completed initialization of buffer pool
2024-05-02  5:26:50 0 [Note] InnoDB: 128 out of 128 rollback segments are active.
2024-05-02  5:26:50 0 [Note] InnoDB: Creating shared tablespace for temporary tables
2024-05-02  5:26:50 0 [Note] InnoDB: Setting file 'C:\Users\kotha\Desktop\SE\Xamp\mysql\data\ibtmp1' size to 12 MB. Physically writing the file full; Please wait ...
2024-05-02  5:26:50 0 [Note] InnoDB: File 'C:\Users\kotha\Desktop\SE\Xamp\mysql\data\ibtmp1' size is now 12 MB.
2024-05-02  5:26:50 0 [Note] InnoDB: Waiting for purge to start
2024-05-02  5:26:50 0 [Note] InnoDB: 10.4.32 started; log sequence number 329636; transaction id 331
2024-05-02  5:26:50 0 [Note] InnoDB: Loading buffer pool(s) from C:\Users\kotha\Desktop\SE\Xamp\mysql\data\ib_buffer_pool
2024-05-02  5:26:50 0 [Note] Plugin 'FEEDBACK' is disabled.
2024-05-02  5:26:50 0 [Note] Server socket created on IP: '::'.
2024-05-02  5:27:15 0 [Note] Starting MariaDB 10.4.32-MariaDB source revision c4143f909528e3fab0677a28631d10389354c491 as process 23852
2024-05-02  5:27:15 0 [Note] InnoDB: Mutexes and rw_locks use Windows interlocked functions
2024-05-02  5:27:15 0 [Note] InnoDB: Uses event mutexes
2024-05-02  5:27:15 0 [Note] InnoDB: Compressed tables use zlib 1.3
2024-05-02  5:27:15 0 [Note] InnoDB: Number of pools: 1
2024-05-02  5:27:15 0 [Note] InnoDB: Using SSE2 crc32 instructions
2024-05-02  5:27:15 0 [Note] InnoDB: Initializing buffer pool, total size = 16M, instances = 1, chunk size = 16M
2024-05-02  5:27:15 0 [Note] InnoDB: Completed initialization of buffer pool
2024-05-02  5:27:16 0 [Note] InnoDB: 128 out of 128 rollback segments are active.
2024-05-02  5:27:16 0 [Note] InnoDB: Creating shared tablespace for temporary tables
2024-05-02  5:27:16 0 [Note] InnoDB: Setting file 'C:\Users\kotha\Desktop\SE\Xamp\mysql\data\ibtmp1' size to 12 MB. Physically writing the file full; Please wait ...
2024-05-02  5:27:16 0 [Note] InnoDB: File 'C:\Users\kotha\Desktop\SE\Xamp\mysql\data\ibtmp1' size is now 12 MB.
2024-05-02  5:27:16 0 [Note] InnoDB: Waiting for purge to start
2024-05-02  5:27:16 0 [Note] InnoDB: 10.4.32 started; log sequence number 329645; transaction id 331
2024-05-02  5:27:16 0 [Note] InnoDB: Loading buffer pool(s) from C:\Users\kotha\Desktop\SE\Xamp\mysql\data\ib_buffer_pool
2024-05-02  5:27:16 0 [Note] Plugin 'FEEDBACK' is disabled.
2024-05-02  5:27:16 0 [Note] Server socket created on IP: '::'.
2024-05-02  5:27:19 0 [Note] Starting MariaDB 10.4.32-MariaDB source revision c4143f909528e3fab0677a28631d10389354c491 as process 26476
2024-05-02  5:27:19 0 [Note] InnoDB: Mutexes and rw_locks use Windows interlocked functions
2024-05-02  5:27:19 0 [Note] InnoDB: Uses event mutexes
2024-05-02  5:27:19 0 [Note] InnoDB: Compressed tables use zlib 1.3
2024-05-02  5:27:19 0 [Note] InnoDB: Number of pools: 1
2024-05-02  5:27:19 0 [Note] InnoDB: Using SSE2 crc32 instructions
2024-05-02  5:27:19 0 [Note] InnoDB: Initializing buffer pool, total size = 16M, instances = 1, chunk size = 16M
2024-05-02  5:27:19 0 [Note] InnoDB: Completed initialization of buffer pool
2024-05-02  5:27:19 0 [Note] InnoDB: 128 out of 128 rollback segments are active.
2024-05-02  5:27:19 0 [Note] InnoDB: Creating shared tablespace for temporary tables
2024-05-02  5:27:19 0 [Note] InnoDB: Setting file 'C:\Users\kotha\Desktop\SE\Xamp\mysql\data\ibtmp1' size to 12 MB. Physically writing the file full; Please wait ...
2024-05-02  5:27:19 0 [Note] InnoDB: File 'C:\Users\kotha\Desktop\SE\Xamp\mysql\data\ibtmp1' size is now 12 MB.
2024-05-02  5:27:19 0 [Note] InnoDB: Waiting for purge to start
2024-05-02  5:27:19 0 [Note] Starting MariaDB 10.4.32-MariaDB source revision c4143f909528e3fab0677a28631d10389354c491 as process 17580
2024-05-02  5:27:19 0 [ERROR] InnoDB: The innodb_system data file 'ibdata1' must be writable
2024-05-02  5:27:19 0 [ERROR] InnoDB: The innodb_system data file 'ibdata1' must be writable
2024-05-02  5:27:19 0 [ERROR] Plugin 'InnoDB' registration as a STORAGE ENGINE failed.
2024-05-02  5:27:19 0 [Note] Plugin 'FEEDBACK' is disabled.
2024-05-02  5:27:19 0 [ERROR] Unknown/unsupported storage engine: InnoDB
2024-05-02  5:27:19 0 [ERROR] Aborting
2024-05-02  5:27:19 0 [Note] InnoDB: 10.4.32 started; log sequence number 329654; transaction id 331
2024-05-02  5:27:19 0 [Note] InnoDB: Loading buffer pool(s) from C:\Users\kotha\Desktop\SE\Xamp\mysql\data\ib_buffer_pool
2024-05-02  5:27:19 0 [Note] Plugin 'FEEDBACK' is disabled.
2024-05-02  5:27:19 0 [Note] Server socket created on IP: '::'.
2024-05-02  5:27:23 0 [Note] Starting MariaDB 10.4.32-MariaDB source revision c4143f909528e3fab0677a28631d10389354c491 as process 16836
2024-05-02  5:27:23 0 [Note] InnoDB: Mutexes and rw_locks use Windows interlocked functions
2024-05-02  5:27:23 0 [Note] InnoDB: Uses event mutexes
2024-05-02  5:27:23 0 [Note] InnoDB: Compressed tables use zlib 1.3
2024-05-02  5:27:23 0 [Note] InnoDB: Number of pools: 1
2024-05-02  5:27:23 0 [Note] InnoDB: Using SSE2 crc32 instructions
2024-05-02  5:27:23 0 [Note] InnoDB: Initializing buffer pool, total size = 16M, instances = 1, chunk size = 16M
2024-05-02  5:27:23 0 [Note] InnoDB: Completed initialization of buffer pool
2024-05-02  5:27:23 0 [Note] InnoDB: 128 out of 128 rollback segments are active.
2024-05-02  5:27:23 0 [Note] InnoDB: Creating shared tablespace for temporary tables
2024-05-02  5:27:23 0 [Note] InnoDB: Setting file 'C:\Users\kotha\Desktop\SE\Xamp\mysql\data\ibtmp1' size to 12 MB. Physically writing the file full; Please wait ...
2024-05-02  5:27:23 0 [Note] InnoDB: File 'C:\Users\kotha\Desktop\SE\Xamp\mysql\data\ibtmp1' size is now 12 MB.
2024-05-02  5:27:23 0 [Note] InnoDB: Waiting for purge to start
2024-05-02  5:27:23 0 [Note] Starting MariaDB 10.4.32-MariaDB source revision c4143f909528e3fab0677a28631d10389354c491 as process 27228
2024-05-02  5:27:23 0 [ERROR] InnoDB: The innodb_system data file 'ibdata1' must be writable
2024-05-02  5:27:23 0 [ERROR] InnoDB: The innodb_system data file 'ibdata1' must be writable
2024-05-02  5:27:23 0 [ERROR] Plugin 'InnoDB' registration as a STORAGE ENGINE failed.
2024-05-02  5:27:23 0 [Note] Plugin 'FEEDBACK' is disabled.
2024-05-02  5:27:23 0 [ERROR] Unknown/unsupported storage engine: InnoDB
2024-05-02  5:27:23 0 [ERROR] Aborting
2024-05-02  5:27:23 0 [Note] InnoDB: 10.4.32 started; log sequence number 329663; transaction id 331
2024-05-02  5:27:23 0 [Note] InnoDB: Loading buffer pool(s) from C:\Users\kotha\Desktop\SE\Xamp\mysql\data\ib_buffer_pool
2024-05-02  5:27:23 0 [Note] Plugin 'FEEDBACK' is disabled.
2024-05-02  5:27:23 0 [Note] Server socket created on IP: '::'.
2024-05-02  5:27:24 0 [Note] Starting MariaDB 10.4.32-MariaDB source revision c4143f909528e3fab0677a28631d10389354c491 as process 6700
2024-05-02  5:27:24 0 [Note] InnoDB: Mutexes and rw_locks use Windows interlocked functions
2024-05-02  5:27:24 0 [Note] InnoDB: Uses event mutexes
2024-05-02  5:27:24 0 [Note] InnoDB: Compressed tables use zlib 1.3
2024-05-02  5:27:24 0 [Note] InnoDB: Number of pools: 1
2024-05-02  5:27:24 0 [Note] InnoDB: Using SSE2 crc32 instructions
2024-05-02  5:27:24 0 [Note] InnoDB: Initializing buffer pool, total size = 16M, instances = 1, chunk size = 16M
2024-05-02  5:27:24 0 [Note] InnoDB: Completed initialization of buffer pool
2024-05-02  5:27:24 0 [Note] InnoDB: 128 out of 128 rollback segments are active.
2024-05-02  5:27:24 0 [Note] InnoDB: Removed temporary tablespace data file: "ibtmp1"
2024-05-02  5:27:24 0 [Note] InnoDB: Creating shared tablespace for temporary tables
2024-05-02  5:27:24 0 [Note] InnoDB: Setting file 'C:\Users\kotha\Desktop\SE\Xamp\mysql\data\ibtmp1' size to 12 MB. Physically writing the file full; Please wait ...
2024-05-02  5:27:24 0 [Note] InnoDB: File 'C:\Users\kotha\Desktop\SE\Xamp\mysql\data\ibtmp1' size is now 12 MB.
2024-05-02  5:27:24 0 [Note] InnoDB: Waiting for purge to start
2024-05-02  5:27:28 0 [Note] Starting MariaDB 10.4.32-MariaDB source revision c4143f909528e3fab0677a28631d10389354c491 as process 19676
2024-05-02  5:27:28 0 [Note] InnoDB: Mutexes and rw_locks use Windows interlocked functions
2024-05-02  5:27:28 0 [Note] InnoDB: Uses event mutexes
2024-05-02  5:27:28 0 [Note] InnoDB: Compressed tables use zlib 1.3
2024-05-02  5:27:28 0 [Note] InnoDB: Number of pools: 1
2024-05-02  5:27:28 0 [Note] InnoDB: Using SSE2 crc32 instructions
2024-05-02  5:27:28 0 [Note] InnoDB: Initializing buffer pool, total size = 16M, instances = 1, chunk size = 16M
2024-05-02  5:27:28 0 [Note] InnoDB: Completed initialization of buffer pool
2024-05-02  5:27:28 0 [Note] InnoDB: 128 out of 128 rollback segments are active.
2024-05-02  5:27:28 0 [Note] InnoDB: Removed temporary tablespace data file: "ibtmp1"
2024-05-02  5:27:28 0 [Note] InnoDB: Creating shared tablespace for temporary tables
2024-05-02  5:27:28 0 [Note] InnoDB: Setting file 'C:\Users\kotha\Desktop\SE\Xamp\mysql\data\ibtmp1' size to 12 MB. Physically writing the file full; Please wait ...
2024-05-02  5:27:28 0 [Note] InnoDB: File 'C:\Users\kotha\Desktop\SE\Xamp\mysql\data\ibtmp1' size is now 12 MB.
2024-05-02  5:27:28 0 [Note] InnoDB: Waiting for purge to start
2024-05-02  5:27:28 0 [Note] InnoDB: 10.4.32 started; log sequence number 329663; transaction id 331
2024-05-02  5:27:28 0 [Note] InnoDB: Loading buffer pool(s) from C:\Users\kotha\Desktop\SE\Xamp\mysql\data\ib_buffer_pool
2024-05-02  5:27:28 0 [Note] Plugin 'FEEDBACK' is disabled.
2024-05-02  5:27:28 0 [Note] Server socket created on IP: '::'.
2024-05-02  5:27:29 0 [Note] Starting MariaDB 10.4.32-MariaDB source revision c4143f909528e3fab0677a28631d10389354c491 as process 26640
2024-05-02  5:27:29 0 [Note] InnoDB: Mutexes and rw_locks use Windows interlocked functions
2024-05-02  5:27:29 0 [Note] InnoDB: Uses event mutexes
2024-05-02  5:27:29 0 [Note] InnoDB: Compressed tables use zlib 1.3
2024-05-02  5:27:29 0 [Note] InnoDB: Number of pools: 1
2024-05-02  5:27:29 0 [Note] InnoDB: Using SSE2 crc32 instructions
2024-05-02  5:27:29 0 [Note] InnoDB: Initializing buffer pool, total size = 16M, instances = 1, chunk size = 16M
2024-05-02  5:27:29 0 [Note] InnoDB: Completed initialization of buffer pool
2024-05-02  5:27:29 0 [Note] InnoDB: 128 out of 128 rollback segments are active.
2024-05-02  5:27:29 0 [Note] InnoDB: Removed temporary tablespace data file: "ibtmp1"
2024-05-02  5:27:29 0 [Note] InnoDB: Creating shared tablespace for temporary tables
2024-05-02  5:27:29 0 [Note] InnoDB: Setting file 'C:\Users\kotha\Desktop\SE\Xamp\mysql\data\ibtmp1' size to 12 MB. Physically writing the file full; Please wait ...
2024-05-02  5:27:29 0 [Note] InnoDB: File 'C:\Users\kotha\Desktop\SE\Xamp\mysql\data\ibtmp1' size is now 12 MB.
2024-05-02  5:27:29 0 [Note] InnoDB: Waiting for purge to start
2024-05-02  5:27:29 0 [Note] InnoDB: 10.4.32 started; log sequence number 329663; transaction id 331
2024-05-02  5:27:29 0 [Note] InnoDB: Loading buffer pool(s) from C:\Users\kotha\Desktop\SE\Xamp\mysql\data\ib_buffer_pool
2024-05-02  5:27:29 0 [Note] Plugin 'FEEDBACK' is disabled.
2024-05-02  5:27:29 0 [Note] Server socket created on IP: '::'.
2024-05-02  5:27:32 0 [Note] Starting MariaDB 10.4.32-MariaDB source revision c4143f909528e3fab0677a28631d10389354c491 as process 10520
2024-05-02  5:27:32 0 [Note] InnoDB: Mutexes and rw_locks use Windows interlocked functions
2024-05-02  5:27:32 0 [Note] InnoDB: Uses event mutexes
2024-05-02  5:27:32 0 [Note] InnoDB: Compressed tables use zlib 1.3
2024-05-02  5:27:32 0 [Note] InnoDB: Number of pools: 1
2024-05-02  5:27:32 0 [Note] InnoDB: Using SSE2 crc32 instructions
2024-05-02  5:27:32 0 [Note] InnoDB: Initializing buffer pool, total size = 16M, instances = 1, chunk size = 16M
2024-05-02  5:27:32 0 [Note] InnoDB: Completed initialization of buffer pool
2024-05-02  5:27:32 0 [Note] InnoDB: 128 out of 128 rollback segments are active.
2024-05-02  5:27:32 0 [Note] InnoDB: Creating shared tablespace for temporary tables
2024-05-02  5:27:32 0 [Note] InnoDB: Setting file 'C:\Users\kotha\Desktop\SE\Xamp\mysql\data\ibtmp1' size to 12 MB. Physically writing the file full; Please wait ...
2024-05-02  5:27:32 0 [Note] InnoDB: File 'C:\Users\kotha\Desktop\SE\Xamp\mysql\data\ibtmp1' size is now 12 MB.
2024-05-02  5:27:32 0 [Note] InnoDB: Waiting for purge to start
2024-05-02  5:27:32 0 [Note] InnoDB: 10.4.32 started; log sequence number 329672; transaction id 331
2024-05-02  5:27:32 0 [Note] Plugin 'FEEDBACK' is disabled.
2024-05-02  5:27:32 0 [Note] InnoDB: Loading buffer pool(s) from C:\Users\kotha\Desktop\SE\Xamp\mysql\data\ib_buffer_pool
2024-05-02  5:27:32 0 [Note] Server socket created on IP: '::'.
2024-05-02  5:27:37 0 [Note] Starting MariaDB 10.4.32-MariaDB source revision c4143f909528e3fab0677a28631d10389354c491 as process 13300
2024-05-02  5:27:37 0 [Note] InnoDB: Mutexes and rw_locks use Windows interlocked functions
2024-05-02  5:27:37 0 [Note] InnoDB: Uses event mutexes
2024-05-02  5:27:37 0 [Note] InnoDB: Compressed tables use zlib 1.3
2024-05-02  5:27:37 0 [Note] InnoDB: Number of pools: 1
2024-05-02  5:27:37 0 [Note] InnoDB: Using SSE2 crc32 instructions
2024-05-02  5:27:37 0 [Note] InnoDB: Initializing buffer pool, total size = 16M, instances = 1, chunk size = 16M
2024-05-02  5:27:37 0 [Note] InnoDB: Completed initialization of buffer pool
2024-05-02  5:27:37 0 [Note] InnoDB: 128 out of 128 rollback segments are active.
2024-05-02  5:27:37 0 [Note] InnoDB: Creating shared tablespace for temporary tables
2024-05-02  5:27:37 0 [Note] InnoDB: Setting file 'C:\Users\kotha\Desktop\SE\Xamp\mysql\data\ibtmp1' size to 12 MB. Physically writing the file full; Please wait ...
2024-05-02  5:27:37 0 [Note] InnoDB: File 'C:\Users\kotha\Desktop\SE\Xamp\mysql\data\ibtmp1' size is now 12 MB.
2024-05-02  5:27:37 0 [Note] InnoDB: Waiting for purge to start
2024-05-02  5:27:37 0 [Note] InnoDB: 10.4.32 started; log sequence number 329681; transaction id 331
2024-05-02  5:27:37 0 [Note] InnoDB: Loading buffer pool(s) from C:\Users\kotha\Desktop\SE\Xamp\mysql\data\ib_buffer_pool
2024-05-02  5:27:37 0 [Note] Plugin 'FEEDBACK' is disabled.
2024-05-02  5:27:37 0 [Note] Server socket created on IP: '::'.
2024-05-02  5:27:41 0 [Note] Starting MariaDB 10.4.32-MariaDB source revision c4143f909528e3fab0677a28631d10389354c491 as process 12244
2024-05-02  5:27:41 0 [Note] InnoDB: Mutexes and rw_locks use Windows interlocked functions
2024-05-02  5:27:41 0 [Note] InnoDB: Uses event mutexes
2024-05-02  5:27:41 0 [Note] InnoDB: Compressed tables use zlib 1.3
2024-05-02  5:27:41 0 [Note] InnoDB: Number of pools: 1
2024-05-02  5:27:41 0 [Note] InnoDB: Using SSE2 crc32 instructions
2024-05-02  5:27:41 0 [Note] InnoDB: Initializing buffer pool, total size = 16M, instances = 1, chunk size = 16M
2024-05-02  5:27:41 0 [Note] InnoDB: Completed initialization of buffer pool
2024-05-02  5:27:41 0 [Note] InnoDB: 128 out of 128 rollback segments are active.
2024-05-02  5:27:41 0 [Note] InnoDB: Removed temporary tablespace data file: "ibtmp1"
2024-05-02  5:27:41 0 [Note] InnoDB: Creating shared tablespace for temporary tables
2024-05-02  5:27:41 0 [Note] InnoDB: Setting file 'C:\Users\kotha\Desktop\SE\Xamp\mysql\data\ibtmp1' size to 12 MB. Physically writing the file full; Please wait ...
2024-05-02  5:27:41 0 [Note] InnoDB: File 'C:\Users\kotha\Desktop\SE\Xamp\mysql\data\ibtmp1' size is now 12 MB.
2024-05-02  5:27:41 0 [Note] InnoDB: Waiting for purge to start
2024-05-02  5:27:41 0 [Note] InnoDB: 10.4.32 started; log sequence number 329681; transaction id 331
2024-05-02  5:27:41 0 [Note] InnoDB: Loading buffer pool(s) from C:\Users\kotha\Desktop\SE\Xamp\mysql\data\ib_buffer_pool
2024-05-02  5:27:41 0 [Note] Plugin 'FEEDBACK' is disabled.
2024-05-02  5:27:41 0 [Note] Server socket created on IP: '::'.
