[Wed May 01 13:07:50.368805 2024] [ssl:warn] [pid 24508:tid 384] AH01909: www.example.com:443:0 server certificate does NOT include an ID which matches the server name
[Wed May 01 13:07:50.400195 2024] [ssl:warn] [pid 24508:tid 384] AH01909: www.example.com:443:0 server certificate does NOT include an ID which matches the server name
[Wed May 01 13:07:50.431450 2024] [mpm_winnt:notice] [pid 24508:tid 384] AH00455: Apache/2.4.58 (Win64) OpenSSL/3.1.3 PHP/8.2.12 configured -- resuming normal operations
[Wed May 01 13:07:50.431450 2024] [mpm_winnt:notice] [pid 24508:tid 384] AH00456: Apache Lounge VS17 Server built: Oct 18 2023 13:03:18
[Wed May 01 13:07:50.431450 2024] [core:notice] [pid 24508:tid 384] AH00094: Command line: 'c:\\users\\kotha\\desktop\\se\\xamp\\apache\\bin\\httpd.exe -d C:/Users/kotha/Desktop/SE/Xamp/apache'
[Wed May 01 13:07:50.448469 2024] [mpm_winnt:notice] [pid 24508:tid 384] AH00418: Parent: Created child process 15628
[Wed May 01 13:07:50.747210 2024] [ssl:warn] [pid 15628:tid 380] AH01909: www.example.com:443:0 server certificate does NOT include an ID which matches the server name
[Wed May 01 13:07:50.776773 2024] [ssl:warn] [pid 15628:tid 380] AH01909: www.example.com:443:0 server certificate does NOT include an ID which matches the server name
[Wed May 01 13:07:50.795095 2024] [mpm_winnt:notice] [pid 15628:tid 380] AH00354: Child: Starting 150 worker threads.
[Wed May 01 16:08:44.219625 2024] [ssl:warn] [pid 1572:tid 420] AH01909: www.example.com:443:0 server certificate does NOT include an ID which matches the server name
[Wed May 01 16:08:44.239806 2024] [core:warn] [pid 1572:tid 420] AH00098: pid file C:/Users/kotha/Desktop/SE/Xamp/apache/logs/httpd.pid overwritten -- Unclean shutdown of previous Apache run?
[Wed May 01 16:08:44.246836 2024] [ssl:warn] [pid 1572:tid 420] AH01909: www.example.com:443:0 server certificate does NOT include an ID which matches the server name
[Wed May 01 16:08:44.267211 2024] [mpm_winnt:notice] [pid 1572:tid 420] AH00455: Apache/2.4.58 (Win64) OpenSSL/3.1.3 PHP/8.2.12 configured -- resuming normal operations
[Wed May 01 16:08:44.267211 2024] [mpm_winnt:notice] [pid 1572:tid 420] AH00456: Apache Lounge VS17 Server built: Oct 18 2023 13:03:18
[Wed May 01 16:08:44.267211 2024] [core:notice] [pid 1572:tid 420] AH00094: Command line: 'c:\\users\\kotha\\desktop\\se\\xamp\\apache\\bin\\httpd.exe -d C:/Users/kotha/Desktop/SE/Xamp/apache'
[Wed May 01 16:08:44.267211 2024] [mpm_winnt:notice] [pid 1572:tid 420] AH00418: Parent: Created child process 10316
[Wed May 01 16:08:44.456426 2024] [ssl:warn] [pid 10316:tid 364] AH01909: www.example.com:443:0 server certificate does NOT include an ID which matches the server name
[Wed May 01 16:08:44.488107 2024] [ssl:warn] [pid 10316:tid 364] AH01909: www.example.com:443:0 server certificate does NOT include an ID which matches the server name
[Wed May 01 16:08:44.504228 2024] [mpm_winnt:notice] [pid 10316:tid 364] AH00354: Child: Starting 150 worker threads.
[Wed May 01 16:32:25.077947 2024] [php:error] [pid 10316:tid 1880] [client ::1:52641] PHP Fatal error:  Uncaught mysqli_sql_exception: Access denied for user 'root'@'localhost' (using password: YES) in C:\\Users\\kotha\\Desktop\\SE\\Xamp\\htdocs\\register.php:9\nStack trace:\n#0 C:\\Users\\kotha\\Desktop\\SE\\Xamp\\htdocs\\register.php(9): mysqli->__construct('localhost', 'root', Object(SensitiveParameterValue), 'pdmsb')\n#1 {main}\n  thrown in C:\\Users\\kotha\\Desktop\\SE\\Xamp\\htdocs\\register.php on line 9, referer: http://localhost/signup.html
[Wed May 01 16:48:19.675597 2024] [php:error] [pid 10316:tid 1856] [client ::1:52787] PHP Fatal error:  Uncaught mysqli_sql_exception: Access denied for user 'root'@'localhost' (using password: YES) in C:\\Users\\kotha\\Desktop\\SE\\Xamp\\htdocs\\register.php:9\nStack trace:\n#0 C:\\Users\\kotha\\Desktop\\SE\\Xamp\\htdocs\\register.php(9): mysqli->__construct('localhost', 'root', Object(SensitiveParameterValue), 'pdmsb')\n#1 {main}\n  thrown in C:\\Users\\kotha\\Desktop\\SE\\Xamp\\htdocs\\register.php on line 9, referer: http://localhost/signup.html
[Wed May 01 16:58:05.978288 2024] [php:error] [pid 10316:tid 1892] [client ::1:52829] PHP Fatal error:  Uncaught ArgumentCountError: The number of elements in the type definition string must match the number of bind variables in C:\\Users\\kotha\\Desktop\\SE\\Xamp\\htdocs\\register.php:18\nStack trace:\n#0 C:\\Users\\kotha\\Desktop\\SE\\Xamp\\htdocs\\register.php(18): mysqli_stmt->bind_param('sssssss', 'root', NULL, NULL, NULL, NULL, 'Bhoomika@2003')\n#1 {main}\n  thrown in C:\\Users\\kotha\\Desktop\\SE\\Xamp\\htdocs\\register.php on line 18, referer: http://localhost/signup.html
[Wed May 01 16:59:07.783354 2024] [php:warn] [pid 10316:tid 1856] [client ::1:52836] PHP Warning:  Undefined array key "username" in C:\\Users\\kotha\\Desktop\\SE\\Xamp\\htdocs\\register.php on line 21, referer: http://localhost/signup.html
[Wed May 01 16:59:07.783354 2024] [php:warn] [pid 10316:tid 1856] [client ::1:52836] PHP Warning:  Undefined array key "password" in C:\\Users\\kotha\\Desktop\\SE\\Xamp\\htdocs\\register.php on line 22, referer: http://localhost/signup.html
[Wed May 01 16:59:07.783354 2024] [php:warn] [pid 10316:tid 1856] [client ::1:52836] PHP Warning:  Undefined array key "dob" in C:\\Users\\kotha\\Desktop\\SE\\Xamp\\htdocs\\register.php on line 23, referer: http://localhost/signup.html
[Wed May 01 16:59:07.783354 2024] [php:warn] [pid 10316:tid 1856] [client ::1:52836] PHP Warning:  Undefined array key "age" in C:\\Users\\kotha\\Desktop\\SE\\Xamp\\htdocs\\register.php on line 24, referer: http://localhost/signup.html
[Wed May 01 16:59:07.783354 2024] [php:warn] [pid 10316:tid 1856] [client ::1:52836] PHP Warning:  Undefined array key "phoneNumber" in C:\\Users\\kotha\\Desktop\\SE\\Xamp\\htdocs\\register.php on line 25, referer: http://localhost/signup.html
[Wed May 01 16:59:07.783354 2024] [php:warn] [pid 10316:tid 1856] [client ::1:52836] PHP Warning:  Undefined array key "email" in C:\\Users\\kotha\\Desktop\\SE\\Xamp\\htdocs\\register.php on line 26, referer: http://localhost/signup.html
[Wed May 01 16:59:07.783354 2024] [php:error] [pid 10316:tid 1856] [client ::1:52836] PHP Fatal error:  Uncaught mysqli_sql_exception: Column 'username' cannot be null in C:\\Users\\kotha\\Desktop\\SE\\Xamp\\htdocs\\register.php:29\nStack trace:\n#0 C:\\Users\\kotha\\Desktop\\SE\\Xamp\\htdocs\\register.php(29): mysqli_stmt->execute()\n#1 {main}\n  thrown in C:\\Users\\kotha\\Desktop\\SE\\Xamp\\htdocs\\register.php on line 29, referer: http://localhost/signup.html
[Wed May 01 17:06:18.047262 2024] [php:warn] [pid 10316:tid 1892] [client ::1:52906] PHP Warning:  Undefined array key "username" in C:\\Users\\kotha\\Desktop\\SE\\Xamp\\htdocs\\register.php on line 21, referer: http://localhost/signup.html
[Wed May 01 17:06:18.047262 2024] [php:warn] [pid 10316:tid 1892] [client ::1:52906] PHP Warning:  Undefined array key "password" in C:\\Users\\kotha\\Desktop\\SE\\Xamp\\htdocs\\register.php on line 22, referer: http://localhost/signup.html
[Wed May 01 17:06:18.047262 2024] [php:warn] [pid 10316:tid 1892] [client ::1:52906] PHP Warning:  Undefined array key "dob" in C:\\Users\\kotha\\Desktop\\SE\\Xamp\\htdocs\\register.php on line 23, referer: http://localhost/signup.html
[Wed May 01 17:06:18.047262 2024] [php:warn] [pid 10316:tid 1892] [client ::1:52906] PHP Warning:  Undefined array key "age" in C:\\Users\\kotha\\Desktop\\SE\\Xamp\\htdocs\\register.php on line 24, referer: http://localhost/signup.html
[Wed May 01 17:06:18.047262 2024] [php:warn] [pid 10316:tid 1892] [client ::1:52906] PHP Warning:  Undefined array key "phoneNumber" in C:\\Users\\kotha\\Desktop\\SE\\Xamp\\htdocs\\register.php on line 25, referer: http://localhost/signup.html
[Wed May 01 17:06:18.047262 2024] [php:warn] [pid 10316:tid 1892] [client ::1:52906] PHP Warning:  Undefined array key "email" in C:\\Users\\kotha\\Desktop\\SE\\Xamp\\htdocs\\register.php on line 26, referer: http://localhost/signup.html
[Wed May 01 17:06:18.047262 2024] [php:error] [pid 10316:tid 1892] [client ::1:52906] PHP Fatal error:  Uncaught mysqli_sql_exception: Column 'username' cannot be null in C:\\Users\\kotha\\Desktop\\SE\\Xamp\\htdocs\\register.php:29\nStack trace:\n#0 C:\\Users\\kotha\\Desktop\\SE\\Xamp\\htdocs\\register.php(29): mysqli_stmt->execute()\n#1 {main}\n  thrown in C:\\Users\\kotha\\Desktop\\SE\\Xamp\\htdocs\\register.php on line 29, referer: http://localhost/signup.html
[Wed May 01 20:53:59.213544 2024] [ssl:warn] [pid 20872:tid 356] AH01909: www.example.com:443:0 server certificate does NOT include an ID which matches the server name
[Wed May 01 20:53:59.229164 2024] [core:warn] [pid 20872:tid 356] AH00098: pid file C:/Users/kotha/Desktop/SE/Xamp/apache/logs/httpd.pid overwritten -- Unclean shutdown of previous Apache run?
[Wed May 01 20:53:59.229164 2024] [ssl:warn] [pid 20872:tid 356] AH01909: www.example.com:443:0 server certificate does NOT include an ID which matches the server name
[Wed May 01 20:53:59.260339 2024] [mpm_winnt:notice] [pid 20872:tid 356] AH00455: Apache/2.4.58 (Win64) OpenSSL/3.1.3 PHP/8.2.12 configured -- resuming normal operations
[Wed May 01 20:53:59.260339 2024] [mpm_winnt:notice] [pid 20872:tid 356] AH00456: Apache Lounge VS17 Server built: Oct 18 2023 13:03:18
[Wed May 01 20:53:59.260339 2024] [core:notice] [pid 20872:tid 356] AH00094: Command line: 'c:\\users\\kotha\\desktop\\se\\xamp\\apache\\bin\\httpd.exe -d C:/Users/kotha/Desktop/SE/Xamp/apache'
[Wed May 01 20:53:59.276032 2024] [mpm_winnt:notice] [pid 20872:tid 356] AH00418: Parent: Created child process 8036
[Wed May 01 20:53:59.463533 2024] [ssl:warn] [pid 8036:tid 352] AH01909: www.example.com:443:0 server certificate does NOT include an ID which matches the server name
[Wed May 01 20:53:59.479138 2024] [ssl:warn] [pid 8036:tid 352] AH01909: www.example.com:443:0 server certificate does NOT include an ID which matches the server name
[Wed May 01 20:53:59.510386 2024] [mpm_winnt:notice] [pid 8036:tid 352] AH00354: Child: Starting 150 worker threads.
[Wed May 01 20:55:22.734135 2024] [php:warn] [pid 8036:tid 1884] [client ::1:53443] PHP Warning:  Undefined array key "username" in C:\\Users\\kotha\\Desktop\\SE\\Xamp\\htdocs\\register.php on line 21, referer: http://localhost/signup.html
[Wed May 01 20:55:22.749485 2024] [php:warn] [pid 8036:tid 1884] [client ::1:53443] PHP Warning:  Undefined array key "password" in C:\\Users\\kotha\\Desktop\\SE\\Xamp\\htdocs\\register.php on line 22, referer: http://localhost/signup.html
[Wed May 01 20:55:22.749485 2024] [php:warn] [pid 8036:tid 1884] [client ::1:53443] PHP Warning:  Undefined array key "dob" in C:\\Users\\kotha\\Desktop\\SE\\Xamp\\htdocs\\register.php on line 23, referer: http://localhost/signup.html
[Wed May 01 20:55:22.750494 2024] [php:warn] [pid 8036:tid 1884] [client ::1:53443] PHP Warning:  Undefined array key "age" in C:\\Users\\kotha\\Desktop\\SE\\Xamp\\htdocs\\register.php on line 24, referer: http://localhost/signup.html
[Wed May 01 20:55:22.750494 2024] [php:warn] [pid 8036:tid 1884] [client ::1:53443] PHP Warning:  Undefined array key "phoneNumber" in C:\\Users\\kotha\\Desktop\\SE\\Xamp\\htdocs\\register.php on line 25, referer: http://localhost/signup.html
[Wed May 01 20:55:22.750494 2024] [php:warn] [pid 8036:tid 1884] [client ::1:53443] PHP Warning:  Undefined array key "email" in C:\\Users\\kotha\\Desktop\\SE\\Xamp\\htdocs\\register.php on line 26, referer: http://localhost/signup.html
[Wed May 01 20:55:22.767134 2024] [php:error] [pid 8036:tid 1884] [client ::1:53443] PHP Fatal error:  Uncaught mysqli_sql_exception: Column 'username' cannot be null in C:\\Users\\kotha\\Desktop\\SE\\Xamp\\htdocs\\register.php:29\nStack trace:\n#0 C:\\Users\\kotha\\Desktop\\SE\\Xamp\\htdocs\\register.php(29): mysqli_stmt->execute()\n#1 {main}\n  thrown in C:\\Users\\kotha\\Desktop\\SE\\Xamp\\htdocs\\register.php on line 29, referer: http://localhost/signup.html
[Wed May 01 20:55:48.753153 2024] [php:warn] [pid 8036:tid 1876] [client ::1:53455] PHP Warning:  Undefined array key "username" in C:\\Users\\kotha\\Desktop\\SE\\Xamp\\htdocs\\register.php on line 21, referer: http://localhost/signup.html
[Wed May 01 20:55:48.753153 2024] [php:warn] [pid 8036:tid 1876] [client ::1:53455] PHP Warning:  Undefined array key "password" in C:\\Users\\kotha\\Desktop\\SE\\Xamp\\htdocs\\register.php on line 22, referer: http://localhost/signup.html
[Wed May 01 20:55:48.753153 2024] [php:warn] [pid 8036:tid 1876] [client ::1:53455] PHP Warning:  Undefined array key "dob" in C:\\Users\\kotha\\Desktop\\SE\\Xamp\\htdocs\\register.php on line 23, referer: http://localhost/signup.html
[Wed May 01 20:55:48.753153 2024] [php:warn] [pid 8036:tid 1876] [client ::1:53455] PHP Warning:  Undefined array key "age" in C:\\Users\\kotha\\Desktop\\SE\\Xamp\\htdocs\\register.php on line 24, referer: http://localhost/signup.html
[Wed May 01 20:55:48.753153 2024] [php:warn] [pid 8036:tid 1876] [client ::1:53455] PHP Warning:  Undefined array key "phoneNumber" in C:\\Users\\kotha\\Desktop\\SE\\Xamp\\htdocs\\register.php on line 25, referer: http://localhost/signup.html
[Wed May 01 20:55:48.753153 2024] [php:warn] [pid 8036:tid 1876] [client ::1:53455] PHP Warning:  Undefined array key "email" in C:\\Users\\kotha\\Desktop\\SE\\Xamp\\htdocs\\register.php on line 26, referer: http://localhost/signup.html
[Wed May 01 20:55:48.753153 2024] [php:error] [pid 8036:tid 1876] [client ::1:53455] PHP Fatal error:  Uncaught mysqli_sql_exception: Column 'username' cannot be null in C:\\Users\\kotha\\Desktop\\SE\\Xamp\\htdocs\\register.php:29\nStack trace:\n#0 C:\\Users\\kotha\\Desktop\\SE\\Xamp\\htdocs\\register.php(29): mysqli_stmt->execute()\n#1 {main}\n  thrown in C:\\Users\\kotha\\Desktop\\SE\\Xamp\\htdocs\\register.php on line 29, referer: http://localhost/signup.html
[Wed May 01 20:55:55.277746 2024] [php:warn] [pid 8036:tid 1884] [client ::1:53463] PHP Warning:  Undefined array key "username" in C:\\Users\\kotha\\Desktop\\SE\\Xamp\\htdocs\\register.php on line 21, referer: http://localhost/signup.html
[Wed May 01 20:55:55.278262 2024] [php:warn] [pid 8036:tid 1884] [client ::1:53463] PHP Warning:  Undefined array key "password" in C:\\Users\\kotha\\Desktop\\SE\\Xamp\\htdocs\\register.php on line 22, referer: http://localhost/signup.html
[Wed May 01 20:55:55.278262 2024] [php:warn] [pid 8036:tid 1884] [client ::1:53463] PHP Warning:  Undefined array key "dob" in C:\\Users\\kotha\\Desktop\\SE\\Xamp\\htdocs\\register.php on line 23, referer: http://localhost/signup.html
[Wed May 01 20:55:55.278262 2024] [php:warn] [pid 8036:tid 1884] [client ::1:53463] PHP Warning:  Undefined array key "age" in C:\\Users\\kotha\\Desktop\\SE\\Xamp\\htdocs\\register.php on line 24, referer: http://localhost/signup.html
[Wed May 01 20:55:55.278262 2024] [php:warn] [pid 8036:tid 1884] [client ::1:53463] PHP Warning:  Undefined array key "phoneNumber" in C:\\Users\\kotha\\Desktop\\SE\\Xamp\\htdocs\\register.php on line 25, referer: http://localhost/signup.html
[Wed May 01 20:55:55.278262 2024] [php:warn] [pid 8036:tid 1884] [client ::1:53463] PHP Warning:  Undefined array key "email" in C:\\Users\\kotha\\Desktop\\SE\\Xamp\\htdocs\\register.php on line 26, referer: http://localhost/signup.html
[Wed May 01 20:55:55.278262 2024] [php:error] [pid 8036:tid 1884] [client ::1:53463] PHP Fatal error:  Uncaught mysqli_sql_exception: Column 'username' cannot be null in C:\\Users\\kotha\\Desktop\\SE\\Xamp\\htdocs\\register.php:29\nStack trace:\n#0 C:\\Users\\kotha\\Desktop\\SE\\Xamp\\htdocs\\register.php(29): mysqli_stmt->execute()\n#1 {main}\n  thrown in C:\\Users\\kotha\\Desktop\\SE\\Xamp\\htdocs\\register.php on line 29, referer: http://localhost/signup.html
[Wed May 01 21:00:01.381311 2024] [php:warn] [pid 8036:tid 1876] [client ::1:53557] PHP Warning:  Undefined array key "username" in C:\\Users\\kotha\\Desktop\\SE\\Xamp\\htdocs\\register.php on line 21, referer: http://localhost/signup.html
[Wed May 01 21:00:01.381311 2024] [php:warn] [pid 8036:tid 1876] [client ::1:53557] PHP Warning:  Undefined array key "password" in C:\\Users\\kotha\\Desktop\\SE\\Xamp\\htdocs\\register.php on line 22, referer: http://localhost/signup.html
[Wed May 01 21:00:01.381311 2024] [php:warn] [pid 8036:tid 1876] [client ::1:53557] PHP Warning:  Undefined array key "dob" in C:\\Users\\kotha\\Desktop\\SE\\Xamp\\htdocs\\register.php on line 23, referer: http://localhost/signup.html
[Wed May 01 21:00:01.381311 2024] [php:warn] [pid 8036:tid 1876] [client ::1:53557] PHP Warning:  Undefined array key "age" in C:\\Users\\kotha\\Desktop\\SE\\Xamp\\htdocs\\register.php on line 24, referer: http://localhost/signup.html
[Wed May 01 21:00:01.381311 2024] [php:warn] [pid 8036:tid 1876] [client ::1:53557] PHP Warning:  Undefined array key "phoneNumber" in C:\\Users\\kotha\\Desktop\\SE\\Xamp\\htdocs\\register.php on line 25, referer: http://localhost/signup.html
[Wed May 01 21:00:01.381311 2024] [php:warn] [pid 8036:tid 1876] [client ::1:53557] PHP Warning:  Undefined array key "email" in C:\\Users\\kotha\\Desktop\\SE\\Xamp\\htdocs\\register.php on line 26, referer: http://localhost/signup.html
[Wed May 01 21:00:01.381311 2024] [php:error] [pid 8036:tid 1876] [client ::1:53557] PHP Fatal error:  Uncaught mysqli_sql_exception: Column 'username' cannot be null in C:\\Users\\kotha\\Desktop\\SE\\Xamp\\htdocs\\register.php:29\nStack trace:\n#0 C:\\Users\\kotha\\Desktop\\SE\\Xamp\\htdocs\\register.php(29): mysqli_stmt->execute()\n#1 {main}\n  thrown in C:\\Users\\kotha\\Desktop\\SE\\Xamp\\htdocs\\register.php on line 29, referer: http://localhost/signup.html
[Wed May 01 21:00:06.079170 2024] [php:warn] [pid 8036:tid 1876] [client ::1:53557] PHP Warning:  Undefined array key "username" in C:\\Users\\kotha\\Desktop\\SE\\Xamp\\htdocs\\register.php on line 21, referer: http://localhost/signup.html
[Wed May 01 21:00:06.079170 2024] [php:warn] [pid 8036:tid 1876] [client ::1:53557] PHP Warning:  Undefined array key "password" in C:\\Users\\kotha\\Desktop\\SE\\Xamp\\htdocs\\register.php on line 22, referer: http://localhost/signup.html
[Wed May 01 21:00:06.079170 2024] [php:warn] [pid 8036:tid 1876] [client ::1:53557] PHP Warning:  Undefined array key "dob" in C:\\Users\\kotha\\Desktop\\SE\\Xamp\\htdocs\\register.php on line 23, referer: http://localhost/signup.html
[Wed May 01 21:00:06.079170 2024] [php:warn] [pid 8036:tid 1876] [client ::1:53557] PHP Warning:  Undefined array key "age" in C:\\Users\\kotha\\Desktop\\SE\\Xamp\\htdocs\\register.php on line 24, referer: http://localhost/signup.html
[Wed May 01 21:00:06.080188 2024] [php:warn] [pid 8036:tid 1876] [client ::1:53557] PHP Warning:  Undefined array key "phoneNumber" in C:\\Users\\kotha\\Desktop\\SE\\Xamp\\htdocs\\register.php on line 25, referer: http://localhost/signup.html
[Wed May 01 21:00:06.080188 2024] [php:warn] [pid 8036:tid 1876] [client ::1:53557] PHP Warning:  Undefined array key "email" in C:\\Users\\kotha\\Desktop\\SE\\Xamp\\htdocs\\register.php on line 26, referer: http://localhost/signup.html
[Wed May 01 21:00:06.080188 2024] [php:error] [pid 8036:tid 1876] [client ::1:53557] PHP Fatal error:  Uncaught mysqli_sql_exception: Column 'username' cannot be null in C:\\Users\\kotha\\Desktop\\SE\\Xamp\\htdocs\\register.php:29\nStack trace:\n#0 C:\\Users\\kotha\\Desktop\\SE\\Xamp\\htdocs\\register.php(29): mysqli_stmt->execute()\n#1 {main}\n  thrown in C:\\Users\\kotha\\Desktop\\SE\\Xamp\\htdocs\\register.php on line 29, referer: http://localhost/signup.html
[Wed May 01 21:01:45.956548 2024] [php:error] [pid 8036:tid 1884] [client ::1:53685] PHP Parse error:  syntax error, unexpected token "exit" in C:\\Users\\kotha\\Desktop\\SE\\Xamp\\htdocs\\register.php on line 32, referer: http://localhost/signup.html
[Wed May 01 21:02:32.746464 2024] [php:warn] [pid 8036:tid 1844] [client ::1:53686] PHP Warning:  Undefined array key "username" in C:\\Users\\kotha\\Desktop\\SE\\Xamp\\htdocs\\register.php on line 21, referer: http://localhost/signup.html
[Wed May 01 21:02:32.746464 2024] [php:warn] [pid 8036:tid 1844] [client ::1:53686] PHP Warning:  Undefined array key "password" in C:\\Users\\kotha\\Desktop\\SE\\Xamp\\htdocs\\register.php on line 22, referer: http://localhost/signup.html
[Wed May 01 21:02:32.746464 2024] [php:warn] [pid 8036:tid 1844] [client ::1:53686] PHP Warning:  Undefined array key "dob" in C:\\Users\\kotha\\Desktop\\SE\\Xamp\\htdocs\\register.php on line 23, referer: http://localhost/signup.html
[Wed May 01 21:02:32.746464 2024] [php:warn] [pid 8036:tid 1844] [client ::1:53686] PHP Warning:  Undefined array key "age" in C:\\Users\\kotha\\Desktop\\SE\\Xamp\\htdocs\\register.php on line 24, referer: http://localhost/signup.html
[Wed May 01 21:02:32.746464 2024] [php:warn] [pid 8036:tid 1844] [client ::1:53686] PHP Warning:  Undefined array key "phoneNumber" in C:\\Users\\kotha\\Desktop\\SE\\Xamp\\htdocs\\register.php on line 25, referer: http://localhost/signup.html
[Wed May 01 21:02:32.746464 2024] [php:warn] [pid 8036:tid 1844] [client ::1:53686] PHP Warning:  Undefined array key "email" in C:\\Users\\kotha\\Desktop\\SE\\Xamp\\htdocs\\register.php on line 26, referer: http://localhost/signup.html
[Wed May 01 21:02:32.746464 2024] [php:error] [pid 8036:tid 1844] [client ::1:53686] PHP Fatal error:  Uncaught mysqli_sql_exception: Column 'username' cannot be null in C:\\Users\\kotha\\Desktop\\SE\\Xamp\\htdocs\\register.php:29\nStack trace:\n#0 C:\\Users\\kotha\\Desktop\\SE\\Xamp\\htdocs\\register.php(29): mysqli_stmt->execute()\n#1 {main}\n  thrown in C:\\Users\\kotha\\Desktop\\SE\\Xamp\\htdocs\\register.php on line 29, referer: http://localhost/signup.html
[Wed May 01 21:07:01.292414 2024] [php:warn] [pid 8036:tid 1844] [client ::1:53747] PHP Warning:  Undefined array key "username" in C:\\Users\\kotha\\Desktop\\SE\\Xamp\\htdocs\\register.php on line 21, referer: http://localhost/signup.html
[Wed May 01 21:07:01.292414 2024] [php:warn] [pid 8036:tid 1844] [client ::1:53747] PHP Warning:  Undefined array key "password" in C:\\Users\\kotha\\Desktop\\SE\\Xamp\\htdocs\\register.php on line 22, referer: http://localhost/signup.html
[Wed May 01 21:07:01.292414 2024] [php:warn] [pid 8036:tid 1844] [client ::1:53747] PHP Warning:  Undefined array key "dob" in C:\\Users\\kotha\\Desktop\\SE\\Xamp\\htdocs\\register.php on line 23, referer: http://localhost/signup.html
[Wed May 01 21:07:01.292414 2024] [php:warn] [pid 8036:tid 1844] [client ::1:53747] PHP Warning:  Undefined array key "age" in C:\\Users\\kotha\\Desktop\\SE\\Xamp\\htdocs\\register.php on line 24, referer: http://localhost/signup.html
[Wed May 01 21:07:01.292414 2024] [php:warn] [pid 8036:tid 1844] [client ::1:53747] PHP Warning:  Undefined array key "phoneNumber" in C:\\Users\\kotha\\Desktop\\SE\\Xamp\\htdocs\\register.php on line 25, referer: http://localhost/signup.html
[Wed May 01 21:07:01.292414 2024] [php:warn] [pid 8036:tid 1844] [client ::1:53747] PHP Warning:  Undefined array key "email" in C:\\Users\\kotha\\Desktop\\SE\\Xamp\\htdocs\\register.php on line 26, referer: http://localhost/signup.html
[Wed May 01 21:07:01.292414 2024] [php:error] [pid 8036:tid 1844] [client ::1:53747] PHP Fatal error:  Uncaught mysqli_sql_exception: Column 'username' cannot be null in C:\\Users\\kotha\\Desktop\\SE\\Xamp\\htdocs\\register.php:29\nStack trace:\n#0 C:\\Users\\kotha\\Desktop\\SE\\Xamp\\htdocs\\register.php(29): mysqli_stmt->execute()\n#1 {main}\n  thrown in C:\\Users\\kotha\\Desktop\\SE\\Xamp\\htdocs\\register.php on line 29, referer: http://localhost/signup.html
[Wed May 01 21:12:37.489326 2024] [php:warn] [pid 8036:tid 1884] [client ::1:53836] PHP Warning:  Undefined array key "username" in C:\\Users\\kotha\\Desktop\\SE\\Xamp\\htdocs\\register.php on line 21, referer: http://localhost/signup.html
[Wed May 01 21:12:37.489326 2024] [php:warn] [pid 8036:tid 1884] [client ::1:53836] PHP Warning:  Undefined array key "password" in C:\\Users\\kotha\\Desktop\\SE\\Xamp\\htdocs\\register.php on line 22, referer: http://localhost/signup.html
[Wed May 01 21:12:37.489326 2024] [php:warn] [pid 8036:tid 1884] [client ::1:53836] PHP Warning:  Undefined array key "dob" in C:\\Users\\kotha\\Desktop\\SE\\Xamp\\htdocs\\register.php on line 23, referer: http://localhost/signup.html
[Wed May 01 21:12:37.489326 2024] [php:warn] [pid 8036:tid 1884] [client ::1:53836] PHP Warning:  Undefined array key "age" in C:\\Users\\kotha\\Desktop\\SE\\Xamp\\htdocs\\register.php on line 24, referer: http://localhost/signup.html
[Wed May 01 21:12:37.489326 2024] [php:warn] [pid 8036:tid 1884] [client ::1:53836] PHP Warning:  Undefined array key "phoneNumber" in C:\\Users\\kotha\\Desktop\\SE\\Xamp\\htdocs\\register.php on line 25, referer: http://localhost/signup.html
[Wed May 01 21:12:37.489326 2024] [php:warn] [pid 8036:tid 1884] [client ::1:53836] PHP Warning:  Undefined array key "email" in C:\\Users\\kotha\\Desktop\\SE\\Xamp\\htdocs\\register.php on line 26, referer: http://localhost/signup.html
[Wed May 01 21:12:37.489870 2024] [php:error] [pid 8036:tid 1884] [client ::1:53836] PHP Fatal error:  Uncaught mysqli_sql_exception: Column 'username' cannot be null in C:\\Users\\kotha\\Desktop\\SE\\Xamp\\htdocs\\register.php:29\nStack trace:\n#0 C:\\Users\\kotha\\Desktop\\SE\\Xamp\\htdocs\\register.php(29): mysqli_stmt->execute()\n#1 {main}\n  thrown in C:\\Users\\kotha\\Desktop\\SE\\Xamp\\htdocs\\register.php on line 29, referer: http://localhost/signup.html
[Wed May 01 21:15:13.088439 2024] [php:warn] [pid 8036:tid 1844] [client ::1:53883] PHP Warning:  Undefined array key "username" in C:\\Users\\kotha\\Desktop\\SE\\Xamp\\htdocs\\register.php on line 21, referer: http://localhost/signup.html
[Wed May 01 21:15:13.088439 2024] [php:warn] [pid 8036:tid 1844] [client ::1:53883] PHP Warning:  Undefined array key "email" in C:\\Users\\kotha\\Desktop\\SE\\Xamp\\htdocs\\register.php on line 23, referer: http://localhost/signup.html
[Wed May 01 21:15:13.088439 2024] [php:warn] [pid 8036:tid 1844] [client ::1:53883] PHP Warning:  Undefined array key "dob" in C:\\Users\\kotha\\Desktop\\SE\\Xamp\\htdocs\\register.php on line 24, referer: http://localhost/signup.html
[Wed May 01 21:15:13.088439 2024] [php:warn] [pid 8036:tid 1844] [client ::1:53883] PHP Warning:  Undefined array key "age" in C:\\Users\\kotha\\Desktop\\SE\\Xamp\\htdocs\\register.php on line 25, referer: http://localhost/signup.html
[Wed May 01 21:15:13.088439 2024] [php:warn] [pid 8036:tid 1844] [client ::1:53883] PHP Warning:  Undefined array key "phoneNumber" in C:\\Users\\kotha\\Desktop\\SE\\Xamp\\htdocs\\register.php on line 26, referer: http://localhost/signup.html
[Wed May 01 21:15:13.089440 2024] [php:warn] [pid 8036:tid 1844] [client ::1:53883] PHP Warning:  Undefined array key "password" in C:\\Users\\kotha\\Desktop\\SE\\Xamp\\htdocs\\register.php on line 27, referer: http://localhost/signup.html
[Wed May 01 21:15:13.089440 2024] [php:error] [pid 8036:tid 1844] [client ::1:53883] PHP Fatal error:  Uncaught mysqli_sql_exception: Column 'username' cannot be null in C:\\Users\\kotha\\Desktop\\SE\\Xamp\\htdocs\\register.php:31\nStack trace:\n#0 C:\\Users\\kotha\\Desktop\\SE\\Xamp\\htdocs\\register.php(31): mysqli_stmt->execute()\n#1 {main}\n  thrown in C:\\Users\\kotha\\Desktop\\SE\\Xamp\\htdocs\\register.php on line 31, referer: http://localhost/signup.html
[Wed May 01 21:24:44.146608 2024] [php:warn] [pid 8036:tid 1884] [client ::1:53956] PHP Warning:  Undefined array key "username" in C:\\Users\\kotha\\Desktop\\SE\\Xamp\\htdocs\\register.php on line 21, referer: http://localhost/signup.html
[Wed May 01 21:24:44.146608 2024] [php:warn] [pid 8036:tid 1884] [client ::1:53956] PHP Warning:  Undefined array key "email" in C:\\Users\\kotha\\Desktop\\SE\\Xamp\\htdocs\\register.php on line 23, referer: http://localhost/signup.html
[Wed May 01 21:24:44.146608 2024] [php:warn] [pid 8036:tid 1884] [client ::1:53956] PHP Warning:  Undefined array key "dob" in C:\\Users\\kotha\\Desktop\\SE\\Xamp\\htdocs\\register.php on line 24, referer: http://localhost/signup.html
[Wed May 01 21:24:44.146608 2024] [php:warn] [pid 8036:tid 1884] [client ::1:53956] PHP Warning:  Undefined array key "age" in C:\\Users\\kotha\\Desktop\\SE\\Xamp\\htdocs\\register.php on line 25, referer: http://localhost/signup.html
[Wed May 01 21:24:44.146608 2024] [php:warn] [pid 8036:tid 1884] [client ::1:53956] PHP Warning:  Undefined array key "phoneNumber" in C:\\Users\\kotha\\Desktop\\SE\\Xamp\\htdocs\\register.php on line 26, referer: http://localhost/signup.html
[Wed May 01 21:24:44.146608 2024] [php:warn] [pid 8036:tid 1884] [client ::1:53956] PHP Warning:  Undefined array key "password" in C:\\Users\\kotha\\Desktop\\SE\\Xamp\\htdocs\\register.php on line 27, referer: http://localhost/signup.html
[Wed May 01 21:24:44.146608 2024] [php:error] [pid 8036:tid 1884] [client ::1:53956] PHP Fatal error:  Uncaught mysqli_sql_exception: Column 'username' cannot be null in C:\\Users\\kotha\\Desktop\\SE\\Xamp\\htdocs\\register.php:31\nStack trace:\n#0 C:\\Users\\kotha\\Desktop\\SE\\Xamp\\htdocs\\register.php(31): mysqli_stmt->execute()\n#1 {main}\n  thrown in C:\\Users\\kotha\\Desktop\\SE\\Xamp\\htdocs\\register.php on line 31, referer: http://localhost/signup.html
[Thu May 02 04:43:04.732219 2024] [ssl:warn] [pid 17272:tid 356] AH01909: www.example.com:443:0 server certificate does NOT include an ID which matches the server name
[Thu May 02 04:43:04.758104 2024] [core:warn] [pid 17272:tid 356] AH00098: pid file C:/Users/kotha/Desktop/SE/Xamp/apache/logs/httpd.pid overwritten -- Unclean shutdown of previous Apache run?
[Thu May 02 04:43:04.761878 2024] [ssl:warn] [pid 17272:tid 356] AH01909: www.example.com:443:0 server certificate does NOT include an ID which matches the server name
[Thu May 02 04:43:04.870772 2024] [mpm_winnt:notice] [pid 17272:tid 356] AH00455: Apache/2.4.58 (Win64) OpenSSL/3.1.3 PHP/8.2.12 configured -- resuming normal operations
[Thu May 02 04:43:04.870772 2024] [mpm_winnt:notice] [pid 17272:tid 356] AH00456: Apache Lounge VS17 Server built: Oct 18 2023 13:03:18
[Thu May 02 04:43:04.870772 2024] [core:notice] [pid 17272:tid 356] AH00094: Command line: 'c:\\users\\kotha\\desktop\\se\\xamp\\apache\\bin\\httpd.exe -d C:/Users/kotha/Desktop/SE/Xamp/apache'
[Thu May 02 04:43:04.890516 2024] [mpm_winnt:notice] [pid 17272:tid 356] AH00418: Parent: Created child process 15712
[Thu May 02 04:43:05.075572 2024] [ssl:warn] [pid 15712:tid 380] AH01909: www.example.com:443:0 server certificate does NOT include an ID which matches the server name
[Thu May 02 04:43:05.102642 2024] [ssl:warn] [pid 15712:tid 380] AH01909: www.example.com:443:0 server certificate does NOT include an ID which matches the server name
[Thu May 02 04:43:05.123066 2024] [mpm_winnt:notice] [pid 15712:tid 380] AH00354: Child: Starting 150 worker threads.
[Thu May 02 04:48:15.649317 2024] [ssl:warn] [pid 14944:tid 372] AH01909: www.example.com:443:0 server certificate does NOT include an ID which matches the server name
[Thu May 02 04:48:15.678893 2024] [core:warn] [pid 14944:tid 372] AH00098: pid file C:/Users/kotha/Desktop/SE/Xamp/apache/logs/httpd.pid overwritten -- Unclean shutdown of previous Apache run?
[Thu May 02 04:48:15.681438 2024] [ssl:warn] [pid 14944:tid 372] AH01909: www.example.com:443:0 server certificate does NOT include an ID which matches the server name
[Thu May 02 04:48:15.702323 2024] [mpm_winnt:notice] [pid 14944:tid 372] AH00455: Apache/2.4.58 (Win64) OpenSSL/3.1.3 PHP/8.2.12 configured -- resuming normal operations
[Thu May 02 04:48:15.702323 2024] [mpm_winnt:notice] [pid 14944:tid 372] AH00456: Apache Lounge VS17 Server built: Oct 18 2023 13:03:18
[Thu May 02 04:48:15.702323 2024] [core:notice] [pid 14944:tid 372] AH00094: Command line: 'c:\\users\\kotha\\desktop\\se\\xamp\\apache\\bin\\httpd.exe -d C:/Users/kotha/Desktop/SE/Xamp/apache'
[Thu May 02 04:48:15.712834 2024] [mpm_winnt:notice] [pid 14944:tid 372] AH00418: Parent: Created child process 12388
[Thu May 02 04:48:15.932681 2024] [ssl:warn] [pid 12388:tid 352] AH01909: www.example.com:443:0 server certificate does NOT include an ID which matches the server name
[Thu May 02 04:48:15.948700 2024] [ssl:warn] [pid 12388:tid 352] AH01909: www.example.com:443:0 server certificate does NOT include an ID which matches the server name
[Thu May 02 04:48:15.971104 2024] [mpm_winnt:notice] [pid 12388:tid 352] AH00354: Child: Starting 150 worker threads.
[Thu May 02 04:58:45.443517 2024] [ssl:warn] [pid 14316:tid 380] AH01909: www.example.com:443:0 server certificate does NOT include an ID which matches the server name
[Thu May 02 04:58:45.476090 2024] [core:warn] [pid 14316:tid 380] AH00098: pid file C:/Users/kotha/Desktop/SE/Xamp/apache/logs/httpd.pid overwritten -- Unclean shutdown of previous Apache run?
[Thu May 02 04:58:45.478497 2024] [ssl:warn] [pid 14316:tid 380] AH01909: www.example.com:443:0 server certificate does NOT include an ID which matches the server name
[Thu May 02 04:58:45.506773 2024] [mpm_winnt:notice] [pid 14316:tid 380] AH00455: Apache/2.4.58 (Win64) OpenSSL/3.1.3 PHP/8.2.12 configured -- resuming normal operations
[Thu May 02 04:58:45.506773 2024] [mpm_winnt:notice] [pid 14316:tid 380] AH00456: Apache Lounge VS17 Server built: Oct 18 2023 13:03:18
[Thu May 02 04:58:45.506773 2024] [core:notice] [pid 14316:tid 380] AH00094: Command line: 'c:\\users\\kotha\\desktop\\se\\xamp\\apache\\bin\\httpd.exe -d C:/Users/kotha/Desktop/SE/Xamp/apache'
[Thu May 02 04:58:45.506773 2024] [mpm_winnt:notice] [pid 14316:tid 380] AH00418: Parent: Created child process 25376
[Thu May 02 04:58:45.713185 2024] [ssl:warn] [pid 25376:tid 352] AH01909: www.example.com:443:0 server certificate does NOT include an ID which matches the server name
[Thu May 02 04:58:45.728272 2024] [ssl:warn] [pid 25376:tid 352] AH01909: www.example.com:443:0 server certificate does NOT include an ID which matches the server name
[Thu May 02 04:58:45.759614 2024] [mpm_winnt:notice] [pid 25376:tid 352] AH00354: Child: Starting 150 worker threads.
[Thu May 02 04:58:59.956940 2024] [ssl:warn] [pid 23688:tid 368] AH01909: www.example.com:443:0 server certificate does NOT include an ID which matches the server name
[Thu May 02 04:58:59.988508 2024] [core:warn] [pid 23688:tid 368] AH00098: pid file C:/Users/kotha/Desktop/SE/Xamp/apache/logs/httpd.pid overwritten -- Unclean shutdown of previous Apache run?
[Thu May 02 04:58:59.989344 2024] [ssl:warn] [pid 23688:tid 368] AH01909: www.example.com:443:0 server certificate does NOT include an ID which matches the server name
[Thu May 02 04:59:00.004209 2024] [mpm_winnt:notice] [pid 23688:tid 368] AH00455: Apache/2.4.58 (Win64) OpenSSL/3.1.3 PHP/8.2.12 configured -- resuming normal operations
[Thu May 02 04:59:00.004209 2024] [mpm_winnt:notice] [pid 23688:tid 368] AH00456: Apache Lounge VS17 Server built: Oct 18 2023 13:03:18
[Thu May 02 04:59:00.004209 2024] [core:notice] [pid 23688:tid 368] AH00094: Command line: 'c:\\users\\kotha\\desktop\\se\\xamp\\apache\\bin\\httpd.exe -d C:/Users/kotha/Desktop/SE/Xamp/apache'
[Thu May 02 04:59:00.004209 2024] [mpm_winnt:notice] [pid 23688:tid 368] AH00418: Parent: Created child process 23036
[Thu May 02 04:59:00.209219 2024] [ssl:warn] [pid 23036:tid 352] AH01909: www.example.com:443:0 server certificate does NOT include an ID which matches the server name
[Thu May 02 04:59:00.235930 2024] [ssl:warn] [pid 23036:tid 352] AH01909: www.example.com:443:0 server certificate does NOT include an ID which matches the server name
[Thu May 02 04:59:00.257038 2024] [mpm_winnt:notice] [pid 23036:tid 352] AH00354: Child: Starting 150 worker threads.
[Thu May 02 04:59:18.589060 2024] [ssl:warn] [pid 12936:tid 388] AH01909: www.example.com:443:0 server certificate does NOT include an ID which matches the server name
[Thu May 02 04:59:18.599027 2024] [core:warn] [pid 12936:tid 388] AH00098: pid file C:/Users/kotha/Desktop/SE/Xamp/apache/logs/httpd.pid overwritten -- Unclean shutdown of previous Apache run?
[Thu May 02 04:59:18.614930 2024] [ssl:warn] [pid 12936:tid 388] AH01909: www.example.com:443:0 server certificate does NOT include an ID which matches the server name
[Thu May 02 04:59:18.630741 2024] [mpm_winnt:notice] [pid 12936:tid 388] AH00455: Apache/2.4.58 (Win64) OpenSSL/3.1.3 PHP/8.2.12 configured -- resuming normal operations
[Thu May 02 04:59:18.630741 2024] [mpm_winnt:notice] [pid 12936:tid 388] AH00456: Apache Lounge VS17 Server built: Oct 18 2023 13:03:18
[Thu May 02 04:59:18.630741 2024] [core:notice] [pid 12936:tid 388] AH00094: Command line: 'c:\\users\\kotha\\desktop\\se\\xamp\\apache\\bin\\httpd.exe -d C:/Users/kotha/Desktop/SE/Xamp/apache'
[Thu May 02 04:59:18.630741 2024] [mpm_winnt:notice] [pid 12936:tid 388] AH00418: Parent: Created child process 12904
[Thu May 02 04:59:18.834993 2024] [ssl:warn] [pid 12904:tid 364] AH01909: www.example.com:443:0 server certificate does NOT include an ID which matches the server name
[Thu May 02 04:59:18.859596 2024] [ssl:warn] [pid 12904:tid 364] AH01909: www.example.com:443:0 server certificate does NOT include an ID which matches the server name
[Thu May 02 04:59:18.882543 2024] [mpm_winnt:notice] [pid 12904:tid 364] AH00354: Child: Starting 150 worker threads.
[Thu May 02 05:11:08.169079 2024] [ssl:warn] [pid 17808:tid 396] AH01909: www.example.com:443:0 server certificate does NOT include an ID which matches the server name
[Thu May 02 05:11:08.193657 2024] [core:warn] [pid 17808:tid 396] AH00098: pid file C:/Users/kotha/Desktop/SE/Xamp/apache/logs/httpd.pid overwritten -- Unclean shutdown of previous Apache run?
[Thu May 02 05:11:08.195665 2024] [ssl:warn] [pid 17808:tid 396] AH01909: www.example.com:443:0 server certificate does NOT include an ID which matches the server name
[Thu May 02 05:11:08.220217 2024] [mpm_winnt:notice] [pid 17808:tid 396] AH00455: Apache/2.4.58 (Win64) OpenSSL/3.1.3 PHP/8.2.12 configured -- resuming normal operations
[Thu May 02 05:11:08.220217 2024] [mpm_winnt:notice] [pid 17808:tid 396] AH00456: Apache Lounge VS17 Server built: Oct 18 2023 13:03:18
[Thu May 02 05:11:08.220217 2024] [core:notice] [pid 17808:tid 396] AH00094: Command line: 'c:\\users\\kotha\\desktop\\se\\xamp\\apache\\bin\\httpd.exe -d C:/Users/kotha/Desktop/SE/Xamp/apache'
[Thu May 02 05:11:08.225692 2024] [mpm_winnt:notice] [pid 17808:tid 396] AH00418: Parent: Created child process 26936
[Thu May 02 05:11:08.416003 2024] [ssl:warn] [pid 26936:tid 376] AH01909: www.example.com:443:0 server certificate does NOT include an ID which matches the server name
[Thu May 02 05:11:08.438028 2024] [ssl:warn] [pid 26936:tid 376] AH01909: www.example.com:443:0 server certificate does NOT include an ID which matches the server name
[Thu May 02 05:11:08.462633 2024] [mpm_winnt:notice] [pid 26936:tid 376] AH00354: Child: Starting 150 worker threads.
[Thu May 02 05:14:11.543456 2024] [ssl:warn] [pid 12784:tid 380] AH01909: www.example.com:443:0 server certificate does NOT include an ID which matches the server name
[Thu May 02 05:14:11.568333 2024] [core:warn] [pid 12784:tid 380] AH00098: pid file C:/Users/kotha/Desktop/SE/Xamp/apache/logs/httpd.pid overwritten -- Unclean shutdown of previous Apache run?
[Thu May 02 05:14:11.570342 2024] [ssl:warn] [pid 12784:tid 380] AH01909: www.example.com:443:0 server certificate does NOT include an ID which matches the server name
[Thu May 02 05:14:11.593599 2024] [mpm_winnt:notice] [pid 12784:tid 380] AH00455: Apache/2.4.58 (Win64) OpenSSL/3.1.3 PHP/8.2.12 configured -- resuming normal operations
[Thu May 02 05:14:11.593599 2024] [mpm_winnt:notice] [pid 12784:tid 380] AH00456: Apache Lounge VS17 Server built: Oct 18 2023 13:03:18
[Thu May 02 05:14:11.593599 2024] [core:notice] [pid 12784:tid 380] AH00094: Command line: 'c:\\users\\kotha\\desktop\\se\\xamp\\apache\\bin\\httpd.exe -d C:/Users/kotha/Desktop/SE/Xamp/apache'
[Thu May 02 05:14:11.597543 2024] [mpm_winnt:notice] [pid 12784:tid 380] AH00418: Parent: Created child process 25884
[Thu May 02 05:14:11.791838 2024] [ssl:warn] [pid 25884:tid 368] AH01909: www.example.com:443:0 server certificate does NOT include an ID which matches the server name
[Thu May 02 05:14:11.816179 2024] [ssl:warn] [pid 25884:tid 368] AH01909: www.example.com:443:0 server certificate does NOT include an ID which matches the server name
[Thu May 02 05:14:11.839508 2024] [mpm_winnt:notice] [pid 25884:tid 368] AH00354: Child: Starting 150 worker threads.
[Thu May 02 05:16:48.189196 2024] [ssl:warn] [pid 7940:tid 356] AH01909: www.example.com:443:0 server certificate does NOT include an ID which matches the server name
[Thu May 02 05:16:48.214831 2024] [core:warn] [pid 7940:tid 356] AH00098: pid file C:/Users/kotha/Desktop/SE/Xamp/apache/logs/httpd.pid overwritten -- Unclean shutdown of previous Apache run?
[Thu May 02 05:16:48.216842 2024] [ssl:warn] [pid 7940:tid 356] AH01909: www.example.com:443:0 server certificate does NOT include an ID which matches the server name
[Thu May 02 05:16:48.241772 2024] [mpm_winnt:notice] [pid 7940:tid 356] AH00455: Apache/2.4.58 (Win64) OpenSSL/3.1.3 PHP/8.2.12 configured -- resuming normal operations
[Thu May 02 05:16:48.241772 2024] [mpm_winnt:notice] [pid 7940:tid 356] AH00456: Apache Lounge VS17 Server built: Oct 18 2023 13:03:18
[Thu May 02 05:16:48.241772 2024] [core:notice] [pid 7940:tid 356] AH00094: Command line: 'c:\\users\\kotha\\desktop\\se\\xamp\\apache\\bin\\httpd.exe -d C:/Users/kotha/Desktop/SE/Xamp/apache'
[Thu May 02 05:16:48.247581 2024] [mpm_winnt:notice] [pid 7940:tid 356] AH00418: Parent: Created child process 12724
[Thu May 02 05:16:48.437882 2024] [ssl:warn] [pid 12724:tid 352] AH01909: www.example.com:443:0 server certificate does NOT include an ID which matches the server name
[Thu May 02 05:16:48.462370 2024] [ssl:warn] [pid 12724:tid 352] AH01909: www.example.com:443:0 server certificate does NOT include an ID which matches the server name
[Thu May 02 05:16:48.485253 2024] [mpm_winnt:notice] [pid 12724:tid 352] AH00354: Child: Starting 150 worker threads.
[Thu May 02 05:26:15.817529 2024] [ssl:warn] [pid 3112:tid 380] AH01909: www.example.com:443:0 server certificate does NOT include an ID which matches the server name
[Thu May 02 05:26:15.841978 2024] [core:warn] [pid 3112:tid 380] AH00098: pid file C:/Users/kotha/Desktop/SE/Xamp/apache/logs/httpd.pid overwritten -- Unclean shutdown of previous Apache run?
[Thu May 02 05:26:15.843971 2024] [ssl:warn] [pid 3112:tid 380] AH01909: www.example.com:443:0 server certificate does NOT include an ID which matches the server name
[Thu May 02 05:26:15.874410 2024] [mpm_winnt:notice] [pid 3112:tid 380] AH00455: Apache/2.4.58 (Win64) OpenSSL/3.1.3 PHP/8.2.12 configured -- resuming normal operations
[Thu May 02 05:26:15.874410 2024] [mpm_winnt:notice] [pid 3112:tid 380] AH00456: Apache Lounge VS17 Server built: Oct 18 2023 13:03:18
[Thu May 02 05:26:15.874410 2024] [core:notice] [pid 3112:tid 380] AH00094: Command line: 'c:\\users\\kotha\\desktop\\se\\xamp\\apache\\bin\\httpd.exe -d C:/Users/kotha/Desktop/SE/Xamp/apache'
[Thu May 02 05:26:15.879036 2024] [mpm_winnt:notice] [pid 3112:tid 380] AH00418: Parent: Created child process 20632
[Thu May 02 05:26:16.097507 2024] [ssl:warn] [pid 20632:tid 380] AH01909: www.example.com:443:0 server certificate does NOT include an ID which matches the server name
[Thu May 02 05:26:16.120112 2024] [ssl:warn] [pid 20632:tid 380] AH01909: www.example.com:443:0 server certificate does NOT include an ID which matches the server name
[Thu May 02 05:26:16.143261 2024] [mpm_winnt:notice] [pid 20632:tid 380] AH00354: Child: Starting 150 worker threads.
[Thu May 02 05:27:36.738238 2024] [ssl:warn] [pid 19028:tid 372] AH01909: www.example.com:443:0 server certificate does NOT include an ID which matches the server name
[Thu May 02 05:27:36.762708 2024] [core:warn] [pid 19028:tid 372] AH00098: pid file C:/Users/kotha/Desktop/SE/Xamp/apache/logs/httpd.pid overwritten -- Unclean shutdown of previous Apache run?
[Thu May 02 05:27:36.764862 2024] [ssl:warn] [pid 19028:tid 372] AH01909: www.example.com:443:0 server certificate does NOT include an ID which matches the server name
[Thu May 02 05:27:36.789293 2024] [mpm_winnt:notice] [pid 19028:tid 372] AH00455: Apache/2.4.58 (Win64) OpenSSL/3.1.3 PHP/8.2.12 configured -- resuming normal operations
[Thu May 02 05:27:36.789293 2024] [mpm_winnt:notice] [pid 19028:tid 372] AH00456: Apache Lounge VS17 Server built: Oct 18 2023 13:03:18
[Thu May 02 05:27:36.789293 2024] [core:notice] [pid 19028:tid 372] AH00094: Command line: 'c:\\users\\kotha\\desktop\\se\\xamp\\apache\\bin\\httpd.exe -d C:/Users/kotha/Desktop/SE/Xamp/apache'
[Thu May 02 05:27:36.793421 2024] [mpm_winnt:notice] [pid 19028:tid 372] AH00418: Parent: Created child process 24976
[Thu May 02 05:27:36.993050 2024] [ssl:warn] [pid 24976:tid 400] AH01909: www.example.com:443:0 server certificate does NOT include an ID which matches the server name
[Thu May 02 05:27:37.016497 2024] [ssl:warn] [pid 24976:tid 400] AH01909: www.example.com:443:0 server certificate does NOT include an ID which matches the server name
[Thu May 02 05:27:37.040815 2024] [mpm_winnt:notice] [pid 24976:tid 400] AH00354: Child: Starting 150 worker threads.
[Thu May 02 11:13:53.716485 2024] [ssl:warn] [pid 10028:tid 364] AH01909: www.example.com:443:0 server certificate does NOT include an ID which matches the server name
[Thu May 02 11:13:53.744560 2024] [core:warn] [pid 10028:tid 364] AH00098: pid file C:/Users/kotha/Desktop/SE/Xamp/apache/logs/httpd.pid overwritten -- Unclean shutdown of previous Apache run?
[Thu May 02 11:13:53.744560 2024] [ssl:warn] [pid 10028:tid 364] AH01909: www.example.com:443:0 server certificate does NOT include an ID which matches the server name
[Thu May 02 11:13:54.042709 2024] [mpm_winnt:notice] [pid 10028:tid 364] AH00455: Apache/2.4.58 (Win64) OpenSSL/3.1.3 PHP/8.2.12 configured -- resuming normal operations
[Thu May 02 11:13:54.042709 2024] [mpm_winnt:notice] [pid 10028:tid 364] AH00456: Apache Lounge VS17 Server built: Oct 18 2023 13:03:18
[Thu May 02 11:13:54.042709 2024] [core:notice] [pid 10028:tid 364] AH00094: Command line: 'c:\\users\\kotha\\desktop\\se\\xamp\\apache\\bin\\httpd.exe -d C:/Users/kotha/Desktop/SE/Xamp/apache'
[Thu May 02 11:13:54.047459 2024] [mpm_winnt:notice] [pid 10028:tid 364] AH00418: Parent: Created child process 26848
[Thu May 02 11:13:54.236554 2024] [ssl:warn] [pid 26848:tid 352] AH01909: www.example.com:443:0 server certificate does NOT include an ID which matches the server name
[Thu May 02 11:13:54.252649 2024] [ssl:warn] [pid 26848:tid 352] AH01909: www.example.com:443:0 server certificate does NOT include an ID which matches the server name
[Thu May 02 11:13:54.282542 2024] [mpm_winnt:notice] [pid 26848:tid 352] AH00354: Child: Starting 150 worker threads.
[Thu May 02 11:15:43.851734 2024] [php:error] [pid 26848:tid 1888] [client ::1:55814] PHP Fatal error:  Uncaught mysqli_sql_exception: Access denied for user 'root'@'localhost' (using password: YES) in C:\\Users\\kotha\\Desktop\\SE\\Xamp\\htdocs\\register.php:9\nStack trace:\n#0 C:\\Users\\kotha\\Desktop\\SE\\Xamp\\htdocs\\register.php(9): mysqli->__construct('localhost', 'root', Object(SensitiveParameterValue), 'pdmsb')\n#1 {main}\n  thrown in C:\\Users\\kotha\\Desktop\\SE\\Xamp\\htdocs\\register.php on line 9, referer: http://localhost/signup.html
[Thu May 02 11:28:29.588948 2024] [php:warn] [pid 26848:tid 1888] [client ::1:56010] PHP Warning:  Undefined array key "username" in C:\\Users\\kotha\\Desktop\\SE\\Xamp\\htdocs\\login.php on line 20, referer: http://localhost/patient_home.html
[Thu May 02 11:28:29.588948 2024] [php:warn] [pid 26848:tid 1888] [client ::1:56010] PHP Warning:  Undefined array key "password" in C:\\Users\\kotha\\Desktop\\SE\\Xamp\\htdocs\\login.php on line 21, referer: http://localhost/patient_home.html
[Thu May 02 11:51:31.330374 2024] [php:warn] [pid 26848:tid 1872] [client ::1:56267] PHP Warning:  Undefined array key "username" in C:\\Users\\kotha\\Desktop\\SE\\Xamp\\htdocs\\login.php on line 20, referer: http://localhost/patient_home.html
[Thu May 02 11:51:31.330374 2024] [php:warn] [pid 26848:tid 1872] [client ::1:56267] PHP Warning:  Undefined array key "password" in C:\\Users\\kotha\\Desktop\\SE\\Xamp\\htdocs\\login.php on line 21, referer: http://localhost/patient_home.html
[Thu May 02 11:55:08.265126 2024] [php:warn] [pid 26848:tid 1872] [client ::1:56286] PHP Warning:  Undefined array key "username" in C:\\Users\\kotha\\Desktop\\SE\\Xamp\\htdocs\\login.php on line 20, referer: http://localhost/patient_home.html
[Thu May 02 11:55:08.266128 2024] [php:warn] [pid 26848:tid 1872] [client ::1:56286] PHP Warning:  Undefined array key "password" in C:\\Users\\kotha\\Desktop\\SE\\Xamp\\htdocs\\login.php on line 21, referer: http://localhost/patient_home.html
[Thu May 02 12:02:49.825563 2024] [php:warn] [pid 26848:tid 1892] [client ::1:56374] PHP Warning:  Undefined array key "username" in C:\\Users\\kotha\\Desktop\\SE\\Xamp\\htdocs\\login.php on line 20, referer: http://localhost/patient_home.html
[Thu May 02 12:02:49.825563 2024] [php:warn] [pid 26848:tid 1892] [client ::1:56374] PHP Warning:  Undefined array key "password" in C:\\Users\\kotha\\Desktop\\SE\\Xamp\\htdocs\\login.php on line 21, referer: http://localhost/patient_home.html
[Thu May 02 12:16:22.400781 2024] [php:error] [pid 26848:tid 1872] [client ::1:56441] PHP Parse error:  Unclosed '{' on line 57 in C:\\Users\\kotha\\Desktop\\SE\\Xamp\\htdocs\\login.php on line 58, referer: http://localhost/patient_home.html
[Thu May 02 12:19:17.130013 2024] [php:error] [pid 26848:tid 1892] [client ::1:56459] PHP Parse error:  Unclosed '{' on line 59 in C:\\Users\\kotha\\Desktop\\SE\\Xamp\\htdocs\\login.php on line 60, referer: http://localhost/patient_home.html
[Thu May 02 12:19:20.710698 2024] [php:error] [pid 26848:tid 1892] [client ::1:56459] PHP Parse error:  Unclosed '{' on line 59 in C:\\Users\\kotha\\Desktop\\SE\\Xamp\\htdocs\\login.php on line 60, referer: http://localhost/patient_home.html
[Thu May 02 12:47:58.235686 2024] [php:error] [pid 26848:tid 1872] [client ::1:56739] PHP Parse error:  Unclosed '{' on line 59 in C:\\Users\\kotha\\Desktop\\SE\\Xamp\\htdocs\\login.php on line 60, referer: http://localhost/patient_home.html
[Thu May 02 15:09:15.356105 2024] [php:error] [pid 26848:tid 1872] [client ::1:57400] PHP Parse error:  Unclosed '{' on line 59 in C:\\Users\\kotha\\Desktop\\SE\\Xamp\\htdocs\\login.php on line 60, referer: http://localhost/patient_home.html
[Thu May 02 15:10:31.332209 2024] [php:warn] [pid 26848:tid 1872] [client ::1:57426] PHP Warning:  Undefined array key "username" in C:\\Users\\kotha\\Desktop\\SE\\Xamp\\htdocs\\login.php on line 20, referer: http://localhost/patient_home.html
[Thu May 02 15:10:31.332209 2024] [php:warn] [pid 26848:tid 1872] [client ::1:57426] PHP Warning:  Undefined array key "password" in C:\\Users\\kotha\\Desktop\\SE\\Xamp\\htdocs\\login.php on line 21, referer: http://localhost/patient_home.html
[Thu May 02 15:18:40.874519 2024] [php:warn] [pid 26848:tid 1864] [client ::1:57541] PHP Warning:  Undefined array key "username" in C:\\Users\\kotha\\Desktop\\SE\\Xamp\\htdocs\\login.php on line 21, referer: http://localhost/patient_home.html
[Thu May 02 15:18:40.874519 2024] [php:warn] [pid 26848:tid 1864] [client ::1:57541] PHP Warning:  Undefined array key "password" in C:\\Users\\kotha\\Desktop\\SE\\Xamp\\htdocs\\login.php on line 22, referer: http://localhost/patient_home.html
[Thu May 02 15:25:32.705304 2024] [php:warn] [pid 26848:tid 1864] [client ::1:57611] PHP Warning:  Undefined array key "username" in C:\\Users\\kotha\\Desktop\\SE\\Xamp\\htdocs\\login.php on line 21, referer: http://localhost/patient_home.html
[Thu May 02 15:25:32.705304 2024] [php:notice] [pid 26848:tid 1864] [client ::1:57611] PHP Deprecated:  trim(): Passing null to parameter #1 ($string) of type string is deprecated in C:\\Users\\kotha\\Desktop\\SE\\Xamp\\htdocs\\login.php on line 21, referer: http://localhost/patient_home.html
[Thu May 02 15:25:32.705304 2024] [php:warn] [pid 26848:tid 1864] [client ::1:57611] PHP Warning:  Undefined array key "password" in C:\\Users\\kotha\\Desktop\\SE\\Xamp\\htdocs\\login.php on line 22, referer: http://localhost/patient_home.html
[Thu May 02 15:25:32.705304 2024] [php:notice] [pid 26848:tid 1864] [client ::1:57611] PHP Deprecated:  trim(): Passing null to parameter #1 ($string) of type string is deprecated in C:\\Users\\kotha\\Desktop\\SE\\Xamp\\htdocs\\login.php on line 22, referer: http://localhost/patient_home.html
[Thu May 02 15:29:28.750575 2024] [php:warn] [pid 26848:tid 1864] [client ::1:57642] PHP Warning:  Undefined array key "username" in C:\\Users\\kotha\\Desktop\\SE\\Xamp\\htdocs\\login.php on line 17, referer: http://localhost/patient_home.html
[Thu May 02 15:29:28.750575 2024] [php:warn] [pid 26848:tid 1864] [client ::1:57642] PHP Warning:  Undefined array key "password" in C:\\Users\\kotha\\Desktop\\SE\\Xamp\\htdocs\\login.php on line 18, referer: http://localhost/patient_home.html
[Thu May 02 15:41:56.746048 2024] [php:warn] [pid 26848:tid 1864] [client ::1:57725] PHP Warning:  Undefined array key "username" in C:\\Users\\kotha\\Desktop\\SE\\Xamp\\htdocs\\login.php on line 17, referer: http://localhost/patient_home.html
[Thu May 02 15:41:56.746615 2024] [php:warn] [pid 26848:tid 1864] [client ::1:57725] PHP Warning:  Undefined array key "password" in C:\\Users\\kotha\\Desktop\\SE\\Xamp\\htdocs\\login.php on line 18, referer: http://localhost/patient_home.html
[Thu May 02 15:48:08.016721 2024] [php:warn] [pid 26848:tid 1864] [client ::1:57784] PHP Warning:  Undefined array key "username" in C:\\Users\\kotha\\Desktop\\SE\\Xamp\\htdocs\\login.php on line 17, referer: http://localhost/hospital_home.html
[Thu May 02 15:48:08.016721 2024] [php:warn] [pid 26848:tid 1864] [client ::1:57784] PHP Warning:  Undefined array key "password" in C:\\Users\\kotha\\Desktop\\SE\\Xamp\\htdocs\\login.php on line 18, referer: http://localhost/hospital_home.html
[Thu May 02 15:48:16.512989 2024] [php:warn] [pid 26848:tid 1892] [client ::1:57785] PHP Warning:  Undefined array key "username" in C:\\Users\\kotha\\Desktop\\SE\\Xamp\\htdocs\\login.php on line 17, referer: http://localhost/hospital_home.html
[Thu May 02 15:48:16.512989 2024] [php:warn] [pid 26848:tid 1892] [client ::1:57785] PHP Warning:  Undefined array key "password" in C:\\Users\\kotha\\Desktop\\SE\\Xamp\\htdocs\\login.php on line 18, referer: http://localhost/hospital_home.html
[Thu May 02 15:49:53.259451 2024] [php:warn] [pid 26848:tid 1864] [client ::1:57797] PHP Warning:  Undefined array key "username" in C:\\Users\\kotha\\Desktop\\SE\\Xamp\\htdocs\\login.php on line 17, referer: http://localhost/hospital_home.html
[Thu May 02 15:49:53.260625 2024] [php:warn] [pid 26848:tid 1864] [client ::1:57797] PHP Warning:  Undefined array key "password" in C:\\Users\\kotha\\Desktop\\SE\\Xamp\\htdocs\\login.php on line 18, referer: http://localhost/hospital_home.html
[Thu May 02 15:51:10.180733 2024] [php:warn] [pid 26848:tid 1892] [client ::1:57802] PHP Warning:  Undefined array key "username" in C:\\Users\\kotha\\Desktop\\SE\\Xamp\\htdocs\\login.php on line 17, referer: http://localhost/hospital_home.html
[Thu May 02 15:51:10.181941 2024] [php:warn] [pid 26848:tid 1892] [client ::1:57802] PHP Warning:  Undefined array key "password" in C:\\Users\\kotha\\Desktop\\SE\\Xamp\\htdocs\\login.php on line 18, referer: http://localhost/hospital_home.html
[Thu May 02 16:33:34.704978 2024] [ssl:warn] [pid 21412:tid 356] AH01909: www.example.com:443:0 server certificate does NOT include an ID which matches the server name
[Thu May 02 16:33:34.735961 2024] [core:warn] [pid 21412:tid 356] AH00098: pid file C:/Users/kotha/Desktop/SE/Xamp/apache/logs/httpd.pid overwritten -- Unclean shutdown of previous Apache run?
[Thu May 02 16:33:34.735961 2024] [ssl:warn] [pid 21412:tid 356] AH01909: www.example.com:443:0 server certificate does NOT include an ID which matches the server name
[Thu May 02 16:33:34.751587 2024] [mpm_winnt:notice] [pid 21412:tid 356] AH00455: Apache/2.4.58 (Win64) OpenSSL/3.1.3 PHP/8.2.12 configured -- resuming normal operations
[Thu May 02 16:33:34.751587 2024] [mpm_winnt:notice] [pid 21412:tid 356] AH00456: Apache Lounge VS17 Server built: Oct 18 2023 13:03:18
[Thu May 02 16:33:34.751587 2024] [core:notice] [pid 21412:tid 356] AH00094: Command line: 'c:\\users\\kotha\\desktop\\se\\xamp\\apache\\bin\\httpd.exe -d C:/Users/kotha/Desktop/SE/Xamp/apache'
[Thu May 02 16:33:34.768332 2024] [mpm_winnt:notice] [pid 21412:tid 356] AH00418: Parent: Created child process 9248
[Thu May 02 16:33:34.946616 2024] [ssl:warn] [pid 9248:tid 356] AH01909: www.example.com:443:0 server certificate does NOT include an ID which matches the server name
[Thu May 02 16:33:34.975820 2024] [ssl:warn] [pid 9248:tid 356] AH01909: www.example.com:443:0 server certificate does NOT include an ID which matches the server name
[Thu May 02 16:33:34.987839 2024] [mpm_winnt:notice] [pid 9248:tid 356] AH00354: Child: Starting 150 worker threads.
[Thu May 02 16:46:15.050338 2024] [ssl:warn] [pid 12364:tid 356] AH01909: www.example.com:443:0 server certificate does NOT include an ID which matches the server name
[Thu May 02 16:46:15.081570 2024] [core:warn] [pid 12364:tid 356] AH00098: pid file C:/Users/kotha/Desktop/SE/Xamp/apache/logs/httpd.pid overwritten -- Unclean shutdown of previous Apache run?
[Thu May 02 16:46:15.084861 2024] [ssl:warn] [pid 12364:tid 356] AH01909: www.example.com:443:0 server certificate does NOT include an ID which matches the server name
[Thu May 02 16:46:15.097389 2024] [mpm_winnt:notice] [pid 12364:tid 356] AH00455: Apache/2.4.58 (Win64) OpenSSL/3.1.3 PHP/8.2.12 configured -- resuming normal operations
[Thu May 02 16:46:15.097389 2024] [mpm_winnt:notice] [pid 12364:tid 356] AH00456: Apache Lounge VS17 Server built: Oct 18 2023 13:03:18
[Thu May 02 16:46:15.097389 2024] [core:notice] [pid 12364:tid 356] AH00094: Command line: 'c:\\users\\kotha\\desktop\\se\\xamp\\apache\\bin\\httpd.exe -d C:/Users/kotha/Desktop/SE/Xamp/apache'
[Thu May 02 16:46:15.113227 2024] [mpm_winnt:notice] [pid 12364:tid 356] AH00418: Parent: Created child process 16480
[Thu May 02 16:46:15.318239 2024] [ssl:warn] [pid 16480:tid 392] AH01909: www.example.com:443:0 server certificate does NOT include an ID which matches the server name
[Thu May 02 16:46:15.338962 2024] [ssl:warn] [pid 16480:tid 392] AH01909: www.example.com:443:0 server certificate does NOT include an ID which matches the server name
[Thu May 02 16:46:15.365947 2024] [mpm_winnt:notice] [pid 16480:tid 392] AH00354: Child: Starting 150 worker threads.
[Thu May 02 16:47:32.393120 2024] [php:error] [pid 16480:tid 1880] [client ::1:50611] PHP Fatal error:  Uncaught mysqli_sql_exception: Access denied for user 'root'@'localhost' (using password: YES) in C:\\Users\\kotha\\Desktop\\SE\\Xamp\\htdocs\\hospital_id.php:9\nStack trace:\n#0 C:\\Users\\kotha\\Desktop\\SE\\Xamp\\htdocs\\hospital_id.php(9): mysqli->__construct('localhost', 'root', Object(SensitiveParameterValue), 'hdetails')\n#1 {main}\n  thrown in C:\\Users\\kotha\\Desktop\\SE\\Xamp\\htdocs\\hospital_id.php on line 9, referer: http://localhost/hospital_success.html
[Thu May 02 16:50:58.978460 2024] [php:error] [pid 16480:tid 1880] [client ::1:50689] PHP Fatal error:  Uncaught mysqli_sql_exception: Access denied for user 'root'@'localhost' (using password: YES) in C:\\Users\\kotha\\Desktop\\SE\\Xamp\\htdocs\\m_bills.php:23\nStack trace:\n#0 C:\\Users\\kotha\\Desktop\\SE\\Xamp\\htdocs\\m_bills.php(23): mysqli->__construct('localhost', 'root', Object(SensitiveParameterValue), 'mdetails')\n#1 {main}\n  thrown in C:\\Users\\kotha\\Desktop\\SE\\Xamp\\htdocs\\m_bills.php on line 23, referer: http://localhost/medical_success.html
[Thu May 02 16:53:58.152517 2024] [php:error] [pid 16480:tid 1884] [client ::1:50728] PHP Fatal error:  Uncaught mysqli_sql_exception: Access denied for user 'root'@'localhost' (using password: YES) in C:\\Users\\kotha\\Desktop\\SE\\Xamp\\htdocs\\m_bills.php:23\nStack trace:\n#0 C:\\Users\\kotha\\Desktop\\SE\\Xamp\\htdocs\\m_bills.php(23): mysqli->__construct('localhost', 'root', Object(SensitiveParameterValue), 'mdetails')\n#1 {main}\n  thrown in C:\\Users\\kotha\\Desktop\\SE\\Xamp\\htdocs\\m_bills.php on line 23, referer: http://localhost/medical_success.html
[Fri May 03 05:47:29.158535 2024] [ssl:warn] [pid 20932:tid 364] AH01909: www.example.com:443:0 server certificate does NOT include an ID which matches the server name
[Fri May 03 05:47:29.186665 2024] [core:warn] [pid 20932:tid 364] AH00098: pid file C:/Users/kotha/Desktop/SE/Xamp/apache/logs/httpd.pid overwritten -- Unclean shutdown of previous Apache run?
[Fri May 03 05:47:29.186665 2024] [ssl:warn] [pid 20932:tid 364] AH01909: www.example.com:443:0 server certificate does NOT include an ID which matches the server name
[Fri May 03 05:47:29.421704 2024] [mpm_winnt:notice] [pid 20932:tid 364] AH00455: Apache/2.4.58 (Win64) OpenSSL/3.1.3 PHP/8.2.12 configured -- resuming normal operations
[Fri May 03 05:47:29.421704 2024] [mpm_winnt:notice] [pid 20932:tid 364] AH00456: Apache Lounge VS17 Server built: Oct 18 2023 13:03:18
[Fri May 03 05:47:29.421704 2024] [core:notice] [pid 20932:tid 364] AH00094: Command line: 'c:\\users\\kotha\\desktop\\se\\xamp\\apache\\bin\\httpd.exe -d C:/Users/kotha/Desktop/SE/Xamp/apache'
[Fri May 03 05:47:29.421704 2024] [mpm_winnt:notice] [pid 20932:tid 364] AH00418: Parent: Created child process 18116
[Fri May 03 05:47:29.736391 2024] [ssl:warn] [pid 18116:tid 368] AH01909: www.example.com:443:0 server certificate does NOT include an ID which matches the server name
[Fri May 03 05:47:29.761817 2024] [ssl:warn] [pid 18116:tid 368] AH01909: www.example.com:443:0 server certificate does NOT include an ID which matches the server name
[Fri May 03 05:47:29.787970 2024] [mpm_winnt:notice] [pid 18116:tid 368] AH00354: Child: Starting 150 worker threads.
[Fri May 03 14:53:21.048247 2024] [php:warn] [pid 18116:tid 1876] [client ::1:58510] PHP Warning:  Undefined array key "billImage" in C:\\Users\\kotha\\Desktop\\SE\\Xamp\\htdocs\\pbills.php on line 23, referer: http://localhost/patient_success.html
[Fri May 03 14:53:21.048247 2024] [php:warn] [pid 18116:tid 1876] [client ::1:58510] PHP Warning:  Trying to access array offset on value of type null in C:\\Users\\kotha\\Desktop\\SE\\Xamp\\htdocs\\pbills.php on line 23, referer: http://localhost/patient_success.html
[Fri May 03 14:53:21.048247 2024] [php:error] [pid 18116:tid 1876] [client ::1:58510] PHP Fatal error:  Uncaught ValueError: Path cannot be empty in C:\\Users\\kotha\\Desktop\\SE\\Xamp\\htdocs\\pbills.php:23\nStack trace:\n#0 C:\\Users\\kotha\\Desktop\\SE\\Xamp\\htdocs\\pbills.php(23): file_get_contents('')\n#1 {main}\n  thrown in C:\\Users\\kotha\\Desktop\\SE\\Xamp\\htdocs\\pbills.php on line 23, referer: http://localhost/patient_success.html
[Fri May 03 15:01:03.385910 2024] [php:warn] [pid 18116:tid 1892] [client ::1:58785] PHP Warning:  Undefined array key "billImage" in C:\\Users\\kotha\\Desktop\\SE\\Xamp\\htdocs\\pbills.php on line 23, referer: http://localhost/patient_success.html
[Fri May 03 15:01:03.385910 2024] [php:warn] [pid 18116:tid 1892] [client ::1:58785] PHP Warning:  Trying to access array offset on value of type null in C:\\Users\\kotha\\Desktop\\SE\\Xamp\\htdocs\\pbills.php on line 23, referer: http://localhost/patient_success.html
[Fri May 03 15:01:03.385910 2024] [php:error] [pid 18116:tid 1892] [client ::1:58785] PHP Fatal error:  Uncaught ValueError: Path cannot be empty in C:\\Users\\kotha\\Desktop\\SE\\Xamp\\htdocs\\pbills.php:23\nStack trace:\n#0 C:\\Users\\kotha\\Desktop\\SE\\Xamp\\htdocs\\pbills.php(23): file_get_contents('')\n#1 {main}\n  thrown in C:\\Users\\kotha\\Desktop\\SE\\Xamp\\htdocs\\pbills.php on line 23, referer: http://localhost/patient_success.html
[Fri May 03 15:03:01.304328 2024] [php:warn] [pid 18116:tid 1888] [client ::1:58855] PHP Warning:  Undefined array key "billImage" in C:\\Users\\kotha\\Desktop\\SE\\Xamp\\htdocs\\pbills.php on line 23, referer: http://localhost/patient_success.html
[Fri May 03 15:03:01.305325 2024] [php:warn] [pid 18116:tid 1888] [client ::1:58855] PHP Warning:  Trying to access array offset on value of type null in C:\\Users\\kotha\\Desktop\\SE\\Xamp\\htdocs\\pbills.php on line 23, referer: http://localhost/patient_success.html
[Fri May 03 15:03:01.305325 2024] [php:error] [pid 18116:tid 1888] [client ::1:58855] PHP Fatal error:  Uncaught ValueError: Path cannot be empty in C:\\Users\\kotha\\Desktop\\SE\\Xamp\\htdocs\\pbills.php:23\nStack trace:\n#0 C:\\Users\\kotha\\Desktop\\SE\\Xamp\\htdocs\\pbills.php(23): file_get_contents('')\n#1 {main}\n  thrown in C:\\Users\\kotha\\Desktop\\SE\\Xamp\\htdocs\\pbills.php on line 23, referer: http://localhost/patient_success.html
[Fri May 03 15:03:07.769118 2024] [php:warn] [pid 18116:tid 1892] [client ::1:58856] PHP Warning:  Undefined array key "billImage" in C:\\Users\\kotha\\Desktop\\SE\\Xamp\\htdocs\\pbills.php on line 23, referer: http://localhost/patient_success.html
[Fri May 03 15:03:07.769118 2024] [php:warn] [pid 18116:tid 1892] [client ::1:58856] PHP Warning:  Trying to access array offset on value of type null in C:\\Users\\kotha\\Desktop\\SE\\Xamp\\htdocs\\pbills.php on line 23, referer: http://localhost/patient_success.html
[Fri May 03 15:03:07.770314 2024] [php:error] [pid 18116:tid 1892] [client ::1:58856] PHP Fatal error:  Uncaught ValueError: Path cannot be empty in C:\\Users\\kotha\\Desktop\\SE\\Xamp\\htdocs\\pbills.php:23\nStack trace:\n#0 C:\\Users\\kotha\\Desktop\\SE\\Xamp\\htdocs\\pbills.php(23): file_get_contents('')\n#1 {main}\n  thrown in C:\\Users\\kotha\\Desktop\\SE\\Xamp\\htdocs\\pbills.php on line 23, referer: http://localhost/patient_success.html
[Fri May 03 15:05:46.143314 2024] [php:warn] [pid 18116:tid 1888] [client ::1:58950] PHP Warning:  Undefined array key "billImage" in C:\\Users\\kotha\\Desktop\\SE\\Xamp\\htdocs\\pbills.php on line 23, referer: http://localhost/patient_success.html
[Fri May 03 15:05:46.143314 2024] [php:warn] [pid 18116:tid 1888] [client ::1:58950] PHP Warning:  Trying to access array offset on value of type null in C:\\Users\\kotha\\Desktop\\SE\\Xamp\\htdocs\\pbills.php on line 23, referer: http://localhost/patient_success.html
[Fri May 03 15:05:46.143314 2024] [php:error] [pid 18116:tid 1888] [client ::1:58950] PHP Fatal error:  Uncaught ValueError: Path cannot be empty in C:\\Users\\kotha\\Desktop\\SE\\Xamp\\htdocs\\pbills.php:23\nStack trace:\n#0 C:\\Users\\kotha\\Desktop\\SE\\Xamp\\htdocs\\pbills.php(23): file_get_contents('')\n#1 {main}\n  thrown in C:\\Users\\kotha\\Desktop\\SE\\Xamp\\htdocs\\pbills.php on line 23, referer: http://localhost/patient_success.html
[Fri May 03 15:05:50.260242 2024] [php:warn] [pid 18116:tid 1888] [client ::1:58950] PHP Warning:  Undefined array key "billImage" in C:\\Users\\kotha\\Desktop\\SE\\Xamp\\htdocs\\pbills.php on line 23, referer: http://localhost/patient_success.html
[Fri May 03 15:05:50.260242 2024] [php:warn] [pid 18116:tid 1888] [client ::1:58950] PHP Warning:  Trying to access array offset on value of type null in C:\\Users\\kotha\\Desktop\\SE\\Xamp\\htdocs\\pbills.php on line 23, referer: http://localhost/patient_success.html
[Fri May 03 15:05:50.261240 2024] [php:error] [pid 18116:tid 1888] [client ::1:58950] PHP Fatal error:  Uncaught ValueError: Path cannot be empty in C:\\Users\\kotha\\Desktop\\SE\\Xamp\\htdocs\\pbills.php:23\nStack trace:\n#0 C:\\Users\\kotha\\Desktop\\SE\\Xamp\\htdocs\\pbills.php(23): file_get_contents('')\n#1 {main}\n  thrown in C:\\Users\\kotha\\Desktop\\SE\\Xamp\\htdocs\\pbills.php on line 23, referer: http://localhost/patient_success.html
[Fri May 03 21:57:02.415923 2024] [php:error] [pid 18116:tid 1892] [client ::1:57180] PHP Fatal error:  Uncaught mysqli_sql_exception: Unknown column 'patientId' in 'field list' in C:\\Users\\kotha\\Desktop\\SE\\Xamp\\htdocs\\get_mbills.php:21\nStack trace:\n#0 C:\\Users\\kotha\\Desktop\\SE\\Xamp\\htdocs\\get_mbills.php(21): mysqli->query('SELECT patientI...')\n#1 C:\\Users\\kotha\\Desktop\\SE\\Xamp\\htdocs\\get_mbills.php(35): fetchBillData(Object(mysqli))\n#2 {main}\n  thrown in C:\\Users\\kotha\\Desktop\\SE\\Xamp\\htdocs\\get_mbills.php on line 21, referer: http://localhost/medical_success.html
[Fri May 03 21:58:30.859392 2024] [php:error] [pid 18116:tid 1892] [client ::1:57274] PHP Fatal error:  Uncaught mysqli_sql_exception: Unknown column 'patientId' in 'field list' in C:\\Users\\kotha\\Desktop\\SE\\Xamp\\htdocs\\get_mbills.php:21\nStack trace:\n#0 C:\\Users\\kotha\\Desktop\\SE\\Xamp\\htdocs\\get_mbills.php(21): mysqli->query('SELECT patientI...')\n#1 C:\\Users\\kotha\\Desktop\\SE\\Xamp\\htdocs\\get_mbills.php(35): fetchBillData(Object(mysqli))\n#2 {main}\n  thrown in C:\\Users\\kotha\\Desktop\\SE\\Xamp\\htdocs\\get_mbills.php on line 21, referer: http://localhost/medical_success.html
[Sat May 04 05:46:56.483241 2024] [ssl:warn] [pid 18224:tid 384] AH01909: www.example.com:443:0 server certificate does NOT include an ID which matches the server name
[Sat May 04 05:46:56.510865 2024] [core:warn] [pid 18224:tid 384] AH00098: pid file C:/Users/kotha/Desktop/SE/Xamp/apache/logs/httpd.pid overwritten -- Unclean shutdown of previous Apache run?
[Sat May 04 05:46:56.515393 2024] [ssl:warn] [pid 18224:tid 384] AH01909: www.example.com:443:0 server certificate does NOT include an ID which matches the server name
[Sat May 04 05:46:56.782741 2024] [mpm_winnt:notice] [pid 18224:tid 384] AH00455: Apache/2.4.58 (Win64) OpenSSL/3.1.3 PHP/8.2.12 configured -- resuming normal operations
[Sat May 04 05:46:56.782741 2024] [mpm_winnt:notice] [pid 18224:tid 384] AH00456: Apache Lounge VS17 Server built: Oct 18 2023 13:03:18
[Sat May 04 05:46:56.782741 2024] [core:notice] [pid 18224:tid 384] AH00094: Command line: 'c:\\users\\kotha\\desktop\\se\\xamp\\apache\\bin\\httpd.exe -d C:/Users/kotha/Desktop/SE/Xamp/apache'
[Sat May 04 05:46:56.794873 2024] [mpm_winnt:notice] [pid 18224:tid 384] AH00418: Parent: Created child process 24580
[Sat May 04 05:46:56.987721 2024] [ssl:warn] [pid 24580:tid 384] AH01909: www.example.com:443:0 server certificate does NOT include an ID which matches the server name
[Sat May 04 05:46:57.007464 2024] [ssl:warn] [pid 24580:tid 384] AH01909: www.example.com:443:0 server certificate does NOT include an ID which matches the server name
[Sat May 04 05:46:57.026842 2024] [mpm_winnt:notice] [pid 24580:tid 384] AH00354: Child: Starting 150 worker threads.
[Sat May 04 17:15:45.261015 2024] [php:error] [pid 24580:tid 1884] [client ::1:53249] PHP Fatal error:  Uncaught mysqli_sql_exception: Unknown column 'patientId' in 'where clause' in C:\\Users\\kotha\\Desktop\\SE\\Xamp\\htdocs\\check_results.php:24\nStack trace:\n#0 C:\\Users\\kotha\\Desktop\\SE\\Xamp\\htdocs\\check_results.php(24): mysqli->query('SELECT * FROM m...')\n#1 {main}\n  thrown in C:\\Users\\kotha\\Desktop\\SE\\Xamp\\htdocs\\check_results.php on line 24, referer: http://localhost/insurance_success.html
[Sat May 04 17:18:34.184407 2024] [php:warn] [pid 24580:tid 1916] [client ::1:53334] PHP Warning:  Undefined variable $patient_id in C:\\Users\\kotha\\Desktop\\SE\\Xamp\\htdocs\\check_results.php on line 23, referer: http://localhost/insurance_success.html
[Sat May 04 17:18:34.184407 2024] [php:warn] [pid 24580:tid 1916] [client ::1:53334] PHP Warning:  Undefined variable $patient_name in C:\\Users\\kotha\\Desktop\\SE\\Xamp\\htdocs\\check_results.php on line 23, referer: http://localhost/insurance_success.html
[Sat May 04 17:18:34.184407 2024] [php:warn] [pid 24580:tid 1916] [client ::1:53334] PHP Warning:  Undefined variable $bill_type in C:\\Users\\kotha\\Desktop\\SE\\Xamp\\htdocs\\check_results.php on line 23, referer: http://localhost/insurance_success.html
[Sat May 04 17:18:34.185404 2024] [php:error] [pid 24580:tid 1916] [client ::1:53334] PHP Fatal error:  Uncaught mysqli_sql_exception: Unknown column 'patientId' in 'where clause' in C:\\Users\\kotha\\Desktop\\SE\\Xamp\\htdocs\\check_results.php:24\nStack trace:\n#0 C:\\Users\\kotha\\Desktop\\SE\\Xamp\\htdocs\\check_results.php(24): mysqli->query('SELECT * FROM m...')\n#1 {main}\n  thrown in C:\\Users\\kotha\\Desktop\\SE\\Xamp\\htdocs\\check_results.php on line 24, referer: http://localhost/insurance_success.html
[Sat May 04 17:19:37.888302 2024] [php:error] [pid 24580:tid 1916] [client ::1:53340] PHP Fatal error:  Uncaught mysqli_sql_exception: Unknown column 'patientId' in 'where clause' in C:\\Users\\kotha\\Desktop\\SE\\Xamp\\htdocs\\check_results.php:24\nStack trace:\n#0 C:\\Users\\kotha\\Desktop\\SE\\Xamp\\htdocs\\check_results.php(24): mysqli->query('SELECT * FROM m...')\n#1 {main}\n  thrown in C:\\Users\\kotha\\Desktop\\SE\\Xamp\\htdocs\\check_results.php on line 24, referer: http://localhost/insurance_success.html
[Sat May 04 17:20:09.690297 2024] [php:error] [pid 24580:tid 1884] [client ::1:53342] PHP Fatal error:  Uncaught mysqli_sql_exception: Unknown column 'patientId' in 'where clause' in C:\\Users\\kotha\\Desktop\\SE\\Xamp\\htdocs\\check_results.php:24\nStack trace:\n#0 C:\\Users\\kotha\\Desktop\\SE\\Xamp\\htdocs\\check_results.php(24): mysqli->query('SELECT * FROM m...')\n#1 {main}\n  thrown in C:\\Users\\kotha\\Desktop\\SE\\Xamp\\htdocs\\check_results.php on line 24, referer: http://localhost/insurance_success.html
[Sat May 04 17:20:46.116839 2024] [php:warn] [pid 24580:tid 1916] [client ::1:53347] PHP Warning:  Undefined variable $patientid in C:\\Users\\kotha\\Desktop\\SE\\Xamp\\htdocs\\check_results.php on line 23, referer: http://localhost/insurance_success.html
[Sat May 04 17:20:46.116839 2024] [php:error] [pid 24580:tid 1916] [client ::1:53347] PHP Fatal error:  Uncaught mysqli_sql_exception: Unknown column 'patientId' in 'where clause' in C:\\Users\\kotha\\Desktop\\SE\\Xamp\\htdocs\\check_results.php:24\nStack trace:\n#0 C:\\Users\\kotha\\Desktop\\SE\\Xamp\\htdocs\\check_results.php(24): mysqli->query('SELECT * FROM m...')\n#1 {main}\n  thrown in C:\\Users\\kotha\\Desktop\\SE\\Xamp\\htdocs\\check_results.php on line 24, referer: http://localhost/insurance_success.html
[Sat May 04 19:25:24.453113 2024] [php:error] [pid 24580:tid 1884] [client ::1:53575] PHP Fatal error:  Uncaught mysqli_sql_exception: Unknown column 'patientId' in 'where clause' in C:\\Users\\kotha\\Desktop\\SE\\Xamp\\htdocs\\check_results.php:24\nStack trace:\n#0 C:\\Users\\kotha\\Desktop\\SE\\Xamp\\htdocs\\check_results.php(24): mysqli->query('SELECT * FROM m...')\n#1 {main}\n  thrown in C:\\Users\\kotha\\Desktop\\SE\\Xamp\\htdocs\\check_results.php on line 24, referer: http://localhost/insurance_success.html
[Sat May 04 19:29:19.976797 2024] [php:error] [pid 24580:tid 1884] [client ::1:53595] PHP Fatal error:  Uncaught mysqli_sql_exception: Unknown column 'patientId' in 'where clause' in C:\\Users\\kotha\\Desktop\\SE\\Xamp\\htdocs\\check_results.php:24\nStack trace:\n#0 C:\\Users\\kotha\\Desktop\\SE\\Xamp\\htdocs\\check_results.php(24): mysqli->query('SELECT * FROM m...')\n#1 {main}\n  thrown in C:\\Users\\kotha\\Desktop\\SE\\Xamp\\htdocs\\check_results.php on line 24, referer: http://localhost/insurance_success.html
[Sat May 04 19:30:21.721161 2024] [php:error] [pid 24580:tid 1916] [client ::1:53610] PHP Fatal error:  Uncaught mysqli_sql_exception: Unknown column 'patientId' in 'where clause' in C:\\Users\\kotha\\Desktop\\SE\\Xamp\\htdocs\\check_results.php:24\nStack trace:\n#0 C:\\Users\\kotha\\Desktop\\SE\\Xamp\\htdocs\\check_results.php(24): mysqli->query('SELECT * FROM m...')\n#1 {main}\n  thrown in C:\\Users\\kotha\\Desktop\\SE\\Xamp\\htdocs\\check_results.php on line 24, referer: http://localhost/insurance_success.html
[Sat May 04 19:35:37.706272 2024] [php:error] [pid 24580:tid 1884] [client ::1:53622] PHP Fatal error:  Uncaught mysqli_sql_exception: Table 'mdetails.bills' doesn't exist in C:\\Users\\kotha\\Desktop\\SE\\Xamp\\htdocs\\check_results.php:28\nStack trace:\n#0 C:\\Users\\kotha\\Desktop\\SE\\Xamp\\htdocs\\check_results.php(28): mysqli->query('SELECT * FROM b...')\n#1 {main}\n  thrown in C:\\Users\\kotha\\Desktop\\SE\\Xamp\\htdocs\\check_results.php on line 28, referer: http://localhost/insurance_success.html
[Sat May 04 19:37:56.764581 2024] [php:error] [pid 24580:tid 1916] [client ::1:53639] PHP Fatal error:  Uncaught mysqli_sql_exception: Table 'mdetails.bills' doesn't exist in C:\\Users\\kotha\\Desktop\\SE\\Xamp\\htdocs\\check_results.php:28\nStack trace:\n#0 C:\\Users\\kotha\\Desktop\\SE\\Xamp\\htdocs\\check_results.php(28): mysqli->query('SELECT * FROM b...')\n#1 {main}\n  thrown in C:\\Users\\kotha\\Desktop\\SE\\Xamp\\htdocs\\check_results.php on line 28, referer: http://localhost/insurance_success.html
[Sat May 04 19:41:22.281210 2024] [php:error] [pid 24580:tid 1884] [client ::1:53655] PHP Fatal error:  Uncaught mysqli_sql_exception: Unknown database 'patients' in C:\\Users\\kotha\\Desktop\\SE\\Xamp\\htdocs\\check_results.php:9\nStack trace:\n#0 C:\\Users\\kotha\\Desktop\\SE\\Xamp\\htdocs\\check_results.php(9): mysqli->__construct('localhost', 'root', Object(SensitiveParameterValue), 'patients')\n#1 {main}\n  thrown in C:\\Users\\kotha\\Desktop\\SE\\Xamp\\htdocs\\check_results.php on line 9, referer: http://localhost/insurance_success.html
[Sat May 04 19:42:09.053858 2024] [php:error] [pid 24580:tid 1916] [client ::1:53717] PHP Fatal error:  Uncaught mysqli_sql_exception: Table 'patient.mbills' doesn't exist in C:\\Users\\kotha\\Desktop\\SE\\Xamp\\htdocs\\check_results.php:24\nStack trace:\n#0 C:\\Users\\kotha\\Desktop\\SE\\Xamp\\htdocs\\check_results.php(24): mysqli->query('SELECT * FROM m...')\n#1 {main}\n  thrown in C:\\Users\\kotha\\Desktop\\SE\\Xamp\\htdocs\\check_results.php on line 24, referer: http://localhost/insurance_success.html
[Sat May 04 19:46:22.438059 2024] [php:error] [pid 24580:tid 1916] [client ::1:53880] PHP Fatal error:  Uncaught mysqli_sql_exception: Table 'mdetails.bills' doesn't exist in C:\\Users\\kotha\\Desktop\\SE\\Xamp\\htdocs\\check_results.php:28\nStack trace:\n#0 C:\\Users\\kotha\\Desktop\\SE\\Xamp\\htdocs\\check_results.php(28): mysqli->query('SELECT * FROM b...')\n#1 {main}\n  thrown in C:\\Users\\kotha\\Desktop\\SE\\Xamp\\htdocs\\check_results.php on line 28, referer: http://localhost/insurance_success.html
[Sat May 04 19:48:30.154023 2024] [php:error] [pid 24580:tid 1916] [client ::1:53891] PHP Fatal error:  Uncaught mysqli_sql_exception: Unknown column 'patientName' in 'where clause' in C:\\Users\\kotha\\Desktop\\SE\\Xamp\\htdocs\\check_results.php:40\nStack trace:\n#0 C:\\Users\\kotha\\Desktop\\SE\\Xamp\\htdocs\\check_results.php(40): mysqli->query('SELECT * FROM b...')\n#1 {main}\n  thrown in C:\\Users\\kotha\\Desktop\\SE\\Xamp\\htdocs\\check_results.php on line 40, referer: http://localhost/insurance_success.html
[Sat May 04 19:52:23.884522 2024] [php:warn] [pid 24580:tid 1872] [client ::1:53916] PHP Warning:  Undefined variable $username in C:\\Users\\kotha\\Desktop\\SE\\Xamp\\htdocs\\check_results.php on line 39, referer: http://localhost/insurance_success.html
[Sat May 04 19:52:23.884765 2024] [php:error] [pid 24580:tid 1872] [client ::1:53916] PHP Fatal error:  Uncaught mysqli_sql_exception: Unknown column 'bill_type' in 'where clause' in C:\\Users\\kotha\\Desktop\\SE\\Xamp\\htdocs\\check_results.php:40\nStack trace:\n#0 C:\\Users\\kotha\\Desktop\\SE\\Xamp\\htdocs\\check_results.php(40): mysqli->query('SELECT * FROM b...')\n#1 {main}\n  thrown in C:\\Users\\kotha\\Desktop\\SE\\Xamp\\htdocs\\check_results.php on line 40, referer: http://localhost/insurance_success.html
[Sat May 04 19:53:16.719178 2024] [php:error] [pid 24580:tid 1884] [client ::1:53937] PHP Fatal error:  Uncaught mysqli_sql_exception: Unknown column 'bill_type' in 'where clause' in C:\\Users\\kotha\\Desktop\\SE\\Xamp\\htdocs\\check_results.php:40\nStack trace:\n#0 C:\\Users\\kotha\\Desktop\\SE\\Xamp\\htdocs\\check_results.php(40): mysqli->query('SELECT * FROM b...')\n#1 {main}\n  thrown in C:\\Users\\kotha\\Desktop\\SE\\Xamp\\htdocs\\check_results.php on line 40, referer: http://localhost/insurance_success.html
[Sat May 04 21:08:07.363885 2024] [php:error] [pid 24580:tid 1884] [client ::1:54319] PHP Fatal error:  Uncaught mysqli_sql_exception: Unknown column 'patientName' in 'where clause' in C:\\Users\\kotha\\Desktop\\SE\\Xamp\\htdocs\\check_results.php:40\nStack trace:\n#0 C:\\Users\\kotha\\Desktop\\SE\\Xamp\\htdocs\\check_results.php(40): mysqli->query('SELECT * FROM b...')\n#1 {main}\n  thrown in C:\\Users\\kotha\\Desktop\\SE\\Xamp\\htdocs\\check_results.php on line 40, referer: http://localhost/insurance_success.html
[Sat May 04 21:08:50.749116 2024] [php:error] [pid 24580:tid 1860] [client ::1:54326] PHP Fatal error:  Uncaught mysqli_sql_exception: Unknown column 'patientName' in 'where clause' in C:\\Users\\kotha\\Desktop\\SE\\Xamp\\htdocs\\check_results.php:40\nStack trace:\n#0 C:\\Users\\kotha\\Desktop\\SE\\Xamp\\htdocs\\check_results.php(40): mysqli->query('SELECT * FROM b...')\n#1 {main}\n  thrown in C:\\Users\\kotha\\Desktop\\SE\\Xamp\\htdocs\\check_results.php on line 40, referer: http://localhost/insurance_success.html
[Sat May 04 21:10:26.284440 2024] [php:error] [pid 24580:tid 1860] [client ::1:54390] PHP Fatal error:  Uncaught mysqli_sql_exception: Unknown column 'bill_type' in 'where clause' in C:\\Users\\kotha\\Desktop\\SE\\Xamp\\htdocs\\check_results.php:40\nStack trace:\n#0 C:\\Users\\kotha\\Desktop\\SE\\Xamp\\htdocs\\check_results.php(40): mysqli->query('SELECT * FROM b...')\n#1 {main}\n  thrown in C:\\Users\\kotha\\Desktop\\SE\\Xamp\\htdocs\\check_results.php on line 40, referer: http://localhost/insurance_success.html
[Sun May 05 07:00:44.278119 2024] [ssl:warn] [pid 23828:tid 356] AH01909: www.example.com:443:0 server certificate does NOT include an ID which matches the server name
[Sun May 05 07:00:44.304195 2024] [core:warn] [pid 23828:tid 356] AH00098: pid file C:/Users/kotha/Desktop/SE/Xamp/apache/logs/httpd.pid overwritten -- Unclean shutdown of previous Apache run?
[Sun May 05 07:00:44.306499 2024] [ssl:warn] [pid 23828:tid 356] AH01909: www.example.com:443:0 server certificate does NOT include an ID which matches the server name
[Sun May 05 07:00:44.332261 2024] [mpm_winnt:notice] [pid 23828:tid 356] AH00455: Apache/2.4.58 (Win64) OpenSSL/3.1.3 PHP/8.2.12 configured -- resuming normal operations
[Sun May 05 07:00:44.333257 2024] [mpm_winnt:notice] [pid 23828:tid 356] AH00456: Apache Lounge VS17 Server built: Oct 18 2023 13:03:18
[Sun May 05 07:00:44.333257 2024] [core:notice] [pid 23828:tid 356] AH00094: Command line: 'c:\\users\\kotha\\desktop\\se\\xamp\\apache\\bin\\httpd.exe -d C:/Users/kotha/Desktop/SE/Xamp/apache'
[Sun May 05 07:00:44.337408 2024] [mpm_winnt:notice] [pid 23828:tid 356] AH00418: Parent: Created child process 8164
[Sun May 05 07:00:44.536513 2024] [ssl:warn] [pid 8164:tid 368] AH01909: www.example.com:443:0 server certificate does NOT include an ID which matches the server name
[Sun May 05 07:00:44.559233 2024] [ssl:warn] [pid 8164:tid 368] AH01909: www.example.com:443:0 server certificate does NOT include an ID which matches the server name
[Sun May 05 07:00:44.582602 2024] [mpm_winnt:notice] [pid 8164:tid 368] AH00354: Child: Starting 150 worker threads.
[Mon May 06 10:44:56.135055 2024] [ssl:warn] [pid 15376:tid 360] AH01909: www.example.com:443:0 server certificate does NOT include an ID which matches the server name
[Mon May 06 10:44:56.166302 2024] [core:warn] [pid 15376:tid 360] AH00098: pid file C:/Users/kotha/Desktop/SE/Xamp/apache/logs/httpd.pid overwritten -- Unclean shutdown of previous Apache run?
[Mon May 06 10:44:56.166302 2024] [ssl:warn] [pid 15376:tid 360] AH01909: www.example.com:443:0 server certificate does NOT include an ID which matches the server name
[Mon May 06 10:44:56.415230 2024] [mpm_winnt:notice] [pid 15376:tid 360] AH00455: Apache/2.4.58 (Win64) OpenSSL/3.1.3 PHP/8.2.12 configured -- resuming normal operations
[Mon May 06 10:44:56.415230 2024] [mpm_winnt:notice] [pid 15376:tid 360] AH00456: Apache Lounge VS17 Server built: Oct 18 2023 13:03:18
[Mon May 06 10:44:56.415230 2024] [core:notice] [pid 15376:tid 360] AH00094: Command line: 'c:\\users\\kotha\\desktop\\se\\xamp\\apache\\bin\\httpd.exe -d C:/Users/kotha/Desktop/SE/Xamp/apache'
[Mon May 06 10:44:56.415230 2024] [mpm_winnt:notice] [pid 15376:tid 360] AH00418: Parent: Created child process 11300
[Mon May 06 10:44:56.680798 2024] [ssl:warn] [pid 11300:tid 356] AH01909: www.example.com:443:0 server certificate does NOT include an ID which matches the server name
[Mon May 06 10:44:56.696421 2024] [ssl:warn] [pid 11300:tid 356] AH01909: www.example.com:443:0 server certificate does NOT include an ID which matches the server name
[Mon May 06 10:44:56.727667 2024] [mpm_winnt:notice] [pid 11300:tid 356] AH00354: Child: Starting 150 worker threads.
[Mon May 06 11:52:27.211247 2024] [php:warn] [pid 11300:tid 1888] [client 10.1.79.151:56998] PHP Warning:  Undefined array key "HTTP_HOST" in C:\\Users\\kotha\\Desktop\\SE\\Xamp\\htdocs\\index.php on line 7
[Tue May 07 14:53:11.184183 2024] [ssl:warn] [pid 12608:tid 368] AH01909: www.example.com:443:0 server certificate does NOT include an ID which matches the server name
[Tue May 07 14:53:11.199808 2024] [core:warn] [pid 12608:tid 368] AH00098: pid file C:/Users/kotha/Desktop/SE/Xamp/apache/logs/httpd.pid overwritten -- Unclean shutdown of previous Apache run?
[Tue May 07 14:53:11.215430 2024] [ssl:warn] [pid 12608:tid 368] AH01909: www.example.com:443:0 server certificate does NOT include an ID which matches the server name
[Tue May 07 14:53:11.451494 2024] [mpm_winnt:notice] [pid 12608:tid 368] AH00455: Apache/2.4.58 (Win64) OpenSSL/3.1.3 PHP/8.2.12 configured -- resuming normal operations
[Tue May 07 14:53:11.451494 2024] [mpm_winnt:notice] [pid 12608:tid 368] AH00456: Apache Lounge VS17 Server built: Oct 18 2023 13:03:18
[Tue May 07 14:53:11.451494 2024] [core:notice] [pid 12608:tid 368] AH00094: Command line: 'c:\\users\\kotha\\desktop\\se\\xamp\\apache\\bin\\httpd.exe -d C:/Users/kotha/Desktop/SE/Xamp/apache'
[Tue May 07 14:53:11.451494 2024] [mpm_winnt:notice] [pid 12608:tid 368] AH00418: Parent: Created child process 14936
[Tue May 07 14:53:11.721779 2024] [ssl:warn] [pid 14936:tid 360] AH01909: www.example.com:443:0 server certificate does NOT include an ID which matches the server name
[Tue May 07 14:53:11.748419 2024] [ssl:warn] [pid 14936:tid 360] AH01909: www.example.com:443:0 server certificate does NOT include an ID which matches the server name
[Tue May 07 14:53:11.771745 2024] [mpm_winnt:notice] [pid 14936:tid 360] AH00354: Child: Starting 150 worker threads.
[Tue May 07 15:41:21.590712 2024] [ssl:warn] [pid 4428:tid 360] AH01909: www.example.com:443:0 server certificate does NOT include an ID which matches the server name
[Tue May 07 15:41:21.612802 2024] [core:warn] [pid 4428:tid 360] AH00098: pid file C:/Users/kotha/Desktop/SE/Xamp/apache/logs/httpd.pid overwritten -- Unclean shutdown of previous Apache run?
[Tue May 07 15:41:21.620219 2024] [ssl:warn] [pid 4428:tid 360] AH01909: www.example.com:443:0 server certificate does NOT include an ID which matches the server name
[Tue May 07 15:41:21.642723 2024] [mpm_winnt:notice] [pid 4428:tid 360] AH00455: Apache/2.4.58 (Win64) OpenSSL/3.1.3 PHP/8.2.12 configured -- resuming normal operations
[Tue May 07 15:41:21.642723 2024] [mpm_winnt:notice] [pid 4428:tid 360] AH00456: Apache Lounge VS17 Server built: Oct 18 2023 13:03:18
[Tue May 07 15:41:21.642723 2024] [core:notice] [pid 4428:tid 360] AH00094: Command line: 'c:\\users\\kotha\\desktop\\se\\xamp\\apache\\bin\\httpd.exe -d C:/Users/kotha/Desktop/SE/Xamp/apache'
[Tue May 07 15:41:21.657151 2024] [mpm_winnt:notice] [pid 4428:tid 360] AH00418: Parent: Created child process 27652
[Tue May 07 15:41:21.843988 2024] [ssl:warn] [pid 27652:tid 388] AH01909: www.example.com:443:0 server certificate does NOT include an ID which matches the server name
[Tue May 07 15:41:21.864799 2024] [ssl:warn] [pid 27652:tid 388] AH01909: www.example.com:443:0 server certificate does NOT include an ID which matches the server name
[Tue May 07 15:41:21.882110 2024] [mpm_winnt:notice] [pid 27652:tid 388] AH00354: Child: Starting 150 worker threads.
[Tue May 07 15:43:15.592453 2024] [php:warn] [pid 27652:tid 1888] [client ::1:62158] PHP Warning:  preg_match(): Allocation of JIT memory failed, PCRE JIT will be disabled. This is likely caused by security restrictions. Either grant PHP permission to allocate executable memory, or set pcre.jit=0 in C:\\Users\\kotha\\Desktop\\SE\\Xamp\\phpMyAdmin\\vendor\\slim\\psr7\\src\\Factory\\UriFactory.php on line 82
[Tue May 07 15:45:58.844724 2024] [php:error] [pid 27652:tid 1876] [client ::1:62273] PHP Fatal error:  Uncaught PDOException: SQLSTATE[HY000] [1045] Access denied for user 'root'@'localhost' (using password: NO) in C:\\Users\\kotha\\Desktop\\SE\\Xamp\\htdocs\\project\\components\\connect.php:7\nStack trace:\n#0 C:\\Users\\kotha\\Desktop\\SE\\Xamp\\htdocs\\project\\components\\connect.php(7): PDO->__construct('mysql:host=loca...', 'root', Object(SensitiveParameterValue))\n#1 C:\\Users\\kotha\\Desktop\\SE\\Xamp\\htdocs\\project\\login.php(3): include('C:\\\\Users\\\\kotha\\\\...')\n#2 {main}\n  thrown in C:\\Users\\kotha\\Desktop\\SE\\Xamp\\htdocs\\project\\components\\connect.php on line 7
[Tue May 07 16:14:19.380008 2024] [ssl:warn] [pid 3928:tid 400] AH01909: www.example.com:443:0 server certificate does NOT include an ID which matches the server name
[Tue May 07 16:14:19.402100 2024] [core:warn] [pid 3928:tid 400] AH00098: pid file C:/Users/kotha/Desktop/SE/Xamp/apache/logs/httpd.pid overwritten -- Unclean shutdown of previous Apache run?
[Tue May 07 16:14:19.402100 2024] [ssl:warn] [pid 3928:tid 400] AH01909: www.example.com:443:0 server certificate does NOT include an ID which matches the server name
[Tue May 07 16:14:19.428082 2024] [mpm_winnt:notice] [pid 3928:tid 400] AH00455: Apache/2.4.58 (Win64) OpenSSL/3.1.3 PHP/8.2.12 configured -- resuming normal operations
[Tue May 07 16:14:19.428082 2024] [mpm_winnt:notice] [pid 3928:tid 400] AH00456: Apache Lounge VS17 Server built: Oct 18 2023 13:03:18
[Tue May 07 16:14:19.428082 2024] [core:notice] [pid 3928:tid 400] AH00094: Command line: 'c:\\users\\kotha\\desktop\\se\\xamp\\apache\\bin\\httpd.exe -d C:/Users/kotha/Desktop/SE/Xamp/apache'
[Tue May 07 16:14:19.428082 2024] [mpm_winnt:notice] [pid 3928:tid 400] AH00418: Parent: Created child process 25696
[Tue May 07 16:14:19.633272 2024] [ssl:warn] [pid 25696:tid 356] AH01909: www.example.com:443:0 server certificate does NOT include an ID which matches the server name
[Tue May 07 16:14:19.650990 2024] [ssl:warn] [pid 25696:tid 356] AH01909: www.example.com:443:0 server certificate does NOT include an ID which matches the server name
[Tue May 07 16:14:19.680857 2024] [mpm_winnt:notice] [pid 25696:tid 356] AH00354: Child: Starting 150 worker threads.
[Wed May 08 16:24:14.839591 2024] [ssl:warn] [pid 14748:tid 392] AH01909: www.example.com:443:0 server certificate does NOT include an ID which matches the server name
[Wed May 08 16:24:14.872404 2024] [core:warn] [pid 14748:tid 392] AH00098: pid file C:/Users/kotha/Desktop/SE/Xamp/apache/logs/httpd.pid overwritten -- Unclean shutdown of previous Apache run?
[Wed May 08 16:24:14.876393 2024] [ssl:warn] [pid 14748:tid 392] AH01909: www.example.com:443:0 server certificate does NOT include an ID which matches the server name
[Wed May 08 16:24:15.187329 2024] [mpm_winnt:notice] [pid 14748:tid 392] AH00455: Apache/2.4.58 (Win64) OpenSSL/3.1.3 PHP/8.2.12 configured -- resuming normal operations
[Wed May 08 16:24:15.187329 2024] [mpm_winnt:notice] [pid 14748:tid 392] AH00456: Apache Lounge VS17 Server built: Oct 18 2023 13:03:18
[Wed May 08 16:24:15.187329 2024] [core:notice] [pid 14748:tid 392] AH00094: Command line: 'c:\\users\\kotha\\desktop\\se\\xamp\\apache\\bin\\httpd.exe -d C:/Users/kotha/Desktop/SE/Xamp/apache'
[Wed May 08 16:24:15.194307 2024] [mpm_winnt:notice] [pid 14748:tid 392] AH00418: Parent: Created child process 15748
[Wed May 08 16:24:15.526828 2024] [ssl:warn] [pid 15748:tid 380] AH01909: www.example.com:443:0 server certificate does NOT include an ID which matches the server name
[Wed May 08 16:24:15.550173 2024] [ssl:warn] [pid 15748:tid 380] AH01909: www.example.com:443:0 server certificate does NOT include an ID which matches the server name
[Wed May 08 16:24:15.577584 2024] [mpm_winnt:notice] [pid 15748:tid 380] AH00354: Child: Starting 150 worker threads.
[Thu May 09 10:33:26.546909 2024] [ssl:warn] [pid 19148:tid 364] AH01909: www.example.com:443:0 server certificate does NOT include an ID which matches the server name
[Thu May 09 10:33:26.609411 2024] [core:warn] [pid 19148:tid 364] AH00098: pid file C:/Users/kotha/Desktop/SE/Xamp/apache/logs/httpd.pid overwritten -- Unclean shutdown of previous Apache run?
[Thu May 09 10:33:26.609411 2024] [ssl:warn] [pid 19148:tid 364] AH01909: www.example.com:443:0 server certificate does NOT include an ID which matches the server name
[Thu May 09 10:33:27.145047 2024] [mpm_winnt:notice] [pid 19148:tid 364] AH00455: Apache/2.4.58 (Win64) OpenSSL/3.1.3 PHP/8.2.12 configured -- resuming normal operations
[Thu May 09 10:33:27.145047 2024] [mpm_winnt:notice] [pid 19148:tid 364] AH00456: Apache Lounge VS17 Server built: Oct 18 2023 13:03:18
[Thu May 09 10:33:27.145047 2024] [core:notice] [pid 19148:tid 364] AH00094: Command line: 'c:\\users\\kotha\\desktop\\se\\xamp\\apache\\bin\\httpd.exe -d C:/Users/kotha/Desktop/SE/Xamp/apache'
[Thu May 09 10:33:27.160676 2024] [mpm_winnt:notice] [pid 19148:tid 364] AH00418: Parent: Created child process 10792
[Thu May 09 10:33:27.736889 2024] [ssl:warn] [pid 10792:tid 352] AH01909: www.example.com:443:0 server certificate does NOT include an ID which matches the server name
[Thu May 09 10:33:27.776266 2024] [ssl:warn] [pid 10792:tid 352] AH01909: www.example.com:443:0 server certificate does NOT include an ID which matches the server name
[Thu May 09 10:33:27.807473 2024] [mpm_winnt:notice] [pid 10792:tid 352] AH00354: Child: Starting 150 worker threads.
[Thu May 09 14:16:54.983778 2024] [ssl:warn] [pid 35056:tid 208] AH01909: www.example.com:443:0 server certificate does NOT include an ID which matches the server name
[Thu May 09 14:16:55.011654 2024] [core:warn] [pid 35056:tid 208] AH00098: pid file C:/Users/kotha/Desktop/SE/Xamp/apache/logs/httpd.pid overwritten -- Unclean shutdown of previous Apache run?
[Thu May 09 14:16:55.011654 2024] [ssl:warn] [pid 35056:tid 208] AH01909: www.example.com:443:0 server certificate does NOT include an ID which matches the server name
[Thu May 09 14:16:55.309591 2024] [mpm_winnt:notice] [pid 35056:tid 208] AH00455: Apache/2.4.58 (Win64) OpenSSL/3.1.3 PHP/8.2.12 configured -- resuming normal operations
[Thu May 09 14:16:55.309591 2024] [mpm_winnt:notice] [pid 35056:tid 208] AH00456: Apache Lounge VS17 Server built: Oct 18 2023 13:03:18
[Thu May 09 14:16:55.309591 2024] [core:notice] [pid 35056:tid 208] AH00094: Command line: 'c:\\users\\kotha\\desktop\\se\\xamp\\apache\\bin\\httpd.exe -d C:/Users/kotha/Desktop/SE/Xamp/apache'
[Thu May 09 14:16:55.309591 2024] [mpm_winnt:notice] [pid 35056:tid 208] AH00418: Parent: Created child process 8044
[Thu May 09 14:16:55.608126 2024] [ssl:warn] [pid 8044:tid 396] AH01909: www.example.com:443:0 server certificate does NOT include an ID which matches the server name
[Thu May 09 14:16:55.639365 2024] [ssl:warn] [pid 8044:tid 396] AH01909: www.example.com:443:0 server certificate does NOT include an ID which matches the server name
[Thu May 09 14:16:55.683728 2024] [mpm_winnt:notice] [pid 8044:tid 396] AH00354: Child: Starting 150 worker threads.
